#-----------------------------------------------------------
# Vivado v2025.2 (64-bit)
# SW Build 6299465 on Fri Nov 14 19:35:11 GMT 2025
# IP Build 6300035 on Fri Nov 14 10:48:45 MST 2025
# SharedData Build 6298862 on Thu Nov 13 04:50:51 MST 2025
# Start of session at: Sat Apr 25 23:40:32 2026
# Process ID         : 23360
# Current directory  : C:/Users/57778/Desktop/sobel/sobel/sobel_top/hls/impl/ip
# Command line       : vivado.exe -notrace -mode batch -source run_ippack.tcl
# Log file           : C:/Users/57778/Desktop/sobel/sobel/sobel_top/hls/impl/ip/vivado.log
# Journal file       : C:/Users/57778/Desktop/sobel/sobel/sobel_top/hls/impl/ip\vivado.jou
# Running On         : LAPTOP-MG1ABMI7
# Platform           : Windows Server 2016 or Windows 10
# Operating System   : 19045
# Processor Detail   : AMD Ryzen 9 4900HS with Radeon Graphics         
# CPU Frequency      : 2994 MHz
# CPU Physical cores : 8
# CPU Logical cores  : 16
# Host memory        : 16556 MB
# Swap memory        : 12884 MB
# Total Virtual      : 29441 MB
# Available Virtual  : 10340 MB
#-----------------------------------------------------------
source run_ippack.tcl -notrace
INFO: calling package_hls_ip ip_types=vitis sysgen json_file=C:/Users/57778/Desktop/sobel/sobel/sobel_top/hls/hls_data.json outdir=C:/Users/57778/Desktop/sobel/sobel/sobel_top/hls/impl/ip srcdir=C:/Users/57778/Desktop/sobel/sobel/sobel_top/hls ippack_options_dict= ippack_options_dict=
INFO: Copied 1 ipmisc file(s) to C:/Users/57778/Desktop/sobel/sobel/sobel_top/hls/impl/ip/misc
INFO: Copied 14 verilog file(s) to C:/Users/57778/Desktop/sobel/sobel/sobel_top/hls/impl/ip/hdl/verilog
INFO: Copied 10 vhdl file(s) to C:/Users/57778/Desktop/sobel/sobel/sobel_top/hls/impl/ip/hdl/vhdl
INFO: Copied 10 swdriver file(s) to C:/Users/57778/Desktop/sobel/sobel/sobel_top/hls/impl/ip/drivers
ipx::create_core: Time (s): cpu = 00:00:15 ; elapsed = 00:00:12 . Memory (MB): peak = 546.527 ; gain = 215.645
INFO: Import ports from HDL: C:/Users/57778/Desktop/sobel/sobel/sobel_top/hls/impl/ip/hdl/vhdl/sobel_top.vhd (sobel_top)
INFO: Add axi4lite interface s_axi_CTRL
INFO: Add clock interface ap_clk
INFO: Add reset interface ap_rst_n
INFO: Add interrupt interface interrupt
INFO: [IP_Flow 19-234] Refreshing IP repositories
INFO: [IP_Flow 19-1704] No user IP repositories specified
INFO: [IP_Flow 19-2313] Loaded Vivado IP repository 'C:/AMDDesignTools/2025.2/Vivado/data/ip'.
INFO: Add axi4stream interface in_stream
INFO: Add axi4stream interface out_stream
INFO: Calling post_process_vitis to specialize IP
INFO: Calling post_process_sysgen to specialize IP
Generating sysgen info xml from json file
INFO: Created IP C:/Users/57778/Desktop/sobel/sobel/sobel_top/hls/impl/ip/component.xml
INFO: Created IP archive C:/Users/57778/Desktop/sobel/sobel/sobel_top/hls/impl/ip/xilinx_com_hls_sobel_top_1_0.zip
INFO: [Common 17-206] Exiting Vivado at Sat Apr 25 23:40:55 2026...
