  **** HLS Build v2025.2 6295257
INFO: [HLS 200-2005] Using work_dir C:/Users/57778/Desktop/sobel/sobel/sobel_top 
INFO: [HLS 200-2176] Writing Vitis IDE component file C:/Users/57778/Desktop/sobel/sobel/sobel_top/vitis-comp.json
INFO: [HLS 200-10] Creating and opening component 'C:/Users/57778/Desktop/sobel/sobel/sobel_top'.
INFO: [HLS 200-1505] Using default flow_target 'vivado'
Resolution: For help on HLS 200-1505 see docs.amd.com/access/sources/dita/topic?Doc_Version=2025.2%20English&url=ug1448-hls-guidance&resourceid=200-1505.html
INFO: [HLS 200-2174] Applying component config ini file hls_config.cfg
INFO: [HLS 200-1465] Applying config ini 'syn.file=../src/sobel.hpp' from hls_config.cfg(10)
INFO: [HLS 200-10] Adding design file 'C:/Users/57778/Desktop/sobel/src/sobel.hpp' to the project
INFO: [HLS 200-1465] Applying config ini 'syn.file=../src/sobel_core.cpp' from hls_config.cfg(11)
INFO: [HLS 200-10] Adding design file 'C:/Users/57778/Desktop/sobel/src/sobel_core.cpp' to the project
INFO: [HLS 200-1465] Applying config ini 'syn.file=../src/sobel_top.cpp' from hls_config.cfg(12)
INFO: [HLS 200-10] Adding design file 'C:/Users/57778/Desktop/sobel/src/sobel_top.cpp' to the project
INFO: [HLS 200-1465] Applying config ini 'syn.file=../src/window_generator.cpp' from hls_config.cfg(13)
INFO: [HLS 200-10] Adding design file 'C:/Users/57778/Desktop/sobel/src/window_generator.cpp' to the project
INFO: [HLS 200-1465] Applying config ini 'syn.file=../src/sobel_ref.cpp' from hls_config.cfg(14)
INFO: [HLS 200-10] Adding design file 'C:/Users/57778/Desktop/sobel/src/sobel_ref.cpp' to the project
INFO: [HLS 200-1465] Applying config ini 'tb.file=../tb/tb_sobel.cpp' from hls_config.cfg(8)
INFO: [HLS 200-10] Adding test bench file 'C:/Users/57778/Desktop/sobel/tb/tb_sobel.cpp' to the project
INFO: [HLS 200-1465] Applying config ini 'syn.top=sobel_top' from hls_config.cfg(7)
INFO: [HLS 200-1465] Applying config ini 'flow_target=vivado' from hls_config.cfg(4)
INFO: [HLS 200-1505] Using flow_target 'vivado'
Resolution: For help on HLS 200-1505 see docs.amd.com/access/sources/dita/topic?Doc_Version=2025.2%20English&url=ug1448-hls-guidance&resourceid=200-1505.html
INFO: [HLS 200-1465] Applying config ini 'part=xc7z020clg400-1' from hls_config.cfg(1)
INFO: [HLS 200-1611] Setting target device to 'xc7z020-clg400-1'
INFO: [HLS 200-1465] Applying config ini 'clock=250Mhz' from hls_config.cfg(9)
INFO: [SYN 201-201] Setting up clock 'default' with a period of 4ns.
INFO: [HLS 200-1465] Applying config ini 'package.output.format=ip_catalog' from hls_config.cfg(5)
INFO: [HLS 200-2176] Writing Vitis IDE component file C:/Users/57778/Desktop/sobel/sobel/sobel_top/vitis-comp.json
INFO: [SIM 211-2] *************** CSIM start ***************
INFO: [HLS 200-2191] C-Simulation will use clang-16 as the compiler
INFO: [HLS 200-2036] Building debug C Simulation binaries
   Compiling ../../../../../tb/tb_sobel.cpp in debug mode
   Compiling ../../../../../src/sobel_ref.cpp in debug mode
   Compiling ../../../../../src/window_generator.cpp in debug mode
   Compiling ../../../../../src/sobel_top.cpp in debug mode
   Compiling ../../../../../src/sobel_core.cpp in debug mode
   Generating csim.exe
In file included from ../../../../../tb/tb_sobel.cpp:1:
In file included from ../../../../../tb/../src/sobel.hpp:5:
In file included from C:/AMDDesignTools/2025.2/Vitis/include\ap_axi_sdata.h:15:
In file included from C:/AMDDesignTools/2025.2/Vitis/include/ap_int.h:10:
In file included from C:/AMDDesignTools/2025.2/Vitis/include\etc/ap_common.h:668:
In file included from C:/AMDDesignTools/2025.2/Vitis/include\etc/ap_private.h:68:
In file included from C:/AMDDesignTools/2025.2/Vitis/include\hls_half.h:26:
In file included from C:/AMDDesignTools/2025.2/Vitis/include/etc/hls_half_fpo.h:19:
In file included from C:/AMDDesignTools/2025.2/Vitis/include\hls_fpo.h:140:
In file included from C:/AMDDesignTools/2025.2/Vitis/include/floating_point_v7_1_bitacc_cmodel.h:150:
C:/AMDDesignTools/2025.2/Vitis/include\gmp.h:58:9: warning: '__GMP_LIBGMP_DLL' macro redefined [-Wmacro-redefined]
#define __GMP_LIBGMP_DLL  0
        ^
C:/AMDDesignTools/2025.2/Vitis/include/floating_point_v7_1_bitacc_cmodel.h:142:9: note: previous definition is here
#define __GMP_LIBGMP_DLL 1
        ^
1 warning generated.
In file included from ../../../../../src/sobel_ref.cpp:1:
In file included from ../../../../../src/sobel.hpp:5:
In file included from C:/AMDDesignTools/2025.2/Vitis/include\ap_axi_sdata.h:15:
In file included from C:/AMDDesignTools/2025.2/Vitis/include/ap_int.h:10:
In file included from C:/AMDDesignTools/2025.2/Vitis/include\etc/ap_common.h:668:
In file included from C:/AMDDesignTools/2025.2/Vitis/include\etc/ap_private.h:68:
In file included from C:/AMDDesignTools/2025.2/Vitis/include\hls_half.h:26:
In file included from C:/AMDDesignTools/2025.2/Vitis/include/etc/hls_half_fpo.h:19:
In file included from C:/AMDDesignTools/2025.2/Vitis/include\hls_fpo.h:140:
In file included from C:/AMDDesignTools/2025.2/Vitis/include/floating_point_v7_1_bitacc_cmodel.h:150:
C:/AMDDesignTools/2025.2/Vitis/include\gmp.h:58:9: warning: '__GMP_LIBGMP_DLL' macro redefined [-Wmacro-redefined]
#define __GMP_LIBGMP_DLL  0
        ^
C:/AMDDesignTools/2025.2/Vitis/include/floating_point_v7_1_bitacc_cmodel.h:142:9: note: previous definition is here
#define __GMP_LIBGMP_DLL 1
        ^
1 warning generated.
In file included from ../../../../../src/window_generator.cpp:1:
In file included from ../../../../../src/sobel.hpp:5:
In file included from C:/AMDDesignTools/2025.2/Vitis/include\ap_axi_sdata.h:15:
In file included from C:/AMDDesignTools/2025.2/Vitis/include/ap_int.h:10:
In file included from C:/AMDDesignTools/2025.2/Vitis/include\etc/ap_common.h:668:
In file included from C:/AMDDesignTools/2025.2/Vitis/include\etc/ap_private.h:68:
In file included from C:/AMDDesignTools/2025.2/Vitis/include\hls_half.h:26:
In file included from C:/AMDDesignTools/2025.2/Vitis/include/etc/hls_half_fpo.h:19:
In file included from C:/AMDDesignTools/2025.2/Vitis/include\hls_fpo.h:140:
In file included from C:/AMDDesignTools/2025.2/Vitis/include/floating_point_v7_1_bitacc_cmodel.h:150:
C:/AMDDesignTools/2025.2/Vitis/include\gmp.h:58:9: warning: '__GMP_LIBGMP_DLL' macro redefined [-Wmacro-redefined]
#define __GMP_LIBGMP_DLL  0
        ^
C:/AMDDesignTools/2025.2/Vitis/include/floating_point_v7_1_bitacc_cmodel.h:142:9: note: previous definition is here
#define __GMP_LIBGMP_DLL 1
        ^
1 warning generated.
In file included from ../../../../../src/sobel_top.cpp:1:
In file included from ../../../../../src/sobel.hpp:5:
In file included from C:/AMDDesignTools/2025.2/Vitis/include\ap_axi_sdata.h:15:
In file included from C:/AMDDesignTools/2025.2/Vitis/include/ap_int.h:10:
In file included from C:/AMDDesignTools/2025.2/Vitis/include\etc/ap_common.h:668:
In file included from C:/AMDDesignTools/2025.2/Vitis/include\etc/ap_private.h:68:
In file included from C:/AMDDesignTools/2025.2/Vitis/include\hls_half.h:26:
In file included from C:/AMDDesignTools/2025.2/Vitis/include/etc/hls_half_fpo.h:19:
In file included from C:/AMDDesignTools/2025.2/Vitis/include\hls_fpo.h:140:
In file included from C:/AMDDesignTools/2025.2/Vitis/include/floating_point_v7_1_bitacc_cmodel.h:150:
C:/AMDDesignTools/2025.2/Vitis/include\gmp.h:58:9: warning: '__GMP_LIBGMP_DLL' macro redefined [-Wmacro-redefined]
#define __GMP_LIBGMP_DLL  0
        ^
C:/AMDDesignTools/2025.2/Vitis/include/floating_point_v7_1_bitacc_cmodel.h:142:9: note: previous definition is here
#define __GMP_LIBGMP_DLL 1
        ^
1 warning generated.
In file included from ../../../../../src/sobel_core.cpp:1:
In file included from ../../../../../src/sobel.hpp:5:
In file included from C:/AMDDesignTools/2025.2/Vitis/include\ap_axi_sdata.h:15:
In file included from C:/AMDDesignTools/2025.2/Vitis/include/ap_int.h:10:
In file included from C:/AMDDesignTools/2025.2/Vitis/include\etc/ap_common.h:668:
In file included from C:/AMDDesignTools/2025.2/Vitis/include\etc/ap_private.h:68:
In file included from C:/AMDDesignTools/2025.2/Vitis/include\hls_half.h:26:
In file included from C:/AMDDesignTools/2025.2/Vitis/include/etc/hls_half_fpo.h:19:
In file included from C:/AMDDesignTools/2025.2/Vitis/include\hls_fpo.h:140:
In file included from C:/AMDDesignTools/2025.2/Vitis/include/floating_point_v7_1_bitacc_cmodel.h:150:
C:/AMDDesignTools/2025.2/Vitis/include\gmp.h:58:9: warning: '__GMP_LIBGMP_DLL' macro redefined [-Wmacro-redefined]
#define __GMP_LIBGMP_DLL  0
        ^
C:/AMDDesignTools/2025.2/Vitis/include/floating_point_v7_1_bitacc_cmodel.h:142:9: note: previous definition is here
#define __GMP_LIBGMP_DLL 1
        ^
1 warning generated.
ERROR: Cannot open input file: images/input.pgm
@E Simulation failed: Function 'main' returns nonzero value '1'.
ERROR: [SIM 211-100] 'csim_design' failed: nonzero return value.
INFO: [SIM 211-3] *************** CSIM finish ***************
ERROR: CSIM Failed
INFO: [HLS 200-112] Total CPU user time: 2 seconds. Total CPU system time: 5 seconds. Total elapsed time: 27.956 seconds; peak allocated memory: 151.445 MB.
