  **** HLS Build v2025.2 6295257
INFO: [HLS 200-2005] Using work_dir C:/Users/57778/Desktop/sobel/sobel/sobel_top 
INFO: [HLS 200-2176] Writing Vitis IDE component file C:/Users/57778/Desktop/sobel/sobel/sobel_top/vitis-comp.json
INFO: [HLS 200-10] Creating and opening component 'C:/Users/57778/Desktop/sobel/sobel/sobel_top'.
INFO: [HLS 200-1505] Using default flow_target 'vivado'
Resolution: For help on HLS 200-1505 see docs.amd.com/access/sources/dita/topic?Doc_Version=2025.2%20English&url=ug1448-hls-guidance&resourceid=200-1505.html
INFO: [HLS 200-2174] Applying component config ini file hls_config.cfg
INFO: [HLS 200-1465] Applying config ini 'syn.file=../src/sobel.hpp' from hls_config.cfg(10)
INFO: [HLS 200-10] Adding design file 'C:/Users/57778/Desktop/sobel/src/sobel.hpp' to the project
INFO: [HLS 200-1465] Applying config ini 'syn.file=../src/sobel_core.cpp' from hls_config.cfg(11)
INFO: [HLS 200-10] Adding design file 'C:/Users/57778/Desktop/sobel/src/sobel_core.cpp' to the project
INFO: [HLS 200-1465] Applying config ini 'syn.file=../src/sobel_top.cpp' from hls_config.cfg(12)
INFO: [HLS 200-10] Adding design file 'C:/Users/57778/Desktop/sobel/src/sobel_top.cpp' to the project
INFO: [HLS 200-1465] Applying config ini 'syn.file=../src/window_generator.cpp' from hls_config.cfg(13)
INFO: [HLS 200-10] Adding design file 'C:/Users/57778/Desktop/sobel/src/window_generator.cpp' to the project
INFO: [HLS 200-1465] Applying config ini 'syn.file=../src/sobel_ref.cpp' from hls_config.cfg(14)
INFO: [HLS 200-10] Adding design file 'C:/Users/57778/Desktop/sobel/src/sobel_ref.cpp' to the project
INFO: [HLS 200-1465] Applying config ini 'tb.file=../tb/tb_sobel.cpp' from hls_config.cfg(8)
INFO: [HLS 200-10] Adding test bench file 'C:/Users/57778/Desktop/sobel/tb/tb_sobel.cpp' to the project
INFO: [HLS 200-1465] Applying config ini 'syn.top=sobel_top' from hls_config.cfg(7)
INFO: [HLS 200-1465] Applying config ini 'flow_target=vivado' from hls_config.cfg(4)
INFO: [HLS 200-1505] Using flow_target 'vivado'
Resolution: For help on HLS 200-1505 see docs.amd.com/access/sources/dita/topic?Doc_Version=2025.2%20English&url=ug1448-hls-guidance&resourceid=200-1505.html
INFO: [HLS 200-1465] Applying config ini 'part=xc7z020clg400-1' from hls_config.cfg(1)
INFO: [HLS 200-1611] Setting target device to 'xc7z020-clg400-1'
INFO: [HLS 200-1465] Applying config ini 'clock=150Mhz' from hls_config.cfg(9)
INFO: [SYN 201-201] Setting up clock 'default' with a period of 6.667ns.
INFO: [HLS 200-1465] Applying config ini 'cosim.trace_level=port' from hls_config.cfg(15)
INFO: [HLS 200-1465] Applying config ini 'cosim.wave_debug=1' from hls_config.cfg(16)
INFO: [HLS 200-1465] Applying config ini 'package.output.format=ip_catalog' from hls_config.cfg(5)
INFO: [HLS 200-2176] Writing Vitis IDE component file C:/Users/57778/Desktop/sobel/sobel/sobel_top/vitis-comp.json
INFO: [HLS 200-111] Finished File checks and directory preparation: CPU user time: 2 seconds. CPU system time: 6 seconds. Elapsed time: 17.923 seconds; current allocated memory: 151.680 MB.
INFO: [HLS 200-2191] C-Synthesis will use clang-16 as the compiler
INFO: [HLS 200-10] Analyzing design file '../src/sobel_ref.cpp' ... 
INFO: [HLS 200-10] Analyzing design file '../src/window_generator.cpp' ... 
INFO: [HLS 200-10] Analyzing design file '../src/sobel_top.cpp' ... 
INFO: [HLS 200-10] Analyzing design file '../src/sobel_core.cpp' ... 
INFO: [HLS 200-111] Finished Source Code Analysis and Preprocessing: CPU user time: 1 seconds. CPU system time: 2 seconds. Elapsed time: 60.693 seconds; current allocated memory: 154.805 MB.
INFO: [HLS 200-777] Using interface defaults for 'Vivado' flow target.
INFO: [HLS 200-1995] There were 3,563 instructions in the design after the 'Compile/Link' phase of compilation. See the Design Size Report for more details (C:/Users/57778/Desktop/sobel/sobel/sobel_top/hls/syn/report/csynth_design_size.rpt:2)
INFO: [HLS 200-1995] There were 498 instructions in the design after the 'Unroll/Inline (step 1)' phase of compilation. See the Design Size Report for more details (C:/Users/57778/Desktop/sobel/sobel/sobel_top/hls/syn/report/csynth_design_size.rpt:2)
INFO: [HLS 200-1995] There were 380 instructions in the design after the 'Unroll/Inline (step 2)' phase of compilation. See the Design Size Report for more details (C:/Users/57778/Desktop/sobel/sobel/sobel_top/hls/syn/report/csynth_design_size.rpt:2)
INFO: [HLS 200-1995] There were 367 instructions in the design after the 'Unroll/Inline (step 3)' phase of compilation. See the Design Size Report for more details (C:/Users/57778/Desktop/sobel/sobel/sobel_top/hls/syn/report/csynth_design_size.rpt:2)
INFO: [HLS 200-1995] There were 334 instructions in the design after the 'Unroll/Inline (step 4)' phase of compilation. See the Design Size Report for more details (C:/Users/57778/Desktop/sobel/sobel/sobel_top/hls/syn/report/csynth_design_size.rpt:2)
INFO: [HLS 200-1995] There were 294 instructions in the design after the 'Array/Struct (step 1)' phase of compilation. See the Design Size Report for more details (C:/Users/57778/Desktop/sobel/sobel/sobel_top/hls/syn/report/csynth_design_size.rpt:2)
INFO: [HLS 200-1995] There were 294 instructions in the design after the 'Array/Struct (step 2)' phase of compilation. See the Design Size Report for more details (C:/Users/57778/Desktop/sobel/sobel/sobel_top/hls/syn/report/csynth_design_size.rpt:2)
INFO: [HLS 200-1995] There were 294 instructions in the design after the 'Array/Struct (step 3)' phase of compilation. See the Design Size Report for more details (C:/Users/57778/Desktop/sobel/sobel/sobel_top/hls/syn/report/csynth_design_size.rpt:2)
INFO: [HLS 200-1995] There were 294 instructions in the design after the 'Array/Struct (step 4)' phase of compilation. See the Design Size Report for more details (C:/Users/57778/Desktop/sobel/sobel/sobel_top/hls/syn/report/csynth_design_size.rpt:2)
INFO: [HLS 200-1995] There were 374 instructions in the design after the 'Array/Struct (step 5)' phase of compilation. See the Design Size Report for more details (C:/Users/57778/Desktop/sobel/sobel/sobel_top/hls/syn/report/csynth_design_size.rpt:2)
INFO: [HLS 200-1995] There were 373 instructions in the design after the 'Performance (step 1)' phase of compilation. See the Design Size Report for more details (C:/Users/57778/Desktop/sobel/sobel/sobel_top/hls/syn/report/csynth_design_size.rpt:2)
INFO: [HLS 200-1995] There were 338 instructions in the design after the 'Performance (step 2)' phase of compilation. See the Design Size Report for more details (C:/Users/57778/Desktop/sobel/sobel/sobel_top/hls/syn/report/csynth_design_size.rpt:2)
INFO: [HLS 200-1995] There were 306 instructions in the design after the 'Performance (step 3)' phase of compilation. See the Design Size Report for more details (C:/Users/57778/Desktop/sobel/sobel/sobel_top/hls/syn/report/csynth_design_size.rpt:2)
INFO: [HLS 200-1995] There were 306 instructions in the design after the 'Performance (step 4)' phase of compilation. See the Design Size Report for more details (C:/Users/57778/Desktop/sobel/sobel/sobel_top/hls/syn/report/csynth_design_size.rpt:2)
INFO: [HLS 200-1995] There were 286 instructions in the design after the 'HW Transforms (step 1)' phase of compilation. See the Design Size Report for more details (C:/Users/57778/Desktop/sobel/sobel/sobel_top/hls/syn/report/csynth_design_size.rpt:2)
INFO: [HLS 200-1995] There were 240 instructions in the design after the 'HW Transforms (step 2)' phase of compilation. See the Design Size Report for more details (C:/Users/57778/Desktop/sobel/sobel/sobel_top/hls/syn/report/csynth_design_size.rpt:2)
INFO: [HLS 214-131] Inlining function 'clip_u8_12(ap_uint<12>)' into 'sobel_core(hls::stream<hls::axis<ap_uint<8>, 1ul, 1ul, 1ul, (unsigned char)56, false>, 0>&, hls::stream<hls::axis<ap_uint<8>, 1ul, 1ul, 1ul, (unsigned char)56, false>, 0>&, int, int)' (../src/sobel_core.cpp:81:27)
INFO: [HLS 214-131] Inlining function 'abs12(ap_int<12>)' into 'sobel_core(hls::stream<hls::axis<ap_uint<8>, 1ul, 1ul, 1ul, (unsigned char)56, false>, 0>&, hls::stream<hls::axis<ap_uint<8>, 1ul, 1ul, 1ul, (unsigned char)56, false>, 0>&, int, int)' (../src/sobel_core.cpp:80:47)
INFO: [HLS 214-131] Inlining function 'window_generator(ap_uint<8>, int, ap_uint<8>*, ap_uint<8>*, ap_uint<8> (*) [3])' into 'sobel_core(hls::stream<hls::axis<ap_uint<8>, 1ul, 1ul, 1ul, (unsigned char)56, false>, 0>&, hls::stream<hls::axis<ap_uint<8>, 1ul, 1ul, 1ul, (unsigned char)56, false>, 0>&, int, int)' (../src/sobel_core.cpp:55:13)
INFO: [HLS 214-186] Unrolling loop 'VITIS_LOOP_37_2' (../src/sobel_core.cpp:37:22) in function 'sobel_core' completely with a factor of 3 (../src/sobel_core.cpp:16:0)
INFO: [HLS 214-186] Unrolling loop 'VITIS_LOOP_39_3' (../src/sobel_core.cpp:39:26) in function 'sobel_core' completely with a factor of 3 (../src/sobel_core.cpp:16:0)
INFO: [HLS 214-178] Inlining function 'hls::axis<ap_uint<8>, 1ul, 1ul, 1ul, (unsigned char)56, false>::axis()' into 'sobel_core(hls::stream<hls::axis<ap_uint<8>, 1ul, 1ul, 1ul, (unsigned char)56, false>, 0>&, hls::stream<hls::axis<ap_uint<8>, 1ul, 1ul, 1ul, (unsigned char)56, false>, 0>&, int, int)' (../src/sobel_core.cpp:16:0)
INFO: [HLS 200-111] Finished Compiling Optimization and Transform: CPU user time: 0 seconds. CPU system time: 0 seconds. Elapsed time: 9.97 seconds; current allocated memory: 156.664 MB.
INFO: [HLS 200-111] Finished Checking Pragmas: CPU user time: 0 seconds. CPU system time: 0 seconds. Elapsed time: 0.031 seconds; current allocated memory: 156.664 MB.
INFO: [HLS 200-10] Starting code transformations ...
INFO: [HLS 200-111] Finished Standard Transforms: CPU user time: 0 seconds. CPU system time: 0 seconds. Elapsed time: 0.038 seconds; current allocated memory: 161.730 MB.
INFO: [HLS 200-10] Checking synthesizability ...
INFO: [HLS 200-111] Finished Checking Synthesizability: CPU user time: 0 seconds. CPU system time: 0 seconds. Elapsed time: 0.032 seconds; current allocated memory: 163.844 MB.
INFO: [XFORM 203-401] Performing if-conversion on hyperblock from (../src/sobel_core.cpp:50:1) to (../src/sobel_core.cpp:49:26) in function 'sobel_core'... converting 3 basic blocks.
INFO: [HLS 200-111] Finished Loop, function and other optimizations: CPU user time: 0 seconds. CPU system time: 0 seconds. Elapsed time: 0.125 seconds; current allocated memory: 186.016 MB.
INFO: [HLS 200-2061] Successfully converted nested loops 'VITIS_LOOP_48_4'(../src/sobel_core.cpp:48:22) and 'VITIS_LOOP_49_5'(../src/sobel_core.cpp:49:26) in function 'sobel_core' into perfectly nested loops.
INFO: [XFORM 203-541] Flattening a loop nest 'VITIS_LOOP_48_4' (../src/sobel_core.cpp:48:22) in function 'sobel_core'.
INFO: [HLS 200-111] Finished Architecture Synthesis: CPU user time: 0 seconds. CPU system time: 0 seconds. Elapsed time: 0.137 seconds; current allocated memory: 207.055 MB.
INFO: [HLS 200-10] Starting hardware synthesis ...
INFO: [HLS 200-10] Synthesizing 'sobel_top' ...
INFO: [HLS 200-10] ----------------------------------------------------------------
INFO: [HLS 200-42] -- Implementing module 'sobel_core_Pipeline_VITIS_LOOP_31_1' 
INFO: [HLS 200-10] ----------------------------------------------------------------
INFO: [SCHED 204-11] Starting scheduling ...
INFO: [SCHED 204-61] Pipelining loop 'VITIS_LOOP_31_1'.
INFO: [HLS 200-1470] Pipelining result : Target II = 1, Final II = 1, Depth = 2, loop 'VITIS_LOOP_31_1'
INFO: [SCHED 204-11] Finished scheduling.
INFO: [HLS 200-111] Finished Scheduling: CPU user time: 1 seconds. CPU system time: 0 seconds. Elapsed time: 0.161 seconds; current allocated memory: 210.898 MB.
INFO: [BIND 205-100] Starting micro-architecture generation ...
INFO: [BIND 205-101] Performing variable lifetime analysis.
INFO: [BIND 205-101] Exploring resource sharing.
INFO: [BIND 205-101] Binding ...
INFO: [BIND 205-100] Finished micro-architecture generation.
INFO: [HLS 200-111] Finished Binding: CPU user time: 0 seconds. CPU system time: 0 seconds. Elapsed time: 0.036 seconds; current allocated memory: 212.168 MB.
INFO: [HLS 200-10] ----------------------------------------------------------------
INFO: [HLS 200-42] -- Implementing module 'sobel_core_Pipeline_VITIS_LOOP_48_4_VITIS_LOOP_49_5' 
INFO: [HLS 200-10] ----------------------------------------------------------------
INFO: [SCHED 204-11] Starting scheduling ...
INFO: [SCHED 204-61] Pipelining loop 'VITIS_LOOP_48_4_VITIS_LOOP_49_5'.
WARNING: [HLS 200-887] Cannot meet target clock period from 'icmp' operation 1 bit ('icmp_ln49', ../src/sobel_core.cpp:49) to 'store' operation ('col_write_ln4', ../src/window_generator.cpp:4->../src/sobel_core.cpp:55) of variable 'add_ln49_1', ../src/sobel_core.cpp:49 11 bit on local variable 'col', ../src/window_generator.cpp:4->../src/sobel_core.cpp:55 (combination delay: 5.558 ns) to honor II or Latency constraint in region 'VITIS_LOOP_48_4_VITIS_LOOP_49_5'.
Resolution: For help on HLS 200-887 see docs.amd.com/access/sources/dita/topic?Doc_Version=2025.2%20English&url=ug1448-hls-guidance&resourceid=200-887.html
INFO: [HLS 200-1470] Pipelining result : Target II = 1, Final II = 1, Depth = 9, loop 'VITIS_LOOP_48_4_VITIS_LOOP_49_5'
WARNING: [HLS 200-871] Estimated clock period (5.558 ns) exceeds the target (target clock period: 6.667 ns, clock uncertainty: 1.800 ns, effective delay budget: 4.867 ns).
Resolution: For help on HLS 200-871 see docs.amd.com/access/sources/dita/topic?Doc_Version=2025.2%20English&url=ug1448-hls-guidance&resourceid=200-871.html
WARNING: [HLS 200-1016] The critical path in module 'sobel_core_Pipeline_VITIS_LOOP_48_4_VITIS_LOOP_49_5' consists of the following:
	'load' operation 11 bit ('col_load', ../src/sobel_core.cpp:49) on local variable 'col', ../src/window_generator.cpp:4->../src/sobel_core.cpp:55 [76]  (0.000 ns)
	'icmp' operation 1 bit ('icmp_ln49', ../src/sobel_core.cpp:49) [81]  (1.639 ns)
	'select' operation 11 bit ('select_ln48', ../src/sobel_core.cpp:48) [82]  (0.692 ns)
	'add' operation 11 bit ('add_ln49_1', ../src/sobel_core.cpp:49) [166]  (1.639 ns)
	'store' operation ('col_write_ln4', ../src/window_generator.cpp:4->../src/sobel_core.cpp:55) of variable 'add_ln49_1', ../src/sobel_core.cpp:49 11 bit on local variable 'col', ../src/window_generator.cpp:4->../src/sobel_core.cpp:55 [173]  (1.588 ns)

Resolution: For help on HLS 200-1016 see docs.amd.com/access/sources/dita/topic?Doc_Version=2025.2%20English&url=ug1448-hls-guidance&resourceid=200-1016.html
INFO: [SCHED 204-11] Finished scheduling.
INFO: [HLS 200-111] Finished Scheduling: CPU user time: 0 seconds. CPU system time: 0 seconds. Elapsed time: 1.425 seconds; current allocated memory: 212.773 MB.
INFO: [BIND 205-100] Starting micro-architecture generation ...
INFO: [BIND 205-101] Performing variable lifetime analysis.
INFO: [BIND 205-101] Exploring resource sharing.
INFO: [BIND 205-101] Binding ...
INFO: [BIND 205-100] Finished micro-architecture generation.
INFO: [HLS 200-111] Finished Binding: CPU user time: 0 seconds. CPU system time: 0 seconds. Elapsed time: 0.094 seconds; current allocated memory: 212.898 MB.
INFO: [HLS 200-10] ----------------------------------------------------------------
INFO: [HLS 200-42] -- Implementing module 'sobel_core' 
INFO: [HLS 200-10] ----------------------------------------------------------------
INFO: [SCHED 204-11] Starting scheduling ...
INFO: [SCHED 204-11] Finished scheduling.
INFO: [HLS 200-111] Finished Scheduling: CPU user time: 0 seconds. CPU system time: 0 seconds. Elapsed time: 0.098 seconds; current allocated memory: 213.098 MB.
INFO: [BIND 205-100] Starting micro-architecture generation ...
INFO: [BIND 205-101] Performing variable lifetime analysis.
INFO: [BIND 205-101] Exploring resource sharing.
INFO: [BIND 205-101] Binding ...
INFO: [BIND 205-100] Finished micro-architecture generation.
INFO: [HLS 200-111] Finished Binding: CPU user time: 0 seconds. CPU system time: 0 seconds. Elapsed time: 0.041 seconds; current allocated memory: 213.273 MB.
INFO: [HLS 200-10] ----------------------------------------------------------------
INFO: [HLS 200-42] -- Implementing module 'sobel_top' 
INFO: [HLS 200-10] ----------------------------------------------------------------
INFO: [SCHED 204-11] Starting scheduling ...
INFO: [SCHED 204-11] Finished scheduling.
INFO: [HLS 200-111] Finished Scheduling: CPU user time: 0 seconds. CPU system time: 0 seconds. Elapsed time: 0.053 seconds; current allocated memory: 213.383 MB.
INFO: [BIND 205-100] Starting micro-architecture generation ...
INFO: [BIND 205-101] Performing variable lifetime analysis.
INFO: [BIND 205-101] Exploring resource sharing.
INFO: [BIND 205-101] Binding ...
INFO: [BIND 205-100] Finished micro-architecture generation.
INFO: [HLS 200-111] Finished Binding: CPU user time: 0 seconds. CPU system time: 0 seconds. Elapsed time: 0.037 seconds; current allocated memory: 213.496 MB.
INFO: [HLS 200-10] ----------------------------------------------------------------
INFO: [HLS 200-10] -- Generating RTL for module 'sobel_core_Pipeline_VITIS_LOOP_31_1' 
INFO: [HLS 200-10] ----------------------------------------------------------------
INFO: [HLS 200-1030] Apply Unified Pipeline Control on module 'sobel_core_Pipeline_VITIS_LOOP_31_1' pipeline 'VITIS_LOOP_31_1' pipeline type 'loop pipeline'
INFO: [RTGEN 206-100] Finished creating RTL model for 'sobel_core_Pipeline_VITIS_LOOP_31_1'.
INFO: [HLS 200-111] Finished Creating RTL model: CPU user time: 0 seconds. CPU system time: 0 seconds. Elapsed time: 0.085 seconds; current allocated memory: 215.281 MB.
INFO: [HLS 200-10] ----------------------------------------------------------------
INFO: [HLS 200-10] -- Generating RTL for module 'sobel_core_Pipeline_VITIS_LOOP_48_4_VITIS_LOOP_49_5' 
INFO: [HLS 200-10] ----------------------------------------------------------------
INFO: [HLS 200-1030] Apply Unified Pipeline Control on module 'sobel_core_Pipeline_VITIS_LOOP_48_4_VITIS_LOOP_49_5' pipeline 'VITIS_LOOP_48_4_VITIS_LOOP_49_5' pipeline type 'loop pipeline'
INFO: [RTGEN 206-100] Finished creating RTL model for 'sobel_core_Pipeline_VITIS_LOOP_48_4_VITIS_LOOP_49_5'.
INFO: [HLS 200-111] Finished Creating RTL model: CPU user time: 0 seconds. CPU system time: 1 seconds. Elapsed time: 1.681 seconds; current allocated memory: 217.434 MB.
INFO: [HLS 200-10] ----------------------------------------------------------------
INFO: [HLS 200-10] -- Generating RTL for module 'sobel_core' 
INFO: [HLS 200-10] ----------------------------------------------------------------
INFO: [RTGEN 206-100] Generating core module 'mul_11ns_11ns_22_2_1': 1 instance(s).
INFO: [RTGEN 206-100] Generating core module 'mul_32s_32s_32_5_1': 1 instance(s).
INFO: [RTGEN 206-100] Finished creating RTL model for 'sobel_core'.
INFO: [RTMG 210-278] Implementing memory 'sobel_top_sobel_core_linebuf0_RAM_2P_BRAM_1R1W' using block RAMs.
INFO: [RTMG 210-278] Implementing memory 'sobel_top_sobel_core_linebuf1_RAM_2P_BRAM_1R1W' using block RAMs.
INFO: [HLS 200-111] Finished Creating RTL model: CPU user time: 0 seconds. CPU system time: 0 seconds. Elapsed time: 0.692 seconds; current allocated memory: 221.004 MB.
INFO: [HLS 200-10] ----------------------------------------------------------------
INFO: [HLS 200-10] -- Generating RTL for module 'sobel_top' 
INFO: [HLS 200-10] ----------------------------------------------------------------
WARNING: [RTGEN 206-101] Design contains AXI ports. Reset is fixed to synchronous and active low.
INFO: [RTGEN 206-500] Setting interface mode on port 'sobel_top/in_stream_V_data_V' to 'axis' (register, both mode).
INFO: [RTGEN 206-500] Setting interface mode on port 'sobel_top/in_stream_V_keep_V' to 'axis' (register, both mode).
INFO: [RTGEN 206-500] Setting interface mode on port 'sobel_top/in_stream_V_strb_V' to 'axis' (register, both mode).
INFO: [RTGEN 206-500] Setting interface mode on port 'sobel_top/in_stream_V_user_V' to 'axis' (register, both mode).
INFO: [RTGEN 206-500] Setting interface mode on port 'sobel_top/in_stream_V_last_V' to 'axis' (register, both mode).
INFO: [RTGEN 206-500] Setting interface mode on port 'sobel_top/in_stream_V_id_V' to 'axis' (register, both mode).
INFO: [RTGEN 206-500] Setting interface mode on port 'sobel_top/in_stream_V_dest_V' to 'axis' (register, both mode).
INFO: [RTGEN 206-500] Setting interface mode on port 'sobel_top/out_stream_V_data_V' to 'axis' (register, both mode).
INFO: [RTGEN 206-500] Setting interface mode on port 'sobel_top/out_stream_V_keep_V' to 'axis' (register, both mode).
INFO: [RTGEN 206-500] Setting interface mode on port 'sobel_top/out_stream_V_strb_V' to 'axis' (register, both mode).
INFO: [RTGEN 206-500] Setting interface mode on port 'sobel_top/out_stream_V_user_V' to 'axis' (register, both mode).
INFO: [RTGEN 206-500] Setting interface mode on port 'sobel_top/out_stream_V_last_V' to 'axis' (register, both mode).
INFO: [RTGEN 206-500] Setting interface mode on port 'sobel_top/out_stream_V_id_V' to 'axis' (register, both mode).
INFO: [RTGEN 206-500] Setting interface mode on port 'sobel_top/out_stream_V_dest_V' to 'axis' (register, both mode).
INFO: [RTGEN 206-500] Setting interface mode on port 'sobel_top/width' to 's_axilite & ap_none'.
INFO: [RTGEN 206-500] Setting interface mode on port 'sobel_top/height' to 's_axilite & ap_none'.
INFO: [RTGEN 206-500] Setting interface mode on function 'sobel_top' to 's_axilite & ap_ctrl_hs'.
INFO: [RTGEN 206-100] Bundling port 'width', 'height' and 'return' to AXI-Lite port CTRL.
INFO: [RTGEN 206-100] Finished creating RTL model for 'sobel_top'.
INFO: [HLS 200-111] Finished Creating RTL model: CPU user time: 0 seconds. CPU system time: 0 seconds. Elapsed time: 0.314 seconds; current allocated memory: 222.270 MB.
INFO: [HLS 200-111] Finished Generating all RTL models: CPU user time: 1 seconds. CPU system time: 1 seconds. Elapsed time: 0.946 seconds; current allocated memory: 226.332 MB.
INFO: [HLS 200-2225] Wrote inferred directives to file C:/Users/57778/Desktop/sobel/sobel/sobel_top/hls/syn/inferred_directives.ini
INFO: [HLS 200-111] Finished Updating report files: CPU user time: 1 seconds. CPU system time: 2 seconds. Elapsed time: 2.896 seconds; current allocated memory: 231.531 MB.
INFO: [VHDL 208-304] Generating VHDL RTL for sobel_top.
INFO: [VLOG 209-307] Generating Verilog RTL for sobel_top.
INFO: [HLS 200-789] **** Estimated Fmax: 179.92 MHz
INFO: [HLS 200-112] Total CPU user time: 6 seconds. Total CPU system time: 12 seconds. Total elapsed time: 97.574 seconds; peak allocated memory: 231.590 MB.
INFO: [v++ 60-791] Total elapsed time: 0h 1m 46s
