  **** HLS Build v2025.2 6295257
INFO: [HLS 200-2005] Using work_dir C:/Users/57778/Desktop/sobel/sobel/sobel_top 
INFO: [HLS 200-2176] Writing Vitis IDE component file C:/Users/57778/Desktop/sobel/sobel/sobel_top/vitis-comp.json
INFO: [HLS 200-10] Creating and opening component 'C:/Users/57778/Desktop/sobel/sobel/sobel_top'.
INFO: [HLS 200-1505] Using default flow_target 'vivado'
Resolution: For help on HLS 200-1505 see docs.amd.com/access/sources/dita/topic?Doc_Version=2025.2%20English&url=ug1448-hls-guidance&resourceid=200-1505.html
INFO: [HLS 200-2174] Applying component config ini file hls_config.cfg
INFO: [HLS 200-1465] Applying config ini 'syn.file=../src/sobel.hpp' from hls_config.cfg(10)
INFO: [HLS 200-10] Adding design file 'C:/Users/57778/Desktop/sobel/src/sobel.hpp' to the project
INFO: [HLS 200-1465] Applying config ini 'syn.file=../src/sobel_core.cpp' from hls_config.cfg(11)
INFO: [HLS 200-10] Adding design file 'C:/Users/57778/Desktop/sobel/src/sobel_core.cpp' to the project
INFO: [HLS 200-1465] Applying config ini 'syn.file=../src/sobel_top.cpp' from hls_config.cfg(12)
INFO: [HLS 200-10] Adding design file 'C:/Users/57778/Desktop/sobel/src/sobel_top.cpp' to the project
INFO: [HLS 200-1465] Applying config ini 'syn.file=../src/window_generator.cpp' from hls_config.cfg(13)
INFO: [HLS 200-10] Adding design file 'C:/Users/57778/Desktop/sobel/src/window_generator.cpp' to the project
INFO: [HLS 200-1465] Applying config ini 'syn.file=../src/sobel_ref.cpp' from hls_config.cfg(14)
INFO: [HLS 200-10] Adding design file 'C:/Users/57778/Desktop/sobel/src/sobel_ref.cpp' to the project
INFO: [HLS 200-1465] Applying config ini 'tb.file=../tb/tb_sobel.cpp' from hls_config.cfg(8)
INFO: [HLS 200-10] Adding test bench file 'C:/Users/57778/Desktop/sobel/tb/tb_sobel.cpp' to the project
INFO: [HLS 200-1465] Applying config ini 'syn.top=sobel_top' from hls_config.cfg(7)
INFO: [HLS 200-1465] Applying config ini 'flow_target=vivado' from hls_config.cfg(4)
INFO: [HLS 200-1505] Using flow_target 'vivado'
Resolution: For help on HLS 200-1505 see docs.amd.com/access/sources/dita/topic?Doc_Version=2025.2%20English&url=ug1448-hls-guidance&resourceid=200-1505.html
INFO: [HLS 200-1465] Applying config ini 'part=xc7z020clg400-1' from hls_config.cfg(1)
INFO: [HLS 200-1611] Setting target device to 'xc7z020-clg400-1'
INFO: [HLS 200-1465] Applying config ini 'clock=150Mhz' from hls_config.cfg(9)
INFO: [SYN 201-201] Setting up clock 'default' with a period of 6.667ns.
INFO: [HLS 200-1465] Applying config ini 'cosim.trace_level=port' from hls_config.cfg(15)
INFO: [HLS 200-1465] Applying config ini 'cosim.wave_debug=1' from hls_config.cfg(16)
INFO: [HLS 200-1465] Applying config ini 'package.output.format=ip_catalog' from hls_config.cfg(5)
INFO: [HLS 200-2176] Writing Vitis IDE component file C:/Users/57778/Desktop/sobel/sobel/sobel_top/vitis-comp.json
INFO: [HLS 200-111] Finished File checks and directory preparation: CPU user time: 2 seconds. CPU system time: 6 seconds. Elapsed time: 17.533 seconds; current allocated memory: 151.398 MB.
INFO: [HLS 200-2191] C-Synthesis will use clang-16 as the compiler
INFO: [HLS 200-10] Analyzing design file '../src/sobel_ref.cpp' ... 
INFO: [HLS 200-10] Analyzing design file '../src/window_generator.cpp' ... 
INFO: [HLS 200-10] Analyzing design file '../src/sobel_top.cpp' ... 
INFO: [HLS 200-10] Analyzing design file '../src/sobel_core.cpp' ... 
INFO: [HLS 200-111] Finished Source Code Analysis and Preprocessing: CPU user time: 1 seconds. CPU system time: 1 seconds. Elapsed time: 61.074 seconds; current allocated memory: 154.785 MB.
INFO: [HLS 200-777] Using interface defaults for 'Vivado' flow target.
INFO: [HLS 200-1995] There were 3,423 instructions in the design after the 'Compile/Link' phase of compilation. See the Design Size Report for more details (C:/Users/57778/Desktop/sobel/sobel/sobel_top/hls/syn/report/csynth_design_size.rpt:2)
INFO: [HLS 200-1995] There were 489 instructions in the design after the 'Unroll/Inline (step 1)' phase of compilation. See the Design Size Report for more details (C:/Users/57778/Desktop/sobel/sobel/sobel_top/hls/syn/report/csynth_design_size.rpt:2)
INFO: [HLS 200-1995] There were 373 instructions in the design after the 'Unroll/Inline (step 2)' phase of compilation. See the Design Size Report for more details (C:/Users/57778/Desktop/sobel/sobel/sobel_top/hls/syn/report/csynth_design_size.rpt:2)
INFO: [HLS 200-1995] There were 363 instructions in the design after the 'Unroll/Inline (step 3)' phase of compilation. See the Design Size Report for more details (C:/Users/57778/Desktop/sobel/sobel/sobel_top/hls/syn/report/csynth_design_size.rpt:2)
INFO: [HLS 200-1995] There were 330 instructions in the design after the 'Unroll/Inline (step 4)' phase of compilation. See the Design Size Report for more details (C:/Users/57778/Desktop/sobel/sobel/sobel_top/hls/syn/report/csynth_design_size.rpt:2)
INFO: [HLS 200-1995] There were 290 instructions in the design after the 'Array/Struct (step 1)' phase of compilation. See the Design Size Report for more details (C:/Users/57778/Desktop/sobel/sobel/sobel_top/hls/syn/report/csynth_design_size.rpt:2)
INFO: [HLS 200-1995] There were 290 instructions in the design after the 'Array/Struct (step 2)' phase of compilation. See the Design Size Report for more details (C:/Users/57778/Desktop/sobel/sobel/sobel_top/hls/syn/report/csynth_design_size.rpt:2)
INFO: [HLS 200-1995] There were 290 instructions in the design after the 'Array/Struct (step 3)' phase of compilation. See the Design Size Report for more details (C:/Users/57778/Desktop/sobel/sobel/sobel_top/hls/syn/report/csynth_design_size.rpt:2)
INFO: [HLS 200-1995] There were 290 instructions in the design after the 'Array/Struct (step 4)' phase of compilation. See the Design Size Report for more details (C:/Users/57778/Desktop/sobel/sobel/sobel_top/hls/syn/report/csynth_design_size.rpt:2)
INFO: [HLS 200-1995] There were 370 instructions in the design after the 'Array/Struct (step 5)' phase of compilation. See the Design Size Report for more details (C:/Users/57778/Desktop/sobel/sobel/sobel_top/hls/syn/report/csynth_design_size.rpt:2)
INFO: [HLS 200-1995] There were 369 instructions in the design after the 'Performance (step 1)' phase of compilation. See the Design Size Report for more details (C:/Users/57778/Desktop/sobel/sobel/sobel_top/hls/syn/report/csynth_design_size.rpt:2)
INFO: [HLS 200-1995] There were 334 instructions in the design after the 'Performance (step 2)' phase of compilation. See the Design Size Report for more details (C:/Users/57778/Desktop/sobel/sobel/sobel_top/hls/syn/report/csynth_design_size.rpt:2)
INFO: [HLS 200-1995] There were 302 instructions in the design after the 'Performance (step 3)' phase of compilation. See the Design Size Report for more details (C:/Users/57778/Desktop/sobel/sobel/sobel_top/hls/syn/report/csynth_design_size.rpt:2)
INFO: [HLS 200-1995] There were 302 instructions in the design after the 'Performance (step 4)' phase of compilation. See the Design Size Report for more details (C:/Users/57778/Desktop/sobel/sobel/sobel_top/hls/syn/report/csynth_design_size.rpt:2)
INFO: [HLS 200-1995] There were 282 instructions in the design after the 'HW Transforms (step 1)' phase of compilation. See the Design Size Report for more details (C:/Users/57778/Desktop/sobel/sobel/sobel_top/hls/syn/report/csynth_design_size.rpt:2)
INFO: [HLS 200-1995] There were 236 instructions in the design after the 'HW Transforms (step 2)' phase of compilation. See the Design Size Report for more details (C:/Users/57778/Desktop/sobel/sobel/sobel_top/hls/syn/report/csynth_design_size.rpt:2)
INFO: [HLS 214-131] Inlining function 'clip_u8_12(ap_uint<12>)' into 'sobel_core(hls::stream<hls::axis<ap_uint<8>, 1ul, 1ul, 1ul, (unsigned char)56, false>, 0>&, hls::stream<hls::axis<ap_uint<8>, 1ul, 1ul, 1ul, (unsigned char)56, false>, 0>&, int, int)' (../src/sobel_core.cpp:85:27)
INFO: [HLS 214-131] Inlining function 'abs12(ap_int<12>)' into 'sobel_core(hls::stream<hls::axis<ap_uint<8>, 1ul, 1ul, 1ul, (unsigned char)56, false>, 0>&, hls::stream<hls::axis<ap_uint<8>, 1ul, 1ul, 1ul, (unsigned char)56, false>, 0>&, int, int)' (../src/sobel_core.cpp:84:47)
INFO: [HLS 214-131] Inlining function 'window_generator(ap_uint<8>, ap_uint<11>, ap_uint<8>*, ap_uint<8>*, ap_uint<8> (*) [3])' into 'sobel_core(hls::stream<hls::axis<ap_uint<8>, 1ul, 1ul, 1ul, (unsigned char)56, false>, 0>&, hls::stream<hls::axis<ap_uint<8>, 1ul, 1ul, 1ul, (unsigned char)56, false>, 0>&, int, int)' (../src/sobel_core.cpp:60:13)
INFO: [HLS 214-186] Unrolling loop 'init_window_r' (../src/sobel_core.cpp:39:5) in function 'sobel_core' completely with a factor of 3 (../src/sobel_core.cpp:16:0)
INFO: [HLS 214-186] Unrolling loop 'init_window_c' (../src/sobel_core.cpp:42:9) in function 'sobel_core' completely with a factor of 3 (../src/sobel_core.cpp:16:0)
INFO: [HLS 214-178] Inlining function 'hls::axis<ap_uint<8>, 1ul, 1ul, 1ul, (unsigned char)56, false>::axis()' into 'sobel_core(hls::stream<hls::axis<ap_uint<8>, 1ul, 1ul, 1ul, (unsigned char)56, false>, 0>&, hls::stream<hls::axis<ap_uint<8>, 1ul, 1ul, 1ul, (unsigned char)56, false>, 0>&, int, int)' (../src/sobel_core.cpp:16:0)
INFO: [HLS 200-111] Finished Compiling Optimization and Transform: CPU user time: 1 seconds. CPU system time: 1 seconds. Elapsed time: 9.937 seconds; current allocated memory: 156.363 MB.
INFO: [HLS 200-111] Finished Checking Pragmas: CPU user time: 0 seconds. CPU system time: 0 seconds. Elapsed time: 0.033 seconds; current allocated memory: 156.363 MB.
INFO: [HLS 200-10] Starting code transformations ...
INFO: [HLS 200-111] Finished Standard Transforms: CPU user time: 0 seconds. CPU system time: 0 seconds. Elapsed time: 0.039 seconds; current allocated memory: 161.332 MB.
INFO: [HLS 200-10] Checking synthesizability ...
INFO: [HLS 200-111] Finished Checking Synthesizability: CPU user time: 0 seconds. CPU system time: 0 seconds. Elapsed time: 0.033 seconds; current allocated memory: 163.305 MB.
INFO: [XFORM 203-401] Performing if-conversion on hyperblock from (../src/sobel_core.cpp:54:1) to (../src/sobel_core.cpp:53:9) in function 'sobel_core'... converting 3 basic blocks.
INFO: [HLS 200-111] Finished Loop, function and other optimizations: CPU user time: 0 seconds. CPU system time: 0 seconds. Elapsed time: 0.123 seconds; current allocated memory: 186.055 MB.
INFO: [HLS 200-2061] Successfully converted nested loops 'row_loop'(../src/sobel_core.cpp:51:5) and 'col_loop'(../src/sobel_core.cpp:53:9) in function 'sobel_core' into perfectly nested loops.
INFO: [XFORM 203-541] Flattening a loop nest 'row_loop' (../src/sobel_core.cpp:51:5) in function 'sobel_core'.
INFO: [HLS 200-111] Finished Architecture Synthesis: CPU user time: 0 seconds. CPU system time: 0 seconds. Elapsed time: 0.138 seconds; current allocated memory: 207.359 MB.
INFO: [HLS 200-10] Starting hardware synthesis ...
INFO: [HLS 200-10] Synthesizing 'sobel_top' ...
INFO: [HLS 200-10] ----------------------------------------------------------------
INFO: [HLS 200-42] -- Implementing module 'sobel_core_Pipeline_init_linebuf' 
INFO: [HLS 200-10] ----------------------------------------------------------------
INFO: [SCHED 204-11] Starting scheduling ...
INFO: [SCHED 204-61] Pipelining loop 'init_linebuf'.
INFO: [HLS 200-1470] Pipelining result : Target II = 1, Final II = 1, Depth = 2, loop 'init_linebuf'
INFO: [SCHED 204-11] Finished scheduling.
INFO: [HLS 200-111] Finished Scheduling: CPU user time: 0 seconds. CPU system time: 0 seconds. Elapsed time: 0.157 seconds; current allocated memory: 211.219 MB.
INFO: [BIND 205-100] Starting micro-architecture generation ...
INFO: [BIND 205-101] Performing variable lifetime analysis.
INFO: [BIND 205-101] Exploring resource sharing.
INFO: [BIND 205-101] Binding ...
INFO: [BIND 205-100] Finished micro-architecture generation.
INFO: [HLS 200-111] Finished Binding: CPU user time: 0 seconds. CPU system time: 0 seconds. Elapsed time: 0.039 seconds; current allocated memory: 212.480 MB.
INFO: [HLS 200-10] ----------------------------------------------------------------
INFO: [HLS 200-42] -- Implementing module 'sobel_core_Pipeline_row_loop_col_loop' 
INFO: [HLS 200-10] ----------------------------------------------------------------
INFO: [SCHED 204-11] Starting scheduling ...
INFO: [SCHED 204-61] Pipelining loop 'row_loop_col_loop'.
WARNING: [HLS 200-887] Cannot meet target clock period from 'icmp' operation 1 bit ('icmp_ln53', ../src/sobel_core.cpp:53) to 'store' operation ('col_write_ln4', ../src/window_generator.cpp:4->../src/sobel_core.cpp:60) of variable 'col', ../src/sobel_core.cpp:53 11 bit on local variable 'col', ../src/window_generator.cpp:4->../src/sobel_core.cpp:60 (combination delay: 5.558 ns) to honor II or Latency constraint in region 'row_loop_col_loop'.
Resolution: For help on HLS 200-887 see docs.amd.com/access/sources/dita/topic?Doc_Version=2025.2%20English&url=ug1448-hls-guidance&resourceid=200-887.html
INFO: [HLS 200-1470] Pipelining result : Target II = 1, Final II = 1, Depth = 9, loop 'row_loop_col_loop'
WARNING: [HLS 200-871] Estimated clock period (5.558 ns) exceeds the target (target clock period: 6.667 ns, clock uncertainty: 1.800 ns, effective delay budget: 4.867 ns).
Resolution: For help on HLS 200-871 see docs.amd.com/access/sources/dita/topic?Doc_Version=2025.2%20English&url=ug1448-hls-guidance&resourceid=200-871.html
WARNING: [HLS 200-1016] The critical path in module 'sobel_core_Pipeline_row_loop_col_loop' consists of the following:
	'load' operation 11 bit ('col', ../src/sobel_core.cpp:53) on local variable 'col', ../src/window_generator.cpp:4->../src/sobel_core.cpp:60 [66]  (0.000 ns)
	'icmp' operation 1 bit ('icmp_ln53', ../src/sobel_core.cpp:53) [71]  (1.639 ns)
	'select' operation 11 bit ('select_ln51', ../src/sobel_core.cpp:51) [84]  (0.692 ns)
	'add' operation 11 bit ('col', ../src/sobel_core.cpp:53) [170]  (1.639 ns)
	'store' operation ('col_write_ln4', ../src/window_generator.cpp:4->../src/sobel_core.cpp:60) of variable 'col', ../src/sobel_core.cpp:53 11 bit on local variable 'col', ../src/window_generator.cpp:4->../src/sobel_core.cpp:60 [180]  (1.588 ns)

Resolution: For help on HLS 200-1016 see docs.amd.com/access/sources/dita/topic?Doc_Version=2025.2%20English&url=ug1448-hls-guidance&resourceid=200-1016.html
INFO: [SCHED 204-11] Finished scheduling.
INFO: [HLS 200-111] Finished Scheduling: CPU user time: 0 seconds. CPU system time: 0 seconds. Elapsed time: 1.454 seconds; current allocated memory: 212.879 MB.
INFO: [BIND 205-100] Starting micro-architecture generation ...
INFO: [BIND 205-101] Performing variable lifetime analysis.
INFO: [BIND 205-101] Exploring resource sharing.
INFO: [BIND 205-101] Binding ...
INFO: [BIND 205-100] Finished micro-architecture generation.
INFO: [HLS 200-111] Finished Binding: CPU user time: 0 seconds. CPU system time: 0 seconds. Elapsed time: 0.095 seconds; current allocated memory: 212.910 MB.
INFO: [HLS 200-10] ----------------------------------------------------------------
INFO: [HLS 200-42] -- Implementing module 'sobel_core' 
INFO: [HLS 200-10] ----------------------------------------------------------------
INFO: [SCHED 204-11] Starting scheduling ...
INFO: [SCHED 204-11] Finished scheduling.
INFO: [HLS 200-111] Finished Scheduling: CPU user time: 0 seconds. CPU system time: 0 seconds. Elapsed time: 0.1 seconds; current allocated memory: 212.977 MB.
INFO: [BIND 205-100] Starting micro-architecture generation ...
INFO: [BIND 205-101] Performing variable lifetime analysis.
INFO: [BIND 205-101] Exploring resource sharing.
INFO: [BIND 205-101] Binding ...
INFO: [BIND 205-100] Finished micro-architecture generation.
INFO: [HLS 200-111] Finished Binding: CPU user time: 0 seconds. CPU system time: 0 seconds. Elapsed time: 0.044 seconds; current allocated memory: 213.105 MB.
INFO: [HLS 200-10] ----------------------------------------------------------------
INFO: [HLS 200-42] -- Implementing module 'sobel_top' 
INFO: [HLS 200-10] ----------------------------------------------------------------
INFO: [SCHED 204-11] Starting scheduling ...
INFO: [SCHED 204-11] Finished scheduling.
INFO: [HLS 200-111] Finished Scheduling: CPU user time: 0 seconds. CPU system time: 0 seconds. Elapsed time: 0.053 seconds; current allocated memory: 213.152 MB.
INFO: [BIND 205-100] Starting micro-architecture generation ...
INFO: [BIND 205-101] Performing variable lifetime analysis.
INFO: [BIND 205-101] Exploring resource sharing.
INFO: [BIND 205-101] Binding ...
INFO: [BIND 205-100] Finished micro-architecture generation.
INFO: [HLS 200-111] Finished Binding: CPU user time: 0 seconds. CPU system time: 0 seconds. Elapsed time: 0.037 seconds; current allocated memory: 213.188 MB.
INFO: [HLS 200-10] ----------------------------------------------------------------
INFO: [HLS 200-10] -- Generating RTL for module 'sobel_core_Pipeline_init_linebuf' 
INFO: [HLS 200-10] ----------------------------------------------------------------
INFO: [HLS 200-1030] Apply Unified Pipeline Control on module 'sobel_core_Pipeline_init_linebuf' pipeline 'init_linebuf' pipeline type 'loop pipeline'
INFO: [RTGEN 206-100] Finished creating RTL model for 'sobel_core_Pipeline_init_linebuf'.
INFO: [HLS 200-111] Finished Creating RTL model: CPU user time: 0 seconds. CPU system time: 0 seconds. Elapsed time: 1.642 seconds; current allocated memory: 214.828 MB.
INFO: [HLS 200-10] ----------------------------------------------------------------
INFO: [HLS 200-10] -- Generating RTL for module 'sobel_core_Pipeline_row_loop_col_loop' 
INFO: [HLS 200-10] ----------------------------------------------------------------
INFO: [HLS 200-1030] Apply Unified Pipeline Control on module 'sobel_core_Pipeline_row_loop_col_loop' pipeline 'row_loop_col_loop' pipeline type 'loop pipeline'
INFO: [RTGEN 206-100] Finished creating RTL model for 'sobel_core_Pipeline_row_loop_col_loop'.
INFO: [HLS 200-111] Finished Creating RTL model: CPU user time: 0 seconds. CPU system time: 0 seconds. Elapsed time: 0.305 seconds; current allocated memory: 217.031 MB.
INFO: [HLS 200-10] ----------------------------------------------------------------
INFO: [HLS 200-10] -- Generating RTL for module 'sobel_core' 
INFO: [HLS 200-10] ----------------------------------------------------------------
INFO: [RTGEN 206-100] Generating core module 'mul_11ns_11ns_22_2_1': 1 instance(s).
INFO: [RTGEN 206-100] Finished creating RTL model for 'sobel_core'.
INFO: [RTMG 210-278] Implementing memory 'sobel_top_sobel_core_linebuf0_RAM_2P_BRAM_1R1W' using block RAMs.
INFO: [RTMG 210-278] Implementing memory 'sobel_top_sobel_core_linebuf1_RAM_2P_BRAM_1R1W' using block RAMs.
INFO: [HLS 200-111] Finished Creating RTL model: CPU user time: 1 seconds. CPU system time: 1 seconds. Elapsed time: 0.767 seconds; current allocated memory: 220.762 MB.
INFO: [HLS 200-10] ----------------------------------------------------------------
INFO: [HLS 200-10] -- Generating RTL for module 'sobel_top' 
INFO: [HLS 200-10] ----------------------------------------------------------------
WARNING: [RTGEN 206-101] Design contains AXI ports. Reset is fixed to synchronous and active low.
INFO: [RTGEN 206-500] Setting interface mode on port 'sobel_top/in_stream_V_data_V' to 'axis' (register, both mode).
INFO: [RTGEN 206-500] Setting interface mode on port 'sobel_top/in_stream_V_keep_V' to 'axis' (register, both mode).
INFO: [RTGEN 206-500] Setting interface mode on port 'sobel_top/in_stream_V_strb_V' to 'axis' (register, both mode).
INFO: [RTGEN 206-500] Setting interface mode on port 'sobel_top/in_stream_V_user_V' to 'axis' (register, both mode).
INFO: [RTGEN 206-500] Setting interface mode on port 'sobel_top/in_stream_V_last_V' to 'axis' (register, both mode).
INFO: [RTGEN 206-500] Setting interface mode on port 'sobel_top/in_stream_V_id_V' to 'axis' (register, both mode).
INFO: [RTGEN 206-500] Setting interface mode on port 'sobel_top/in_stream_V_dest_V' to 'axis' (register, both mode).
INFO: [RTGEN 206-500] Setting interface mode on port 'sobel_top/out_stream_V_data_V' to 'axis' (register, both mode).
INFO: [RTGEN 206-500] Setting interface mode on port 'sobel_top/out_stream_V_keep_V' to 'axis' (register, both mode).
INFO: [RTGEN 206-500] Setting interface mode on port 'sobel_top/out_stream_V_strb_V' to 'axis' (register, both mode).
INFO: [RTGEN 206-500] Setting interface mode on port 'sobel_top/out_stream_V_user_V' to 'axis' (register, both mode).
INFO: [RTGEN 206-500] Setting interface mode on port 'sobel_top/out_stream_V_last_V' to 'axis' (register, both mode).
INFO: [RTGEN 206-500] Setting interface mode on port 'sobel_top/out_stream_V_id_V' to 'axis' (register, both mode).
INFO: [RTGEN 206-500] Setting interface mode on port 'sobel_top/out_stream_V_dest_V' to 'axis' (register, both mode).
INFO: [RTGEN 206-500] Setting interface mode on port 'sobel_top/width' to 's_axilite & ap_none'.
INFO: [RTGEN 206-500] Setting interface mode on port 'sobel_top/height' to 's_axilite & ap_none'.
INFO: [RTGEN 206-500] Setting interface mode on function 'sobel_top' to 's_axilite & ap_ctrl_hs'.
INFO: [RTGEN 206-100] Bundling port 'width', 'height' and 'return' to AXI-Lite port CTRL.
INFO: [RTGEN 206-100] Finished creating RTL model for 'sobel_top'.
INFO: [HLS 200-111] Finished Creating RTL model: CPU user time: 0 seconds. CPU system time: 0 seconds. Elapsed time: 0.985 seconds; current allocated memory: 221.914 MB.
INFO: [HLS 200-111] Finished Generating all RTL models: CPU user time: 0 seconds. CPU system time: 0 seconds. Elapsed time: 0.93 seconds; current allocated memory: 226.281 MB.
INFO: [HLS 200-2225] Wrote inferred directives to file C:/Users/57778/Desktop/sobel/sobel/sobel_top/hls/syn/inferred_directives.ini
INFO: [HLS 200-111] Finished Updating report files: CPU user time: 2 seconds. CPU system time: 2 seconds. Elapsed time: 3.135 seconds; current allocated memory: 231.102 MB.
INFO: [VHDL 208-304] Generating VHDL RTL for sobel_top.
INFO: [VLOG 209-307] Generating Verilog RTL for sobel_top.
INFO: [HLS 200-789] **** Estimated Fmax: 179.92 MHz
INFO: [HLS 200-112] Total CPU user time: 7 seconds. Total CPU system time: 11 seconds. Total elapsed time: 98.703 seconds; peak allocated memory: 231.160 MB.
INFO: [v++ 60-791] Total elapsed time: 0h 1m 47s
