  **** HLS Build v2025.2 6295257
INFO: [HLS 200-2005] Using work_dir C:/Users/57778/Desktop/sobel/sobel/sobel_top 
INFO: [HLS 200-2176] Writing Vitis IDE component file C:/Users/57778/Desktop/sobel/sobel/sobel_top/vitis-comp.json
INFO: [HLS 200-10] Creating and opening component 'C:/Users/57778/Desktop/sobel/sobel/sobel_top'.
INFO: [HLS 200-1505] Using default flow_target 'vivado'
Resolution: For help on HLS 200-1505 see docs.amd.com/access/sources/dita/topic?Doc_Version=2025.2%20English&url=ug1448-hls-guidance&resourceid=200-1505.html
INFO: [HLS 200-2174] Applying component config ini file hls_config.cfg
INFO: [HLS 200-1465] Applying config ini 'syn.file=../src/sobel.hpp' from hls_config.cfg(10)
INFO: [HLS 200-10] Adding design file 'C:/Users/57778/Desktop/sobel/src/sobel.hpp' to the project
INFO: [HLS 200-1465] Applying config ini 'syn.file=../src/sobel_core.cpp' from hls_config.cfg(11)
INFO: [HLS 200-10] Adding design file 'C:/Users/57778/Desktop/sobel/src/sobel_core.cpp' to the project
INFO: [HLS 200-1465] Applying config ini 'syn.file=../src/sobel_top.cpp' from hls_config.cfg(12)
INFO: [HLS 200-10] Adding design file 'C:/Users/57778/Desktop/sobel/src/sobel_top.cpp' to the project
INFO: [HLS 200-1465] Applying config ini 'syn.file=../src/window_generator.cpp' from hls_config.cfg(13)
INFO: [HLS 200-10] Adding design file 'C:/Users/57778/Desktop/sobel/src/window_generator.cpp' to the project
INFO: [HLS 200-1465] Applying config ini 'syn.file=../src/sobel_ref.cpp' from hls_config.cfg(14)
INFO: [HLS 200-10] Adding design file 'C:/Users/57778/Desktop/sobel/src/sobel_ref.cpp' to the project
INFO: [HLS 200-1465] Applying config ini 'tb.file=../tb/tb_sobel.cpp' from hls_config.cfg(8)
INFO: [HLS 200-10] Adding test bench file 'C:/Users/57778/Desktop/sobel/tb/tb_sobel.cpp' to the project
INFO: [HLS 200-1465] Applying config ini 'syn.top=sobel_top' from hls_config.cfg(7)
INFO: [HLS 200-1465] Applying config ini 'flow_target=vivado' from hls_config.cfg(4)
INFO: [HLS 200-1505] Using flow_target 'vivado'
Resolution: For help on HLS 200-1505 see docs.amd.com/access/sources/dita/topic?Doc_Version=2025.2%20English&url=ug1448-hls-guidance&resourceid=200-1505.html
INFO: [HLS 200-1465] Applying config ini 'part=xc7z020clg400-1' from hls_config.cfg(1)
INFO: [HLS 200-1611] Setting target device to 'xc7z020-clg400-1'
INFO: [HLS 200-1465] Applying config ini 'clock=250Mhz' from hls_config.cfg(9)
INFO: [SYN 201-201] Setting up clock 'default' with a period of 4ns.
INFO: [HLS 200-1465] Applying config ini 'cosim.trace_level=port' from hls_config.cfg(15)
INFO: [HLS 200-1465] Applying config ini 'cosim.wave_debug=1' from hls_config.cfg(16)
INFO: [HLS 200-1465] Applying config ini 'package.output.format=ip_catalog' from hls_config.cfg(5)
INFO: [HLS 200-2176] Writing Vitis IDE component file C:/Users/57778/Desktop/sobel/sobel/sobel_top/vitis-comp.json
INFO: [HLS 200-111] Finished File checks and directory preparation: CPU user time: 3 seconds. CPU system time: 7 seconds. Elapsed time: 24.414 seconds; current allocated memory: 151.457 MB.
INFO: [HLS 200-2191] C-Synthesis will use clang-16 as the compiler
INFO: [HLS 200-10] Analyzing design file '../src/sobel_ref.cpp' ... 
INFO: [HLS 200-10] Analyzing design file '../src/window_generator.cpp' ... 
INFO: [HLS 200-10] Analyzing design file '../src/sobel_top.cpp' ... 
INFO: [HLS 200-10] Analyzing design file '../src/sobel_core.cpp' ... 
INFO: [HLS 200-111] Finished Source Code Analysis and Preprocessing: CPU user time: 1 seconds. CPU system time: 2 seconds. Elapsed time: 67.946 seconds; current allocated memory: 155.055 MB.
INFO: [HLS 200-777] Using interface defaults for 'Vivado' flow target.
INFO: [HLS 200-1995] There were 1,079 instructions in the design after the 'Compile/Link' phase of compilation. See the Design Size Report for more details (C:/Users/57778/Desktop/sobel/sobel/sobel_top/hls/syn/report/csynth_design_size.rpt:2)
INFO: [HLS 200-1995] There were 402 instructions in the design after the 'Unroll/Inline (step 1)' phase of compilation. See the Design Size Report for more details (C:/Users/57778/Desktop/sobel/sobel/sobel_top/hls/syn/report/csynth_design_size.rpt:2)
INFO: [HLS 200-1995] There were 290 instructions in the design after the 'Unroll/Inline (step 2)' phase of compilation. See the Design Size Report for more details (C:/Users/57778/Desktop/sobel/sobel/sobel_top/hls/syn/report/csynth_design_size.rpt:2)
INFO: [HLS 200-1995] There were 280 instructions in the design after the 'Unroll/Inline (step 3)' phase of compilation. See the Design Size Report for more details (C:/Users/57778/Desktop/sobel/sobel/sobel_top/hls/syn/report/csynth_design_size.rpt:2)
INFO: [HLS 200-1995] There were 247 instructions in the design after the 'Unroll/Inline (step 4)' phase of compilation. See the Design Size Report for more details (C:/Users/57778/Desktop/sobel/sobel/sobel_top/hls/syn/report/csynth_design_size.rpt:2)
INFO: [HLS 200-1995] There were 284 instructions in the design after the 'Array/Struct (step 1)' phase of compilation. See the Design Size Report for more details (C:/Users/57778/Desktop/sobel/sobel/sobel_top/hls/syn/report/csynth_design_size.rpt:2)
INFO: [HLS 200-1995] There were 241 instructions in the design after the 'Array/Struct (step 2)' phase of compilation. See the Design Size Report for more details (C:/Users/57778/Desktop/sobel/sobel/sobel_top/hls/syn/report/csynth_design_size.rpt:2)
INFO: [HLS 200-1995] There were 241 instructions in the design after the 'Array/Struct (step 3)' phase of compilation. See the Design Size Report for more details (C:/Users/57778/Desktop/sobel/sobel/sobel_top/hls/syn/report/csynth_design_size.rpt:2)
INFO: [HLS 200-1995] There were 240 instructions in the design after the 'Array/Struct (step 4)' phase of compilation. See the Design Size Report for more details (C:/Users/57778/Desktop/sobel/sobel/sobel_top/hls/syn/report/csynth_design_size.rpt:2)
INFO: [HLS 200-1995] There were 305 instructions in the design after the 'Array/Struct (step 5)' phase of compilation. See the Design Size Report for more details (C:/Users/57778/Desktop/sobel/sobel/sobel_top/hls/syn/report/csynth_design_size.rpt:2)
INFO: [HLS 200-1995] There were 304 instructions in the design after the 'Performance (step 1)' phase of compilation. See the Design Size Report for more details (C:/Users/57778/Desktop/sobel/sobel/sobel_top/hls/syn/report/csynth_design_size.rpt:2)
INFO: [HLS 200-1995] There were 269 instructions in the design after the 'Performance (step 2)' phase of compilation. See the Design Size Report for more details (C:/Users/57778/Desktop/sobel/sobel/sobel_top/hls/syn/report/csynth_design_size.rpt:2)
INFO: [HLS 200-1995] There were 237 instructions in the design after the 'Performance (step 3)' phase of compilation. See the Design Size Report for more details (C:/Users/57778/Desktop/sobel/sobel/sobel_top/hls/syn/report/csynth_design_size.rpt:2)
INFO: [HLS 200-1995] There were 237 instructions in the design after the 'Performance (step 4)' phase of compilation. See the Design Size Report for more details (C:/Users/57778/Desktop/sobel/sobel/sobel_top/hls/syn/report/csynth_design_size.rpt:2)
INFO: [HLS 200-1995] There were 217 instructions in the design after the 'HW Transforms (step 1)' phase of compilation. See the Design Size Report for more details (C:/Users/57778/Desktop/sobel/sobel/sobel_top/hls/syn/report/csynth_design_size.rpt:2)
INFO: [HLS 200-1995] There were 172 instructions in the design after the 'HW Transforms (step 2)' phase of compilation. See the Design Size Report for more details (C:/Users/57778/Desktop/sobel/sobel/sobel_top/hls/syn/report/csynth_design_size.rpt:2)
INFO: [HLS 214-131] Inlining function 'window_generator(ap_uint<8>, int, ap_uint<8>*, ap_uint<8>*, ap_uint<8> (*) [3])' into 'sobel_core(hls::stream<hls::axis<ap_uint<8>, 1ul, 1ul, 1ul, (unsigned char)56, false>, 0>&, hls::stream<hls::axis<ap_uint<8>, 1ul, 1ul, 1ul, (unsigned char)56, false>, 0>&, int, int)' (../src/sobel_core.cpp:52:13)
INFO: [HLS 214-186] Unrolling loop 'VITIS_LOOP_37_3' (../src/sobel_core.cpp:37:26) in function 'sobel_core' completely with a factor of 3 (../src/sobel_core.cpp:18:0)
INFO: [HLS 214-178] Inlining function 'hls::axis<ap_uint<8>, 1ul, 1ul, 1ul, (unsigned char)56, false>::axis()' into 'sobel_core(hls::stream<hls::axis<ap_uint<8>, 1ul, 1ul, 1ul, (unsigned char)56, false>, 0>&, hls::stream<hls::axis<ap_uint<8>, 1ul, 1ul, 1ul, (unsigned char)56, false>, 0>&, int, int)' (../src/sobel_core.cpp:18:0)
INFO: [HLS 214-248] Applying array_partition to 'window': Complete partitioning on dimension 1. Complete partitioning on dimension 2. (../src/sobel_core.cpp:27:16)
INFO: [HLS 214-376] Pipelining loop< VITIS_LOOP_36_2> at ../src/sobel_core.cpp:36:22 due to pipeline_loops threshold
INFO: [HLS 200-111] Finished Compiling Optimization and Transform: CPU user time: 0 seconds. CPU system time: 0 seconds. Elapsed time: 13.809 seconds; current allocated memory: 156.781 MB.
INFO: [HLS 200-111] Finished Checking Pragmas: CPU user time: 0 seconds. CPU system time: 0 seconds. Elapsed time: 0.033 seconds; current allocated memory: 156.781 MB.
INFO: [HLS 200-10] Starting code transformations ...
INFO: [HLS 200-111] Finished Standard Transforms: CPU user time: 0 seconds. CPU system time: 0 seconds. Elapsed time: 0.108 seconds; current allocated memory: 161.543 MB.
INFO: [HLS 200-10] Checking synthesizability ...
INFO: [HLS 200-111] Finished Checking Synthesizability: CPU user time: 0 seconds. CPU system time: 0 seconds. Elapsed time: 0.044 seconds; current allocated memory: 163.438 MB.
INFO: [XFORM 203-401] Performing if-conversion on hyperblock from (../src/sobel_core.cpp:36:31) to (../src/sobel_core.cpp:36:22) in function 'sobel_core'... converting 3 basic blocks.
INFO: [XFORM 203-401] Performing if-conversion on hyperblock from (../src/sobel_core.cpp:47:1) to (../src/sobel_core.cpp:46:26) in function 'sobel_core'... converting 3 basic blocks.
INFO: [HLS 200-111] Finished Loop, function and other optimizations: CPU user time: 1 seconds. CPU system time: 0 seconds. Elapsed time: 0.149 seconds; current allocated memory: 185.547 MB.
INFO: [HLS 200-2061] Successfully converted nested loops 'VITIS_LOOP_45_4'(../src/sobel_core.cpp:45:22) and 'VITIS_LOOP_46_5'(../src/sobel_core.cpp:46:26) in function 'sobel_core' into perfectly nested loops.
INFO: [XFORM 203-541] Flattening a loop nest 'VITIS_LOOP_45_4' (../src/sobel_core.cpp:45:22) in function 'sobel_core'.
INFO: [HLS 200-111] Finished Architecture Synthesis: CPU user time: 0 seconds. CPU system time: 0 seconds. Elapsed time: 0.168 seconds; current allocated memory: 206.934 MB.
INFO: [HLS 200-10] Starting hardware synthesis ...
INFO: [HLS 200-10] Synthesizing 'sobel_top' ...
INFO: [HLS 200-10] ----------------------------------------------------------------
INFO: [HLS 200-42] -- Implementing module 'sobel_core_Pipeline_VITIS_LOOP_30_1' 
INFO: [HLS 200-10] ----------------------------------------------------------------
INFO: [SCHED 204-11] Starting scheduling ...
INFO: [SCHED 204-61] Pipelining loop 'VITIS_LOOP_30_1'.
WARNING: [HLS 200-887] Cannot meet target clock period from basic block for.inc to 'icmp' operation 1 bit ('icmp_ln30', ../src/sobel_core.cpp:30) (combination delay: 3.227 ns) to honor II or Latency constraint in region 'VITIS_LOOP_30_1'.
Resolution: For help on HLS 200-887 see docs.amd.com/access/sources/dita/topic?Doc_Version=2025.2%20English&url=ug1448-hls-guidance&resourceid=200-887.html
WARNING: [HLS 200-887] Cannot meet target clock period from basic block for.inc to 'store' operation ('i_write_ln30', ../src/sobel_core.cpp:30) of variable 'add_ln30', ../src/sobel_core.cpp:30 11 bit on local variable 'i', ../src/sobel_core.cpp:30 (combination delay: 4.815 ns) to honor II or Latency constraint in region 'VITIS_LOOP_30_1'.
Resolution: For help on HLS 200-887 see docs.amd.com/access/sources/dita/topic?Doc_Version=2025.2%20English&url=ug1448-hls-guidance&resourceid=200-887.html
INFO: [HLS 200-1470] Pipelining result : Target II = 1, Final II = 1, Depth = 2, loop 'VITIS_LOOP_30_1'
WARNING: [HLS 200-871] Estimated clock period (4.815 ns) exceeds the target (target clock period: 4.000 ns, clock uncertainty: 1.080 ns, effective delay budget: 2.920 ns).
Resolution: For help on HLS 200-871 see docs.amd.com/access/sources/dita/topic?Doc_Version=2025.2%20English&url=ug1448-hls-guidance&resourceid=200-871.html
WARNING: [HLS 200-1016] The critical path in module 'sobel_core_Pipeline_VITIS_LOOP_30_1' consists of the following:
	'store' operation ('i_write_ln30', ../src/sobel_core.cpp:30) of constant 0 11 bit on local variable 'i', ../src/sobel_core.cpp:30 [8]  (1.588 ns)
	'load' operation 11 bit ('i', ../src/sobel_core.cpp:30) on local variable 'i', ../src/sobel_core.cpp:30 [11]  (0.000 ns)
	'add' operation 11 bit ('add_ln30', ../src/sobel_core.cpp:30) [14]  (1.639 ns)
	'store' operation ('i_write_ln30', ../src/sobel_core.cpp:30) of variable 'add_ln30', ../src/sobel_core.cpp:30 11 bit on local variable 'i', ../src/sobel_core.cpp:30 [24]  (1.588 ns)

Resolution: For help on HLS 200-1016 see docs.amd.com/access/sources/dita/topic?Doc_Version=2025.2%20English&url=ug1448-hls-guidance&resourceid=200-1016.html
INFO: [SCHED 204-11] Finished scheduling.
INFO: [HLS 200-111] Finished Scheduling: CPU user time: 0 seconds. CPU system time: 0 seconds. Elapsed time: 1.486 seconds; current allocated memory: 210.820 MB.
INFO: [BIND 205-100] Starting micro-architecture generation ...
INFO: [BIND 205-101] Performing variable lifetime analysis.
INFO: [BIND 205-101] Exploring resource sharing.
INFO: [BIND 205-101] Binding ...
INFO: [BIND 205-100] Finished micro-architecture generation.
INFO: [HLS 200-111] Finished Binding: CPU user time: 0 seconds. CPU system time: 1 seconds. Elapsed time: 0.059 seconds; current allocated memory: 212.062 MB.
INFO: [HLS 200-10] ----------------------------------------------------------------
INFO: [HLS 200-42] -- Implementing module 'sobel_core_Pipeline_VITIS_LOOP_45_4_VITIS_LOOP_46_5' 
INFO: [HLS 200-10] ----------------------------------------------------------------
INFO: [SCHED 204-11] Starting scheduling ...
INFO: [SCHED 204-61] Pipelining loop 'VITIS_LOOP_45_4_VITIS_LOOP_46_5'.
WARNING: [HLS 200-887] Cannot meet target clock period from 'icmp' operation 1 bit ('icmp_ln46', ../src/sobel_core.cpp:46) to 'add' operation 11 bit ('add_ln46_1', ../src/sobel_core.cpp:46) (combination delay: 3.97 ns) to honor II or Latency constraint in region 'VITIS_LOOP_45_4_VITIS_LOOP_46_5'.
Resolution: For help on HLS 200-887 see docs.amd.com/access/sources/dita/topic?Doc_Version=2025.2%20English&url=ug1448-hls-guidance&resourceid=200-887.html
WARNING: [HLS 200-887] Cannot meet target clock period from 'icmp' operation 1 bit ('icmp_ln46', ../src/sobel_core.cpp:46) to 'store' operation ('col_write_ln4', ../src/window_generator.cpp:4->../src/sobel_core.cpp:52) of variable 'add_ln46_1', ../src/sobel_core.cpp:46 11 bit on local variable 'col', ../src/window_generator.cpp:4->../src/sobel_core.cpp:52 (combination delay: 5.558 ns) to honor II or Latency constraint in region 'VITIS_LOOP_45_4_VITIS_LOOP_46_5'.
Resolution: For help on HLS 200-887 see docs.amd.com/access/sources/dita/topic?Doc_Version=2025.2%20English&url=ug1448-hls-guidance&resourceid=200-887.html
INFO: [HLS 200-1470] Pipelining result : Target II = 1, Final II = 1, Depth = 8, loop 'VITIS_LOOP_45_4_VITIS_LOOP_46_5'
WARNING: [HLS 200-871] Estimated clock period (5.558 ns) exceeds the target (target clock period: 4.000 ns, clock uncertainty: 1.080 ns, effective delay budget: 2.920 ns).
Resolution: For help on HLS 200-871 see docs.amd.com/access/sources/dita/topic?Doc_Version=2025.2%20English&url=ug1448-hls-guidance&resourceid=200-871.html
WARNING: [HLS 200-1016] The critical path in module 'sobel_core_Pipeline_VITIS_LOOP_45_4_VITIS_LOOP_46_5' consists of the following:
	'load' operation 11 bit ('col_load', ../src/sobel_core.cpp:46) on local variable 'col', ../src/window_generator.cpp:4->../src/sobel_core.cpp:52 [76]  (0.000 ns)
	'icmp' operation 1 bit ('icmp_ln46', ../src/sobel_core.cpp:46) [81]  (1.639 ns)
	'select' operation 11 bit ('select_ln45', ../src/sobel_core.cpp:45) [82]  (0.692 ns)
	'add' operation 11 bit ('add_ln46_1', ../src/sobel_core.cpp:46) [166]  (1.639 ns)
	'store' operation ('col_write_ln4', ../src/window_generator.cpp:4->../src/sobel_core.cpp:52) of variable 'add_ln46_1', ../src/sobel_core.cpp:46 11 bit on local variable 'col', ../src/window_generator.cpp:4->../src/sobel_core.cpp:52 [173]  (1.588 ns)

Resolution: For help on HLS 200-1016 see docs.amd.com/access/sources/dita/topic?Doc_Version=2025.2%20English&url=ug1448-hls-guidance&resourceid=200-1016.html
INFO: [SCHED 204-11] Finished scheduling.
INFO: [HLS 200-111] Finished Scheduling: CPU user time: 0 seconds. CPU system time: 0 seconds. Elapsed time: 0.204 seconds; current allocated memory: 212.387 MB.
INFO: [BIND 205-100] Starting micro-architecture generation ...
INFO: [BIND 205-101] Performing variable lifetime analysis.
INFO: [BIND 205-101] Exploring resource sharing.
INFO: [BIND 205-101] Binding ...
INFO: [BIND 205-100] Finished micro-architecture generation.
INFO: [HLS 200-111] Finished Binding: CPU user time: 0 seconds. CPU system time: 0 seconds. Elapsed time: 0.109 seconds; current allocated memory: 212.406 MB.
INFO: [HLS 200-10] ----------------------------------------------------------------
INFO: [HLS 200-42] -- Implementing module 'sobel_core' 
INFO: [HLS 200-10] ----------------------------------------------------------------
INFO: [SCHED 204-11] Starting scheduling ...
WARNING: [HLS 200-871] Estimated clock period (4.815 ns) exceeds the target (target clock period: 4.000 ns, clock uncertainty: 1.080 ns, effective delay budget: 2.920 ns).
Resolution: For help on HLS 200-871 see docs.amd.com/access/sources/dita/topic?Doc_Version=2025.2%20English&url=ug1448-hls-guidance&resourceid=200-871.html
WARNING: [HLS 200-1016] The critical path in module 'sobel_core' consists of the following:
	'call' operation ('_ln0') to 'sobel_core_Pipeline_VITIS_LOOP_30_1' [38]  (4.815 ns)

Resolution: For help on HLS 200-1016 see docs.amd.com/access/sources/dita/topic?Doc_Version=2025.2%20English&url=ug1448-hls-guidance&resourceid=200-1016.html
INFO: [SCHED 204-11] Finished scheduling.
INFO: [HLS 200-111] Finished Scheduling: CPU user time: 0 seconds. CPU system time: 0 seconds. Elapsed time: 1.647 seconds; current allocated memory: 212.520 MB.
INFO: [BIND 205-100] Starting micro-architecture generation ...
INFO: [BIND 205-101] Performing variable lifetime analysis.
INFO: [BIND 205-101] Exploring resource sharing.
INFO: [BIND 205-101] Binding ...
INFO: [BIND 205-100] Finished micro-architecture generation.
INFO: [HLS 200-111] Finished Binding: CPU user time: 0 seconds. CPU system time: 0 seconds. Elapsed time: 0.045 seconds; current allocated memory: 212.621 MB.
INFO: [HLS 200-10] ----------------------------------------------------------------
INFO: [HLS 200-42] -- Implementing module 'sobel_top' 
INFO: [HLS 200-10] ----------------------------------------------------------------
INFO: [SCHED 204-11] Starting scheduling ...
INFO: [SCHED 204-11] Finished scheduling.
INFO: [HLS 200-111] Finished Scheduling: CPU user time: 0 seconds. CPU system time: 0 seconds. Elapsed time: 0.056 seconds; current allocated memory: 212.668 MB.
INFO: [BIND 205-100] Starting micro-architecture generation ...
INFO: [BIND 205-101] Performing variable lifetime analysis.
INFO: [BIND 205-101] Exploring resource sharing.
INFO: [BIND 205-101] Binding ...
INFO: [BIND 205-100] Finished micro-architecture generation.
INFO: [HLS 200-111] Finished Binding: CPU user time: 0 seconds. CPU system time: 0 seconds. Elapsed time: 0.039 seconds; current allocated memory: 212.766 MB.
INFO: [HLS 200-10] ----------------------------------------------------------------
INFO: [HLS 200-10] -- Generating RTL for module 'sobel_core_Pipeline_VITIS_LOOP_30_1' 
INFO: [HLS 200-10] ----------------------------------------------------------------
INFO: [HLS 200-1030] Apply Unified Pipeline Control on module 'sobel_core_Pipeline_VITIS_LOOP_30_1' pipeline 'VITIS_LOOP_30_1' pipeline type 'loop pipeline'
INFO: [RTGEN 206-100] Finished creating RTL model for 'sobel_core_Pipeline_VITIS_LOOP_30_1'.
INFO: [HLS 200-111] Finished Creating RTL model: CPU user time: 0 seconds. CPU system time: 0 seconds. Elapsed time: 0.102 seconds; current allocated memory: 214.449 MB.
INFO: [HLS 200-10] ----------------------------------------------------------------
INFO: [HLS 200-10] -- Generating RTL for module 'sobel_core_Pipeline_VITIS_LOOP_45_4_VITIS_LOOP_46_5' 
INFO: [HLS 200-10] ----------------------------------------------------------------
INFO: [HLS 200-1030] Apply Unified Pipeline Control on module 'sobel_core_Pipeline_VITIS_LOOP_45_4_VITIS_LOOP_46_5' pipeline 'VITIS_LOOP_45_4_VITIS_LOOP_46_5' pipeline type 'loop pipeline'
INFO: [RTGEN 206-100] Generating core module 'icmp_64ns_64ns_1_2_1': 2 instance(s).
INFO: [RTGEN 206-100] Finished creating RTL model for 'sobel_core_Pipeline_VITIS_LOOP_45_4_VITIS_LOOP_46_5'.
INFO: [HLS 200-111] Finished Creating RTL model: CPU user time: 0 seconds. CPU system time: 0 seconds. Elapsed time: 0.316 seconds; current allocated memory: 217.406 MB.
INFO: [HLS 200-10] ----------------------------------------------------------------
INFO: [HLS 200-10] -- Generating RTL for module 'sobel_core' 
INFO: [HLS 200-10] ----------------------------------------------------------------
INFO: [RTGEN 206-100] Generating core module 'mul_11ns_11ns_22_4_1': 1 instance(s).
INFO: [RTGEN 206-100] Generating core module 'mul_32s_32s_32_5_1': 1 instance(s).
INFO: [RTGEN 206-100] Finished creating RTL model for 'sobel_core'.
INFO: [RTMG 210-278] Implementing memory 'sobel_top_sobel_core_linebuf0_RAM_T2P_BRAM_2R1W' using block RAMs.
INFO: [RTMG 210-278] Implementing memory 'sobel_top_sobel_core_linebuf1_RAM_T2P_BRAM_2R1W' using block RAMs.
INFO: [HLS 200-111] Finished Creating RTL model: CPU user time: 1 seconds. CPU system time: 0 seconds. Elapsed time: 1.487 seconds; current allocated memory: 221.070 MB.
INFO: [HLS 200-10] ----------------------------------------------------------------
INFO: [HLS 200-10] -- Generating RTL for module 'sobel_top' 
INFO: [HLS 200-10] ----------------------------------------------------------------
WARNING: [RTGEN 206-101] Design contains AXI ports. Reset is fixed to synchronous and active low.
INFO: [RTGEN 206-500] Setting interface mode on port 'sobel_top/in_stream_V_data_V' to 'axis' (register, both mode).
INFO: [RTGEN 206-500] Setting interface mode on port 'sobel_top/in_stream_V_keep_V' to 'axis' (register, both mode).
INFO: [RTGEN 206-500] Setting interface mode on port 'sobel_top/in_stream_V_strb_V' to 'axis' (register, both mode).
INFO: [RTGEN 206-500] Setting interface mode on port 'sobel_top/in_stream_V_user_V' to 'axis' (register, both mode).
INFO: [RTGEN 206-500] Setting interface mode on port 'sobel_top/in_stream_V_last_V' to 'axis' (register, both mode).
INFO: [RTGEN 206-500] Setting interface mode on port 'sobel_top/in_stream_V_id_V' to 'axis' (register, both mode).
INFO: [RTGEN 206-500] Setting interface mode on port 'sobel_top/in_stream_V_dest_V' to 'axis' (register, both mode).
INFO: [RTGEN 206-500] Setting interface mode on port 'sobel_top/out_stream_V_data_V' to 'axis' (register, both mode).
INFO: [RTGEN 206-500] Setting interface mode on port 'sobel_top/out_stream_V_keep_V' to 'axis' (register, both mode).
INFO: [RTGEN 206-500] Setting interface mode on port 'sobel_top/out_stream_V_strb_V' to 'axis' (register, both mode).
INFO: [RTGEN 206-500] Setting interface mode on port 'sobel_top/out_stream_V_user_V' to 'axis' (register, both mode).
INFO: [RTGEN 206-500] Setting interface mode on port 'sobel_top/out_stream_V_last_V' to 'axis' (register, both mode).
INFO: [RTGEN 206-500] Setting interface mode on port 'sobel_top/out_stream_V_id_V' to 'axis' (register, both mode).
INFO: [RTGEN 206-500] Setting interface mode on port 'sobel_top/out_stream_V_dest_V' to 'axis' (register, both mode).
INFO: [RTGEN 206-500] Setting interface mode on port 'sobel_top/width' to 's_axilite & ap_none'.
INFO: [RTGEN 206-500] Setting interface mode on port 'sobel_top/height' to 's_axilite & ap_none'.
INFO: [RTGEN 206-500] Setting interface mode on function 'sobel_top' to 's_axilite & ap_ctrl_hs'.
INFO: [RTGEN 206-100] Bundling port 'width', 'height' and 'return' to AXI-Lite port CTRL.
INFO: [RTGEN 206-100] Finished creating RTL model for 'sobel_top'.
INFO: [HLS 200-111] Finished Creating RTL model: CPU user time: 0 seconds. CPU system time: 0 seconds. Elapsed time: 0.31 seconds; current allocated memory: 221.805 MB.
INFO: [HLS 200-111] Finished Generating all RTL models: CPU user time: 0 seconds. CPU system time: 1 seconds. Elapsed time: 0.985 seconds; current allocated memory: 225.773 MB.
INFO: [HLS 200-2225] Wrote inferred directives to file C:/Users/57778/Desktop/sobel/sobel/sobel_top/hls/syn/inferred_directives.ini
INFO: [HLS 200-111] Finished Updating report files: CPU user time: 2 seconds. CPU system time: 2 seconds. Elapsed time: 3.116 seconds; current allocated memory: 230.980 MB.
INFO: [VHDL 208-304] Generating VHDL RTL for sobel_top.
INFO: [VLOG 209-307] Generating Verilog RTL for sobel_top.
INFO: [HLS 200-789] **** Estimated Fmax: 179.92 MHz
INFO: [HLS 200-112] Total CPU user time: 8 seconds. Total CPU system time: 13 seconds. Total elapsed time: 116.683 seconds; peak allocated memory: 231.031 MB.
INFO: [v++ 60-791] Total elapsed time: 0h 2m 8s
