  **** HLS Build v2025.2 6295257
INFO: [HLS 200-2005] Using work_dir C:/Users/57778/Desktop/sobel/sobel/sobel_top 
INFO: [HLS 200-2176] Writing Vitis IDE component file C:/Users/57778/Desktop/sobel/sobel/sobel_top/vitis-comp.json
INFO: [HLS 200-10] Creating and opening component 'C:/Users/57778/Desktop/sobel/sobel/sobel_top'.
INFO: [HLS 200-1611] Setting target device to 'xc7z020-clg400-1'
INFO: [HLS 200-1505] Using default flow_target 'vivado'
Resolution: For help on HLS 200-1505 see docs.amd.com/access/sources/dita/topic?Doc_Version=2025.2%20English&url=ug1448-hls-guidance&resourceid=200-1505.html
INFO: [HLS 200-2174] Applying component config ini file hls_config.cfg
INFO: [HLS 200-1465] Applying config ini 'syn.file=../src/sobel.hpp' from hls_config.cfg(10)
INFO: [HLS 200-10] Adding design file 'C:/Users/57778/Desktop/sobel/src/sobel.hpp' to the project
INFO: [HLS 200-1465] Applying config ini 'syn.file=../src/sobel_core.cpp' from hls_config.cfg(11)
INFO: [HLS 200-10] Adding design file 'C:/Users/57778/Desktop/sobel/src/sobel_core.cpp' to the project
INFO: [HLS 200-1465] Applying config ini 'syn.file=../src/sobel_top.cpp' from hls_config.cfg(12)
INFO: [HLS 200-10] Adding design file 'C:/Users/57778/Desktop/sobel/src/sobel_top.cpp' to the project
INFO: [HLS 200-1465] Applying config ini 'syn.file=../src/window_generator.cpp' from hls_config.cfg(13)
INFO: [HLS 200-10] Adding design file 'C:/Users/57778/Desktop/sobel/src/window_generator.cpp' to the project
INFO: [HLS 200-1465] Applying config ini 'syn.file=../src/sobel_ref.cpp' from hls_config.cfg(14)
INFO: [HLS 200-10] Adding design file 'C:/Users/57778/Desktop/sobel/src/sobel_ref.cpp' to the project
INFO: [HLS 200-1465] Applying config ini 'tb.file=../tb/tb_sobel.cpp' from hls_config.cfg(8)
INFO: [HLS 200-10] Adding test bench file 'C:/Users/57778/Desktop/sobel/tb/tb_sobel.cpp' to the project
INFO: [HLS 200-1465] Applying config ini 'syn.top=sobel_top' from hls_config.cfg(7)
INFO: [HLS 200-1465] Applying config ini 'flow_target=vivado' from hls_config.cfg(4)
INFO: [HLS 200-1505] Using flow_target 'vivado'
Resolution: For help on HLS 200-1505 see docs.amd.com/access/sources/dita/topic?Doc_Version=2025.2%20English&url=ug1448-hls-guidance&resourceid=200-1505.html
INFO: [HLS 200-1465] Applying config ini 'part=xc7z020clg400-1' from hls_config.cfg(1)
INFO: [HLS 200-1465] Applying config ini 'clock=125Mhz' from hls_config.cfg(9)
INFO: [SYN 201-201] Setting up clock 'default' with a period of 8ns.
INFO: [HLS 200-1465] Applying config ini 'cosim.trace_level=port' from hls_config.cfg(15)
INFO: [HLS 200-1465] Applying config ini 'cosim.wave_debug=1' from hls_config.cfg(16)
INFO: [HLS 200-1465] Applying config ini 'package.output.format=ip_catalog' from hls_config.cfg(5)
INFO: [HLS 200-2176] Writing Vitis IDE component file C:/Users/57778/Desktop/sobel/sobel/sobel_top/vitis-comp.json
INFO: [COSIM 212-47] Using XSIM for RTL simulation.
INFO: [COSIM 212-14] Instrumenting C test bench ...
   Build using "C:/AMDDesignTools/2025.2/Vitis/win64/tools/clang-16/bin/clang++"
   Compiling apatb_sobel_top.cpp
   Compiling apatb_sobel_top_util.cpp
   Compiling sobel_core.cpp_pre.cpp.tb.cpp
   Compiling sobel_ref.cpp_pre.cpp.tb.cpp
   Compiling sobel_top.cpp_pre.cpp.tb.cpp
   Compiling tb_sobel.cpp_pre.cpp.tb.cpp
   Compiling window_generator.cpp_pre.cpp.tb.cpp
   Compiling apatb_sobel_top_ir.ll
   Generating cosim.tv.exe
INFO: [COSIM 212-302] Starting C TB testing ... 
Input image size: 784 x 786
PASS: HLS output matches golden reference.
INFO [HLS SIM]: The maximum depth reached by any hls::stream() instance in the design is 616224
INFO: [COSIM 212-333] Generating C post check test bench ...
INFO: [COSIM 212-12] Generating RTL test bench ...
INFO: [COSIM 212-1] *** C/RTL co-simulation file generation completed. ***
INFO: [COSIM 212-323] Starting verilog simulation. 
INFO: [COSIM 212-15] Starting XSIM ...

C:\Users\57778\Desktop\sobel\sobel\sobel_top\hls\sim\verilog>set PATH= 

C:\Users\57778\Desktop\sobel\sobel\sobel_top\hls\sim\verilog>call C:/AMDDesignTools/2025.2/Vivado/bin/xelab xil_defaultlib.apatb_sobel_top_top xil_defaultlib.glbl -Oenable_linking_all_libraries -prj sobel_top.prj -L smartconnect_v1_0 -L axi_protocol_checker_v1_1_12 -L axi_protocol_checker_v1_1_13 -L axis_protocol_checker_v1_1_11 -L axis_protocol_checker_v1_1_12 -L xil_defaultlib -L unisims_ver -L xpm  -L floating_point_v7_1_21 -L floating_point_v7_0_26 --lib "ieee_proposed=./ieee_proposed" -L uvm -relax -i ./svr -i ./axivip -i ./svtb -i ./file_agent -i ./sobel_top_subsystem  -s sobel_top -debug all 
Vivado Simulator v2025.2
Copyright 1986-2022 Xilinx, Inc. All Rights Reserved.
Copyright 2022-2025 Advanced Micro Devices, Inc. All Rights Reserved.
Running: C:/AMDDesignTools/2025.2/Vivado/bin/unwrapped/win64.o/xelab.exe xil_defaultlib.apatb_sobel_top_top xil_defaultlib.glbl -Oenable_linking_all_libraries -prj sobel_top.prj -L smartconnect_v1_0 -L axi_protocol_checker_v1_1_12 -L axi_protocol_checker_v1_1_13 -L axis_protocol_checker_v1_1_11 -L axis_protocol_checker_v1_1_12 -L xil_defaultlib -L unisims_ver -L xpm -L floating_point_v7_1_21 -L floating_point_v7_0_26 --lib ieee_proposed=./ieee_proposed -L uvm -relax -i ./svr -i ./axivip -i ./svtb -i ./file_agent -i ./sobel_top_subsystem -s sobel_top -debug all 
Multi-threading is on. Using 14 slave threads.
INFO: [VRFC 10-2263] Analyzing SystemVerilog file "C:/Users/57778/Desktop/sobel/sobel/sobel_top/hls/sim/verilog/glbl.v" into library xil_defaultlib
INFO: [VRFC 10-311] analyzing module glbl
INFO: [VRFC 10-2263] Analyzing SystemVerilog file "C:/Users/57778/Desktop/sobel/sobel/sobel_top/hls/sim/verilog/AESL_deadlock_idx0_monitor.v" into library xil_defaultlib
INFO: [VRFC 10-311] analyzing module AESL_deadlock_idx0_monitor
INFO: [VRFC 10-2263] Analyzing SystemVerilog file "C:/Users/57778/Desktop/sobel/sobel/sobel_top/hls/sim/verilog/AESL_deadlock_idx1_monitor.v" into library xil_defaultlib
INFO: [VRFC 10-311] analyzing module AESL_deadlock_idx1_monitor
INFO: [VRFC 10-2263] Analyzing SystemVerilog file "C:/Users/57778/Desktop/sobel/sobel/sobel_top/hls/sim/verilog/AESL_deadlock_idx2_monitor.v" into library xil_defaultlib
INFO: [VRFC 10-311] analyzing module AESL_deadlock_idx2_monitor
INFO: [VRFC 10-2263] Analyzing SystemVerilog file "C:/Users/57778/Desktop/sobel/sobel/sobel_top/hls/sim/verilog/AESL_deadlock_kernel_monitor_top.v" into library xil_defaultlib
INFO: [VRFC 10-311] analyzing module AESL_deadlock_kernel_monitor_top
INFO: [VRFC 10-2263] Analyzing SystemVerilog file "C:/Users/57778/Desktop/sobel/sobel/sobel_top/hls/sim/verilog/sobel_top.autotb.v" into library xil_defaultlib
INFO: [VRFC 10-311] analyzing module apatb_sobel_top_top
INFO: [VRFC 10-2263] Analyzing SystemVerilog file "C:/Users/57778/Desktop/sobel/sobel/sobel_top/hls/sim/verilog/sobel_top.v" into library xil_defaultlib
INFO: [VRFC 10-311] analyzing module sobel_top
INFO: [VRFC 10-2263] Analyzing SystemVerilog file "C:/Users/57778/Desktop/sobel/sobel/sobel_top/hls/sim/verilog/sobel_top_CTRL_s_axi.v" into library xil_defaultlib
INFO: [VRFC 10-311] analyzing module sobel_top_CTRL_s_axi
INFO: [VRFC 10-2263] Analyzing SystemVerilog file "C:/Users/57778/Desktop/sobel/sobel/sobel_top/hls/sim/verilog/sobel_top_flow_control_loop_pipe_sequential_init.v" into library xil_defaultlib
INFO: [VRFC 10-311] analyzing module sobel_top_flow_control_loop_pipe_sequential_init
INFO: [VRFC 10-2263] Analyzing SystemVerilog file "C:/Users/57778/Desktop/sobel/sobel/sobel_top/hls/sim/verilog/sobel_top_mul_11ns_11ns_22_1_1.v" into library xil_defaultlib
INFO: [VRFC 10-311] analyzing module sobel_top_mul_11ns_11ns_22_1_1
INFO: [VRFC 10-2263] Analyzing SystemVerilog file "C:/Users/57778/Desktop/sobel/sobel/sobel_top/hls/sim/verilog/sobel_top_regslice_both.v" into library xil_defaultlib
INFO: [VRFC 10-311] analyzing module sobel_top_regslice_both
INFO: [VRFC 10-2263] Analyzing SystemVerilog file "C:/Users/57778/Desktop/sobel/sobel/sobel_top/hls/sim/verilog/sobel_top_sobel_core.v" into library xil_defaultlib
INFO: [VRFC 10-311] analyzing module sobel_top_sobel_core
INFO: [VRFC 10-2263] Analyzing SystemVerilog file "C:/Users/57778/Desktop/sobel/sobel/sobel_top/hls/sim/verilog/sobel_top_sobel_core_linebuf0_RAM_2P_BRAM_1R1W.v" into library xil_defaultlib
INFO: [VRFC 10-311] analyzing module sobel_top_sobel_core_linebuf0_RAM_2P_BRAM_1R1W
INFO: [VRFC 10-2263] Analyzing SystemVerilog file "C:/Users/57778/Desktop/sobel/sobel/sobel_top/hls/sim/verilog/sobel_top_sobel_core_linebuf1_RAM_2P_BRAM_1R1W.v" into library xil_defaultlib
INFO: [VRFC 10-311] analyzing module sobel_top_sobel_core_linebuf1_RAM_2P_BRAM_1R1W
INFO: [VRFC 10-2263] Analyzing SystemVerilog file "C:/Users/57778/Desktop/sobel/sobel/sobel_top/hls/sim/verilog/sobel_top_sobel_core_Pipeline_init_linebuf.v" into library xil_defaultlib
INFO: [VRFC 10-311] analyzing module sobel_top_sobel_core_Pipeline_init_linebuf
INFO: [VRFC 10-2263] Analyzing SystemVerilog file "C:/Users/57778/Desktop/sobel/sobel/sobel_top/hls/sim/verilog/sobel_top_sobel_core_Pipeline_row_loop_col_loop.v" into library xil_defaultlib
INFO: [VRFC 10-311] analyzing module sobel_top_sobel_core_Pipeline_row_loop_col_loop
INFO: [VRFC 10-2263] Analyzing SystemVerilog file "C:/Users/57778/Desktop/sobel/sobel/sobel_top/hls/sim/verilog/dataflow_monitor.sv" into library xil_defaultlib
INFO: [VRFC 10-311] analyzing module dataflow_monitor
INFO: [VRFC 10-2263] Analyzing SystemVerilog file "C:/Users/57778/Desktop/sobel/sobel/sobel_top/hls/sim/verilog/file_agent/file_agent_pkg.sv" into library xil_defaultlib
INFO: [VRFC 10-2263] Analyzing SystemVerilog file "C:/Users/57778/Desktop/sobel/sobel/sobel_top/hls/sim/verilog/svr/svr_pkg.sv" into library xil_defaultlib
INFO: [VRFC 10-2263] Analyzing SystemVerilog file "C:/Users/57778/Desktop/sobel/sobel/sobel_top/hls/sim/verilog/svr/svr_if.sv" into library xil_defaultlib
INFO: [VRFC 10-2263] Analyzing SystemVerilog file "C:/Users/57778/Desktop/sobel/sobel/sobel_top/hls/sim/verilog/axivip/axi_pkg.sv" into library xil_defaultlib
INFO: [VRFC 10-2263] Analyzing SystemVerilog file "C:/Users/57778/Desktop/sobel/sobel/sobel_top/hls/sim/verilog/axivip/axi_if.sv" into library xil_defaultlib
INFO: [VRFC 10-2263] Analyzing SystemVerilog file "C:/Users/57778/Desktop/sobel/sobel/sobel_top/hls/sim/verilog/sobel_top_subsystem/sobel_top_subsystem_pkg.sv" into library xil_defaultlib
INFO: [VRFC 10-2263] Analyzing SystemVerilog file "C:/Users/57778/Desktop/sobel/sobel/sobel_top/hls/sim/verilog/svtb/misc_interface.sv" into library xil_defaultlib
INFO: [VRFC 10-2263] Analyzing SystemVerilog file "C:/Users/57778/Desktop/sobel/sobel/sobel_top/hls/sim/verilog/svtb/sv_module_top.sv" into library xil_defaultlib
INFO: [VRFC 10-311] analyzing module sv_module_top
Starting static elaboration
Pass Through NonSizing Optimizer
Completed static elaboration
Starting simulation data flow analysis
WARNING: [XSIM 43-4099] "/proj/primebuilds/9999.0_PRIME_0428_0031/installs/data/system_verilog/uvm_1.2/xlnx_uvm_package.sv" Line 4356. Module uvm_pkg doesn't have a timescale but at least one module in design has a timescale.
Completed simulation data flow analysis
Time Resolution for simulation is 1ps
Compiling package xil_defaultlib.$unit_sv_module_top_sv
Compiling package uvm.uvm_pkg
Compiling package std.std
Compiling package xil_defaultlib.svr_pkg
Compiling package xil_defaultlib.file_agent_pkg
Compiling package xil_defaultlib.axi_pkg
Compiling package xil_defaultlib.sobel_top_subsystem_pkg
Compiling package xil_defaultlib.$unit_dataflow_monitor_sv
Compiling module xil_defaultlib.sobel_top_sobel_core_linebuf0_RA...
Compiling module xil_defaultlib.sobel_top_sobel_core_linebuf1_RA...
Compiling module xil_defaultlib.sobel_top_flow_control_loop_pipe...
Compiling module xil_defaultlib.sobel_top_sobel_core_Pipeline_in...
Compiling module xil_defaultlib.sobel_top_sobel_core_Pipeline_ro...
Compiling module xil_defaultlib.sobel_top_mul_11ns_11ns_22_1_1(N...
Compiling module xil_defaultlib.sobel_top_sobel_core
Compiling module xil_defaultlib.sobel_top_CTRL_s_axi
Compiling module xil_defaultlib.sobel_top_regslice_both
Compiling module xil_defaultlib.sobel_top_regslice_both(DataWidt...
Compiling module xil_defaultlib.sobel_top
Compiling module xil_defaultlib.misc_interface_default
Compiling module xil_defaultlib.svr_if(DATA_WIDTH=14)
Compiling module xil_defaultlib.axi_if(ADDR_WIDTH=5,STRB_WIDTH=4...
Compiling module xil_defaultlib.sv_module_top
Compiling module xil_defaultlib.AESL_deadlock_idx2_monitor
Compiling module xil_defaultlib.AESL_deadlock_idx1_monitor
Compiling module xil_defaultlib.AESL_deadlock_idx0_monitor
Compiling module xil_defaultlib.AESL_deadlock_kernel_monitor_top...
Compiling module xil_defaultlib.nodf_module_intf_default
Compiling module xil_defaultlib.upc_loop_intf(FSM_WIDTH=1)
Compiling module xil_defaultlib.dataflow_monitor_1
Compiling module xil_defaultlib.apatb_sobel_top_top
Compiling module xil_defaultlib.glbl
Built simulation snapshot sobel_top

****** xsim v2025.2 (64-bit)
  **** SW Build 6299465 on Fri Nov 14 19:35:11 GMT 2025
  **** IP Build 6300035 on Fri Nov 14 10:48:45 MST 2025
  **** SharedData Build 6298862 on Thu Nov 13 04:50:51 MST 2025
  **** Start of session at: Sat Apr 25 23:16:02 2026
    ** Copyright 1986-2022 Xilinx, Inc. All Rights Reserved.
    ** Copyright 2022-2025 Advanced Micro Devices, Inc. All Rights Reserved.

start_gui
INFO: [Common 17-206] Exiting xsim at Sat Apr 25 23:22:06 2026...
ERROR: [COSIM 212-4] *** C/RTL co-simulation finished: FAIL ***
INFO: [COSIM 212-211] II is measurable only when transaction number is greater than 1 in RTL simulation. Otherwise, they will be marked as all NA. If user wants to calculate them, please make sure there are at least 2 transactions in RTL simulation.
ERROR: 
INFO: [HLS 200-112] Total CPU user time: 8 seconds. Total CPU system time: 8 seconds. Total elapsed time: 540.709 seconds; peak allocated memory: 225.520 MB.
