04/23/26 16:51:17: Running xcd server. This server was built by gradle.
04/23/26 16:51:17: Server was asked to start on port: '52002'
04/23/26 16:51:17: Server is using token UUID: '5b689222-243f-45a1-b377-014639ea6eda'
04/23/26 16:51:17: SESSION_MGR: creating session with session uuid: '6d04a3e9-ade5-4ab9-8d63-1f78fcd2ec76' and name 'default'
04/23/26 16:51:17: Attempting to start server on port '52002'
04/23/26 16:51:17: Running Dispatch Server
04/23/26 16:51:17: Version 2.2.0
04/23/26 16:51:19: Dispatch Server: Accepted socket connection from client
04/23/26 16:51:19: Starting Socket connection
04/23/26 16:51:19: EXCHANGE_TOKEN received, server token: 5b689222-243f-45a1-b377-014639ea6eda, passed token: 5b689222-243f-45a1-b377-014639ea6eda
04/23/26 16:51:19: DISPATCH_HANDLER: Adding handler from function makeHandler in library xv_system_diagram
04/23/26 16:51:19: SESSION_MGR: creating session with session uuid: '8605e395-1fee-4bd2-8e8d-5d1509a023a8' and name 'vitis-run_compile_sobel_top'
04/23/26 16:51:19: KERNEL_SVC: creating session with uuid: '8605e395-1fee-4bd2-8e8d-5d1509a023a8' and name 'vitis-run_compile_sobel_top'
04/23/26 16:51:19: GUIDANCE_SMGR: creating guidance session with uuid: '8605e395-1fee-4bd2-8e8d-5d1509a023a8' and name 'vitis-run_compile_sobel_top'
04/23/26 16:51:19: SYSTEM_DIAGRAM: creating session with uuid: '8605e395-1fee-4bd2-8e8d-5d1509a023a8' and name 'vitis-run_compile_sobel_top'
04/23/26 16:51:36: Dispatch Server: Accepted socket connection from client
04/23/26 16:51:36: Starting Socket connection
04/23/26 16:51:59: SESSION_MGR: closing session for UUID '8605e395-1fee-4bd2-8e8d-5d1509a023a8' with name 'vitis-run_compile_sobel_top'
04/23/26 16:51:59: KERNEL_SVC: closing session for UUID '8605e395-1fee-4bd2-8e8d-5d1509a023a8' with name 'vitis-run_compile_sobel_top'
04/23/26 16:51:59: GUIDANCE_SMGR: closing session for UUID '8605e395-1fee-4bd2-8e8d-5d1509a023a8' with name 'vitis-run_compile_sobel_top'
04/23/26 16:51:59: SYSTEM_DIAGRAM: closing session for UUID '8605e395-1fee-4bd2-8e8d-5d1509a023a8' with name 'vitis-run_compile_sobel_top'
04/23/26 16:51:59: STOP_SERVER received, server token: 5b689222-243f-45a1-b377-014639ea6eda, passed token: 5b689222-243f-45a1-b377-014639ea6eda
04/23/26 16:51:59: Socket received request to stop server.
04/23/26 16:51:59: Dispatch Server: do_await_stop
04/23/26 16:51:59: SERVER: destructor for server bound to port 52002
04/23/26 16:54:45: Running xcd server. This server was built by gradle.
04/23/26 16:54:45: Server was asked to start on port: '52088'
04/23/26 16:54:45: Server is using token UUID: '1c230c25-848e-4fd0-ad43-6092ce280f4e'
04/23/26 16:54:45: SESSION_MGR: creating session with session uuid: '6d04a3e9-ade5-4ab9-8d63-1f78fcd2ec76' and name 'default'
04/23/26 16:54:45: Attempting to start server on port '52088'
04/23/26 16:54:45: Running Dispatch Server
04/23/26 16:54:45: Version 2.2.0
04/23/26 16:54:48: Dispatch Server: Accepted socket connection from client
04/23/26 16:54:48: Starting Socket connection
04/23/26 16:54:48: EXCHANGE_TOKEN received, server token: 1c230c25-848e-4fd0-ad43-6092ce280f4e, passed token: 1c230c25-848e-4fd0-ad43-6092ce280f4e
04/23/26 16:54:48: DISPATCH_HANDLER: Adding handler from function makeHandler in library xv_system_diagram
04/23/26 16:54:48: SESSION_MGR: creating session with session uuid: 'edfebb21-d697-41b4-85de-c5c5c155c3d6' and name 'vitis-run_compile_sobel_top'
04/23/26 16:54:48: KERNEL_SVC: creating session with uuid: 'edfebb21-d697-41b4-85de-c5c5c155c3d6' and name 'vitis-run_compile_sobel_top'
04/23/26 16:54:48: GUIDANCE_SMGR: creating guidance session with uuid: 'edfebb21-d697-41b4-85de-c5c5c155c3d6' and name 'vitis-run_compile_sobel_top'
04/23/26 16:54:48: SYSTEM_DIAGRAM: creating session with uuid: 'edfebb21-d697-41b4-85de-c5c5c155c3d6' and name 'vitis-run_compile_sobel_top'
04/23/26 16:55:01: Dispatch Server: Accepted socket connection from client
04/23/26 16:55:01: Starting Socket connection
04/23/26 16:55:22: SESSION_MGR: closing session for UUID 'edfebb21-d697-41b4-85de-c5c5c155c3d6' with name 'vitis-run_compile_sobel_top'
04/23/26 16:55:22: KERNEL_SVC: closing session for UUID 'edfebb21-d697-41b4-85de-c5c5c155c3d6' with name 'vitis-run_compile_sobel_top'
04/23/26 16:55:22: GUIDANCE_SMGR: closing session for UUID 'edfebb21-d697-41b4-85de-c5c5c155c3d6' with name 'vitis-run_compile_sobel_top'
04/23/26 16:55:22: SYSTEM_DIAGRAM: closing session for UUID 'edfebb21-d697-41b4-85de-c5c5c155c3d6' with name 'vitis-run_compile_sobel_top'
04/23/26 16:55:22: STOP_SERVER received, server token: 1c230c25-848e-4fd0-ad43-6092ce280f4e, passed token: 1c230c25-848e-4fd0-ad43-6092ce280f4e
04/23/26 16:55:22: Socket received request to stop server.
04/23/26 16:55:22: Dispatch Server: do_await_stop
04/23/26 16:55:22: SERVER: destructor for server bound to port 52088
04/23/26 16:59:31: Running xcd server. This server was built by gradle.
04/23/26 16:59:31: Server was asked to start on port: '52217'
04/23/26 16:59:31: Server is using token UUID: '074f5982-a9b4-4a7c-8520-f96ca982967b'
04/23/26 16:59:31: SESSION_MGR: creating session with session uuid: '6d04a3e9-ade5-4ab9-8d63-1f78fcd2ec76' and name 'default'
04/23/26 16:59:31: Attempting to start server on port '52217'
04/23/26 16:59:31: Running Dispatch Server
04/23/26 16:59:31: Version 2.2.0
04/23/26 16:59:34: Dispatch Server: Accepted socket connection from client
04/23/26 16:59:34: Starting Socket connection
04/23/26 16:59:34: EXCHANGE_TOKEN received, server token: 074f5982-a9b4-4a7c-8520-f96ca982967b, passed token: 074f5982-a9b4-4a7c-8520-f96ca982967b
04/23/26 16:59:34: DISPATCH_HANDLER: Adding handler from function makeHandler in library xv_system_diagram
04/23/26 16:59:34: SESSION_MGR: creating session with session uuid: 'e56b32a4-086d-45bf-b521-04b95557f01f' and name 'vitis-run_compile_sobel_top'
04/23/26 16:59:34: KERNEL_SVC: creating session with uuid: 'e56b32a4-086d-45bf-b521-04b95557f01f' and name 'vitis-run_compile_sobel_top'
04/23/26 16:59:34: GUIDANCE_SMGR: creating guidance session with uuid: 'e56b32a4-086d-45bf-b521-04b95557f01f' and name 'vitis-run_compile_sobel_top'
04/23/26 16:59:34: SYSTEM_DIAGRAM: creating session with uuid: 'e56b32a4-086d-45bf-b521-04b95557f01f' and name 'vitis-run_compile_sobel_top'
04/23/26 16:59:48: Dispatch Server: Accepted socket connection from client
04/23/26 16:59:48: Starting Socket connection
04/23/26 16:59:56: SESSION_MGR: closing session for UUID 'e56b32a4-086d-45bf-b521-04b95557f01f' with name 'vitis-run_compile_sobel_top'
04/23/26 16:59:56: KERNEL_SVC: closing session for UUID 'e56b32a4-086d-45bf-b521-04b95557f01f' with name 'vitis-run_compile_sobel_top'
04/23/26 16:59:56: GUIDANCE_SMGR: closing session for UUID 'e56b32a4-086d-45bf-b521-04b95557f01f' with name 'vitis-run_compile_sobel_top'
04/23/26 16:59:56: SYSTEM_DIAGRAM: closing session for UUID 'e56b32a4-086d-45bf-b521-04b95557f01f' with name 'vitis-run_compile_sobel_top'
04/23/26 16:59:56: STOP_SERVER received, server token: 074f5982-a9b4-4a7c-8520-f96ca982967b, passed token: 074f5982-a9b4-4a7c-8520-f96ca982967b
04/23/26 16:59:56: Socket received request to stop server.
04/23/26 16:59:56: Dispatch Server: do_await_stop
04/23/26 16:59:56: SERVER: destructor for server bound to port 52217
04/23/26 17:05:26: Running xcd server. This server was built by gradle.
04/23/26 17:05:26: Server was asked to start on port: '52511'
04/23/26 17:05:26: Server is using token UUID: '40804d00-2af8-4bda-baaa-4f1f6ce4eb2d'
04/23/26 17:05:26: SESSION_MGR: creating session with session uuid: '6d04a3e9-ade5-4ab9-8d63-1f78fcd2ec76' and name 'default'
04/23/26 17:05:26: Attempting to start server on port '52511'
04/23/26 17:05:26: Running Dispatch Server
04/23/26 17:05:26: Version 2.2.0
04/23/26 17:05:28: Dispatch Server: Accepted socket connection from client
04/23/26 17:05:28: Starting Socket connection
04/23/26 17:05:28: EXCHANGE_TOKEN received, server token: 40804d00-2af8-4bda-baaa-4f1f6ce4eb2d, passed token: 40804d00-2af8-4bda-baaa-4f1f6ce4eb2d
04/23/26 17:05:29: DISPATCH_HANDLER: Adding handler from function makeHandler in library xv_system_diagram
04/23/26 17:05:29: SESSION_MGR: creating session with session uuid: 'd709b1a5-0e5b-441b-869f-3c2c2cbc2fa0' and name 'vitis-run_compile_sobel_top'
04/23/26 17:05:29: KERNEL_SVC: creating session with uuid: 'd709b1a5-0e5b-441b-869f-3c2c2cbc2fa0' and name 'vitis-run_compile_sobel_top'
04/23/26 17:05:29: GUIDANCE_SMGR: creating guidance session with uuid: 'd709b1a5-0e5b-441b-869f-3c2c2cbc2fa0' and name 'vitis-run_compile_sobel_top'
04/23/26 17:05:29: SYSTEM_DIAGRAM: creating session with uuid: 'd709b1a5-0e5b-441b-869f-3c2c2cbc2fa0' and name 'vitis-run_compile_sobel_top'
04/23/26 17:05:42: Dispatch Server: Accepted socket connection from client
04/23/26 17:05:42: Starting Socket connection
04/23/26 17:05:51: SESSION_MGR: closing session for UUID 'd709b1a5-0e5b-441b-869f-3c2c2cbc2fa0' with name 'vitis-run_compile_sobel_top'
04/23/26 17:05:51: KERNEL_SVC: closing session for UUID 'd709b1a5-0e5b-441b-869f-3c2c2cbc2fa0' with name 'vitis-run_compile_sobel_top'
04/23/26 17:05:51: GUIDANCE_SMGR: closing session for UUID 'd709b1a5-0e5b-441b-869f-3c2c2cbc2fa0' with name 'vitis-run_compile_sobel_top'
04/23/26 17:05:51: SYSTEM_DIAGRAM: closing session for UUID 'd709b1a5-0e5b-441b-869f-3c2c2cbc2fa0' with name 'vitis-run_compile_sobel_top'
04/23/26 17:05:51: STOP_SERVER received, server token: 40804d00-2af8-4bda-baaa-4f1f6ce4eb2d, passed token: 40804d00-2af8-4bda-baaa-4f1f6ce4eb2d
04/23/26 17:05:51: Socket received request to stop server.
04/23/26 17:05:51: Dispatch Server: do_await_stop
04/23/26 17:05:51: SERVER: destructor for server bound to port 52511
04/23/26 17:06:34: Running xcd server. This server was built by gradle.
04/23/26 17:06:34: Server was asked to start on port: '52598'
04/23/26 17:06:34: Server is using token UUID: '03952dbe-2fcf-4a50-bb1e-f754369ca18f'
04/23/26 17:06:34: SESSION_MGR: creating session with session uuid: '6d04a3e9-ade5-4ab9-8d63-1f78fcd2ec76' and name 'default'
04/23/26 17:06:34: Attempting to start server on port '52598'
04/23/26 17:06:34: Running Dispatch Server
04/23/26 17:06:34: Version 2.2.0
04/23/26 17:06:37: Dispatch Server: Accepted socket connection from client
04/23/26 17:06:37: Starting Socket connection
04/23/26 17:06:37: EXCHANGE_TOKEN received, server token: 03952dbe-2fcf-4a50-bb1e-f754369ca18f, passed token: 03952dbe-2fcf-4a50-bb1e-f754369ca18f
04/23/26 17:06:37: DISPATCH_HANDLER: Adding handler from function makeHandler in library xv_system_diagram
04/23/26 17:06:37: SESSION_MGR: creating session with session uuid: 'a8b4718c-0af0-4549-bdb5-0c83cb4f5a58' and name 'vitis-run_compile_sobel_top'
04/23/26 17:06:37: KERNEL_SVC: creating session with uuid: 'a8b4718c-0af0-4549-bdb5-0c83cb4f5a58' and name 'vitis-run_compile_sobel_top'
04/23/26 17:06:37: GUIDANCE_SMGR: creating guidance session with uuid: 'a8b4718c-0af0-4549-bdb5-0c83cb4f5a58' and name 'vitis-run_compile_sobel_top'
04/23/26 17:06:37: SYSTEM_DIAGRAM: creating session with uuid: 'a8b4718c-0af0-4549-bdb5-0c83cb4f5a58' and name 'vitis-run_compile_sobel_top'
04/23/26 17:06:49: Dispatch Server: Accepted socket connection from client
04/23/26 17:06:49: Starting Socket connection
04/23/26 17:06:52: SESSION_MGR: closing session for UUID 'a8b4718c-0af0-4549-bdb5-0c83cb4f5a58' with name 'vitis-run_compile_sobel_top'
04/23/26 17:06:52: KERNEL_SVC: closing session for UUID 'a8b4718c-0af0-4549-bdb5-0c83cb4f5a58' with name 'vitis-run_compile_sobel_top'
04/23/26 17:06:52: GUIDANCE_SMGR: closing session for UUID 'a8b4718c-0af0-4549-bdb5-0c83cb4f5a58' with name 'vitis-run_compile_sobel_top'
04/23/26 17:06:52: SYSTEM_DIAGRAM: closing session for UUID 'a8b4718c-0af0-4549-bdb5-0c83cb4f5a58' with name 'vitis-run_compile_sobel_top'
04/23/26 17:06:52: STOP_SERVER received, server token: 03952dbe-2fcf-4a50-bb1e-f754369ca18f, passed token: 03952dbe-2fcf-4a50-bb1e-f754369ca18f
04/23/26 17:06:52: Socket received request to stop server.
04/23/26 17:06:52: Dispatch Server: do_await_stop
04/23/26 17:06:52: SERVER: destructor for server bound to port 52598
04/23/26 17:13:29: Running xcd server. This server was built by gradle.
04/23/26 17:13:29: Server was asked to start on port: '52936'
04/23/26 17:13:29: Server is using token UUID: 'b072c89c-a14e-49a2-a08b-5a50f432447d'
04/23/26 17:13:29: SESSION_MGR: creating session with session uuid: '6d04a3e9-ade5-4ab9-8d63-1f78fcd2ec76' and name 'default'
04/23/26 17:13:29: Attempting to start server on port '52936'
04/23/26 17:13:29: Running Dispatch Server
04/23/26 17:13:29: Version 2.2.0
04/23/26 17:13:31: Dispatch Server: Accepted socket connection from client
04/23/26 17:13:31: Starting Socket connection
04/23/26 17:13:31: EXCHANGE_TOKEN received, server token: b072c89c-a14e-49a2-a08b-5a50f432447d, passed token: b072c89c-a14e-49a2-a08b-5a50f432447d
04/23/26 17:13:32: DISPATCH_HANDLER: Adding handler from function makeHandler in library xv_system_diagram
04/23/26 17:13:32: SESSION_MGR: creating session with session uuid: '8a2c32b0-c914-4f14-9f22-1c48c41bdb54' and name 'vitis-run_compile_sobel_top'
04/23/26 17:13:32: KERNEL_SVC: creating session with uuid: '8a2c32b0-c914-4f14-9f22-1c48c41bdb54' and name 'vitis-run_compile_sobel_top'
04/23/26 17:13:32: GUIDANCE_SMGR: creating guidance session with uuid: '8a2c32b0-c914-4f14-9f22-1c48c41bdb54' and name 'vitis-run_compile_sobel_top'
04/23/26 17:13:32: SYSTEM_DIAGRAM: creating session with uuid: '8a2c32b0-c914-4f14-9f22-1c48c41bdb54' and name 'vitis-run_compile_sobel_top'
04/23/26 17:13:45: Dispatch Server: Accepted socket connection from client
04/23/26 17:13:45: Starting Socket connection
04/23/26 17:13:51: SESSION_MGR: closing session for UUID '8a2c32b0-c914-4f14-9f22-1c48c41bdb54' with name 'vitis-run_compile_sobel_top'
04/23/26 17:13:51: KERNEL_SVC: closing session for UUID '8a2c32b0-c914-4f14-9f22-1c48c41bdb54' with name 'vitis-run_compile_sobel_top'
04/23/26 17:13:51: GUIDANCE_SMGR: closing session for UUID '8a2c32b0-c914-4f14-9f22-1c48c41bdb54' with name 'vitis-run_compile_sobel_top'
04/23/26 17:13:51: SYSTEM_DIAGRAM: closing session for UUID '8a2c32b0-c914-4f14-9f22-1c48c41bdb54' with name 'vitis-run_compile_sobel_top'
04/23/26 17:13:51: STOP_SERVER received, server token: b072c89c-a14e-49a2-a08b-5a50f432447d, passed token: b072c89c-a14e-49a2-a08b-5a50f432447d
04/23/26 17:13:51: Socket received request to stop server.
04/23/26 17:13:51: Dispatch Server: do_await_stop
04/23/26 17:13:51: SERVER: destructor for server bound to port 52936
04/23/26 17:16:08: Running xcd server. This server was built by gradle.
04/23/26 17:16:08: Server was asked to start on port: '52992'
04/23/26 17:16:08: Server is using token UUID: '58671f8e-6333-42fa-b828-69eb60700003'
04/23/26 17:16:08: SESSION_MGR: creating session with session uuid: '6d04a3e9-ade5-4ab9-8d63-1f78fcd2ec76' and name 'default'
04/23/26 17:16:08: Attempting to start server on port '52992'
04/23/26 17:16:08: Running Dispatch Server
04/23/26 17:16:08: Version 2.2.0
04/23/26 17:16:10: Dispatch Server: Accepted socket connection from client
04/23/26 17:16:10: Starting Socket connection
04/23/26 17:16:10: EXCHANGE_TOKEN received, server token: 58671f8e-6333-42fa-b828-69eb60700003, passed token: 58671f8e-6333-42fa-b828-69eb60700003
04/23/26 17:16:10: DISPATCH_HANDLER: Adding handler from function makeHandler in library xv_system_diagram
04/23/26 17:16:10: SESSION_MGR: creating session with session uuid: 'b3c55c15-1593-41b8-89b9-53a14bd320a0' and name 'vitis-run_compile_sobel_top'
04/23/26 17:16:10: KERNEL_SVC: creating session with uuid: 'b3c55c15-1593-41b8-89b9-53a14bd320a0' and name 'vitis-run_compile_sobel_top'
04/23/26 17:16:10: GUIDANCE_SMGR: creating guidance session with uuid: 'b3c55c15-1593-41b8-89b9-53a14bd320a0' and name 'vitis-run_compile_sobel_top'
04/23/26 17:16:10: SYSTEM_DIAGRAM: creating session with uuid: 'b3c55c15-1593-41b8-89b9-53a14bd320a0' and name 'vitis-run_compile_sobel_top'
04/23/26 17:16:22: Dispatch Server: Accepted socket connection from client
04/23/26 17:16:22: Starting Socket connection
04/23/26 17:16:46: SESSION_MGR: closing session for UUID 'b3c55c15-1593-41b8-89b9-53a14bd320a0' with name 'vitis-run_compile_sobel_top'
04/23/26 17:16:46: KERNEL_SVC: closing session for UUID 'b3c55c15-1593-41b8-89b9-53a14bd320a0' with name 'vitis-run_compile_sobel_top'
04/23/26 17:16:46: GUIDANCE_SMGR: closing session for UUID 'b3c55c15-1593-41b8-89b9-53a14bd320a0' with name 'vitis-run_compile_sobel_top'
04/23/26 17:16:46: SYSTEM_DIAGRAM: closing session for UUID 'b3c55c15-1593-41b8-89b9-53a14bd320a0' with name 'vitis-run_compile_sobel_top'
04/23/26 17:16:46: STOP_SERVER received, server token: 58671f8e-6333-42fa-b828-69eb60700003, passed token: 58671f8e-6333-42fa-b828-69eb60700003
04/23/26 17:16:46: Socket received request to stop server.
04/23/26 17:16:46: Dispatch Server: do_await_stop
04/23/26 17:16:46: SERVER: destructor for server bound to port 52992
04/23/26 17:19:16: Running xcd server. This server was built by gradle.
04/23/26 17:19:16: Server was asked to start on port: '53115'
04/23/26 17:19:16: Server is using token UUID: '83575cd3-3e64-4088-978d-bbfc66fda343'
04/23/26 17:19:16: SESSION_MGR: creating session with session uuid: '6d04a3e9-ade5-4ab9-8d63-1f78fcd2ec76' and name 'default'
04/23/26 17:19:16: Attempting to start server on port '53115'
04/23/26 17:19:16: Running Dispatch Server
04/23/26 17:19:16: Version 2.2.0
04/23/26 17:19:19: Dispatch Server: Accepted socket connection from client
04/23/26 17:19:19: Starting Socket connection
04/23/26 17:19:19: EXCHANGE_TOKEN received, server token: 83575cd3-3e64-4088-978d-bbfc66fda343, passed token: 83575cd3-3e64-4088-978d-bbfc66fda343
04/23/26 17:19:19: DISPATCH_HANDLER: Adding handler from function makeHandler in library xv_system_diagram
04/23/26 17:19:19: SESSION_MGR: creating session with session uuid: '3bc1b514-4dde-4c46-8453-9f55dcaddc73' and name 'v++_compile_sobel_top'
04/23/26 17:19:19: KERNEL_SVC: creating session with uuid: '3bc1b514-4dde-4c46-8453-9f55dcaddc73' and name 'v++_compile_sobel_top'
04/23/26 17:19:19: GUIDANCE_SMGR: creating guidance session with uuid: '3bc1b514-4dde-4c46-8453-9f55dcaddc73' and name 'v++_compile_sobel_top'
04/23/26 17:19:19: SYSTEM_DIAGRAM: creating session with uuid: '3bc1b514-4dde-4c46-8453-9f55dcaddc73' and name 'v++_compile_sobel_top'
04/23/26 17:19:31: Dispatch Server: Accepted socket connection from client
04/23/26 17:19:31: Starting Socket connection
04/23/26 17:21:18: SESSION_MGR: closing session for UUID '3bc1b514-4dde-4c46-8453-9f55dcaddc73' with name 'v++_compile_sobel_top'
04/23/26 17:21:18: KERNEL_SVC: closing session for UUID '3bc1b514-4dde-4c46-8453-9f55dcaddc73' with name 'v++_compile_sobel_top'
04/23/26 17:21:18: GUIDANCE_SMGR: closing session for UUID '3bc1b514-4dde-4c46-8453-9f55dcaddc73' with name 'v++_compile_sobel_top'
04/23/26 17:21:18: SYSTEM_DIAGRAM: closing session for UUID '3bc1b514-4dde-4c46-8453-9f55dcaddc73' with name 'v++_compile_sobel_top'
04/23/26 17:21:18: STOP_SERVER received, server token: 83575cd3-3e64-4088-978d-bbfc66fda343, passed token: 83575cd3-3e64-4088-978d-bbfc66fda343
04/23/26 17:21:18: Socket received request to stop server.
04/23/26 17:21:18: Dispatch Server: do_await_stop
04/23/26 17:21:18: SERVER: destructor for server bound to port 53115
04/23/26 17:25:32: Running xcd server. This server was built by gradle.
04/23/26 17:25:32: Server was asked to start on port: '53323'
04/23/26 17:25:32: Server is using token UUID: 'c89503e8-7f89-4bb7-bc3c-7c9d97068b0c'
04/23/26 17:25:32: SESSION_MGR: creating session with session uuid: '6d04a3e9-ade5-4ab9-8d63-1f78fcd2ec76' and name 'default'
04/23/26 17:25:32: Attempting to start server on port '53323'
04/23/26 17:25:32: Running Dispatch Server
04/23/26 17:25:32: Version 2.2.0
04/23/26 17:25:34: Dispatch Server: Accepted socket connection from client
04/23/26 17:25:34: Starting Socket connection
04/23/26 17:25:34: EXCHANGE_TOKEN received, server token: c89503e8-7f89-4bb7-bc3c-7c9d97068b0c, passed token: c89503e8-7f89-4bb7-bc3c-7c9d97068b0c
04/23/26 17:25:34: DISPATCH_HANDLER: Adding handler from function makeHandler in library xv_system_diagram
04/23/26 17:25:34: SESSION_MGR: creating session with session uuid: '5012c0bf-938e-4225-a0a8-b5ec073e8fcb' and name 'vitis-run_compile_sobel_top'
04/23/26 17:25:34: KERNEL_SVC: creating session with uuid: '5012c0bf-938e-4225-a0a8-b5ec073e8fcb' and name 'vitis-run_compile_sobel_top'
04/23/26 17:25:34: GUIDANCE_SMGR: creating guidance session with uuid: '5012c0bf-938e-4225-a0a8-b5ec073e8fcb' and name 'vitis-run_compile_sobel_top'
04/23/26 17:25:34: SYSTEM_DIAGRAM: creating session with uuid: '5012c0bf-938e-4225-a0a8-b5ec073e8fcb' and name 'vitis-run_compile_sobel_top'
04/23/26 17:25:47: Dispatch Server: Accepted socket connection from client
04/23/26 17:25:47: Starting Socket connection
