

================================================================
== Vitis HLS Report for 'sobel_core'
================================================================
* Date:           Thu Apr 23 17:21:11 2026

* Version:        2025.2 (Build 6295257 on Nov 12 2025)
* Project:        sobel_top
* Solution:       hls (Vivado IP Flow Target)
* Product family: zynq
* Target device:  xc7z020-clg400-1


================================================================
== Performance Estimates
================================================================
+ Timing: 
    * Summary: 
    +--------+---------+----------+------------+
    |  Clock |  Target | Estimated| Uncertainty|
    +--------+---------+----------+------------+
    |ap_clk  |  4.00 ns|  5.431 ns|     1.08 ns|
    +--------+---------+----------+------------+

+ Latency: 
    * Summary: 
    +---------+---------+-----------+----------+-----+-----+---------+
    |  Latency (cycles) |  Latency (absolute)  |  Interval | Pipeline|
    |   min   |   max   |    min    |    max   | min | max |   Type  |
    +---------+---------+-----------+----------+-----+-----+---------+
    |        2|        ?|  10.862 ns|         ?|    2|    ?|       no|
    +---------+---------+-----------+----------+-----+-----+---------+

    + Detail: 
        * Instance: 
        N/A

        * Loop: 
        N/A

============================================================
+ Verbose Summary: Synthesis Manager
============================================================
InlineROM: 1
ExposeGlobal: 0
============================================================
+ Verbose Summary: CDFG Model
============================================================
IsTopModel: 0
ResetActiveHigh: 1
IsCombinational: 0
IsDatapathOnly: 0
HasWiredReturn: 1
HasMFsm: 0
HasVarLatency: 1
IsPipeline: 0
IsRtlPipelined: 0
IsInstanceOverlapped: 0
IsDontTouch: 0
HasImplIP: 0
IsGatedGlobalClock: 0


============================================================
+ Verbose Summary: Schedule
============================================================
* Number of FSM states : 10
* Pipeline : 0
* Dataflow Pipeline: 0

* FSM state transitions: 
1 --> 2 
2 --> 3 10 
3 --> 4 10 
4 --> 5 
5 --> 6 
6 --> 7 
7 --> 8 
8 --> 9 
9 --> 10 
10 --> 

* FSM state operations: 

State 1 <SV = 0> <Delay = 2.55>
ST_1 : Operation 11 [1/1] (0.00ns)   --->   "%height_read = read i32 @_ssdm_op_Read.ap_auto.i32, i32 %height"   --->   Operation 11 'read' 'height_read' <Predicate = true> <Delay = 0.00>
ST_1 : Operation 12 [1/1] (0.00ns)   --->   "%width_read = read i32 @_ssdm_op_Read.ap_auto.i32, i32 %width"   --->   Operation 12 'read' 'width_read' <Predicate = true> <Delay = 0.00>
ST_1 : Operation 13 [1/1] (0.00ns)   --->   "%empty = trunc i32 %width_read"   --->   Operation 13 'trunc' 'empty' <Predicate = true> <Delay = 0.00>
ST_1 : Operation 14 [1/1] (0.00ns)   --->   "%linebuf0 = alloca i64 1" [../src/sobel_core.cpp:22]   --->   Operation 14 'alloca' 'linebuf0' <Predicate = true> <Delay = 0.00> <CoreInst = "RAM_1P_BRAM">   --->   Core 87 'RAM_1P_BRAM' <Latency = 1> <II = 1> <Delay = 3.25> <Storage> <Opcode : 'load' 'store'> <Ports = 1> <Width = 8> <Depth = 1920> <RAM>
ST_1 : Operation 15 [1/1] (0.00ns)   --->   "%linebuf1 = alloca i64 1" [../src/sobel_core.cpp:23]   --->   Operation 15 'alloca' 'linebuf1' <Predicate = true> <Delay = 0.00> <CoreInst = "RAM_1P_BRAM">   --->   Core 87 'RAM_1P_BRAM' <Latency = 1> <II = 1> <Delay = 3.25> <Storage> <Opcode : 'load' 'store'> <Ports = 1> <Width = 8> <Depth = 1920> <RAM>
ST_1 : Operation 16 [1/1] (2.55ns)   --->   "%icmp_ln19 = icmp_slt  i32 %width_read, i32 1" [../src/sobel_core.cpp:19]   --->   Operation 16 'icmp' 'icmp_ln19' <Predicate = true> <Delay = 2.55> <CoreInst = "Cmp">   --->   Core 9 'Cmp' <Latency = 0> <II = 1> <Delay = 2.55> <FuncUnit> <Opcode : 'seteq' 'setne' 'setle' 'setge' 'setlt' 'setgt'> <InPorts = 2> <OutPorts = 1>
ST_1 : Operation 17 [1/1] (2.55ns)   --->   "%icmp_ln19_1 = icmp_slt  i32 %height_read, i32 1" [../src/sobel_core.cpp:19]   --->   Operation 17 'icmp' 'icmp_ln19_1' <Predicate = true> <Delay = 2.55> <CoreInst = "Cmp">   --->   Core 9 'Cmp' <Latency = 0> <II = 1> <Delay = 2.55> <FuncUnit> <Opcode : 'seteq' 'setne' 'setle' 'setge' 'setlt' 'setgt'> <InPorts = 2> <OutPorts = 1>

State 2 <SV = 1> <Delay = 2.55>
ST_2 : Operation 18 [1/1] (0.00ns)   --->   "%specaxissidechannel_ln0 = specaxissidechannel void @_ssdm_op_SpecAXISSideChannel, i8 %out_stream_V_data_V, i1 %out_stream_V_keep_V, i1 %out_stream_V_strb_V, i1 %out_stream_V_user_V, i1 %out_stream_V_last_V, i1 %out_stream_V_id_V, i1 %out_stream_V_dest_V, void @empty_7"   --->   Operation 18 'specaxissidechannel' 'specaxissidechannel_ln0' <Predicate = true> <Delay = 0.00>
ST_2 : Operation 19 [1/1] (0.00ns)   --->   "%specaxissidechannel_ln0 = specaxissidechannel void @_ssdm_op_SpecAXISSideChannel, i8 %in_stream_V_data_V, i1 %in_stream_V_keep_V, i1 %in_stream_V_strb_V, i1 %in_stream_V_user_V, i1 %in_stream_V_last_V, i1 %in_stream_V_id_V, i1 %in_stream_V_dest_V, void @empty_8"   --->   Operation 19 'specaxissidechannel' 'specaxissidechannel_ln0' <Predicate = true> <Delay = 0.00>
ST_2 : Operation 20 [1/1] (0.00ns)   --->   "%specinterface_ln0 = specinterface void @_ssdm_op_SpecInterface, i1 %out_stream_V_dest_V, i1 %out_stream_V_id_V, i1 %out_stream_V_last_V, i1 %out_stream_V_user_V, i1 %out_stream_V_strb_V, i1 %out_stream_V_keep_V, i8 %out_stream_V_data_V, void @empty, i32 0, i32 0, void @empty_0, i32 0, i32 0, void @empty_1, void @empty_1, void @empty_1, i32 0, i32 0, i32 0, i32 0, void @empty_1, void @empty_1, i32 4294967295, i32 0, i32 0, i32 0"   --->   Operation 20 'specinterface' 'specinterface_ln0' <Predicate = true> <Delay = 0.00>
ST_2 : Operation 21 [1/1] (0.00ns)   --->   "%specinterface_ln0 = specinterface void @_ssdm_op_SpecInterface, i1 %in_stream_V_dest_V, i1 %in_stream_V_id_V, i1 %in_stream_V_last_V, i1 %in_stream_V_user_V, i1 %in_stream_V_strb_V, i1 %in_stream_V_keep_V, i8 %in_stream_V_data_V, void @empty, i32 0, i32 0, void @empty_0, i32 0, i32 0, void @empty_1, void @empty_1, void @empty_1, i32 0, i32 0, i32 0, i32 0, void @empty_1, void @empty_1, i32 4294967295, i32 0, i32 0, i32 0"   --->   Operation 21 'specinterface' 'specinterface_ln0' <Predicate = true> <Delay = 0.00>
ST_2 : Operation 22 [1/1] (0.97ns)   --->   "%or_ln19 = or i1 %icmp_ln19, i1 %icmp_ln19_1" [../src/sobel_core.cpp:19]   --->   Operation 22 'or' 'or_ln19' <Predicate = true> <Delay = 0.97> <CoreInst = "LogicGate">   --->   Core 74 'LogicGate' <Latency = 0> <II = 1> <Delay = 0.97> <FuncUnit> <Opcode : 'and' 'or' 'xor'> <InPorts = 2> <OutPorts = 1>
ST_2 : Operation 23 [1/1] (0.00ns)   --->   "%br_ln19 = br i1 %or_ln19, void %if.end, void %return" [../src/sobel_core.cpp:19]   --->   Operation 23 'br' 'br_ln19' <Predicate = true> <Delay = 0.00>
ST_2 : Operation 24 [1/1] (2.55ns)   --->   "%icmp_ln20 = icmp_sgt  i32 %width_read, i32 1920" [../src/sobel_core.cpp:20]   --->   Operation 24 'icmp' 'icmp_ln20' <Predicate = (!or_ln19)> <Delay = 2.55> <CoreInst = "Cmp">   --->   Core 9 'Cmp' <Latency = 0> <II = 1> <Delay = 2.55> <FuncUnit> <Opcode : 'seteq' 'setne' 'setle' 'setge' 'setlt' 'setgt'> <InPorts = 2> <OutPorts = 1>
ST_2 : Operation 25 [1/1] (2.55ns)   --->   "%icmp_ln20_1 = icmp_sgt  i32 %height_read, i32 1920" [../src/sobel_core.cpp:20]   --->   Operation 25 'icmp' 'icmp_ln20_1' <Predicate = (!or_ln19)> <Delay = 2.55> <CoreInst = "Cmp">   --->   Core 9 'Cmp' <Latency = 0> <II = 1> <Delay = 2.55> <FuncUnit> <Opcode : 'seteq' 'setne' 'setle' 'setge' 'setlt' 'setgt'> <InPorts = 2> <OutPorts = 1>

State 3 <SV = 2> <Delay = 3.95>
ST_3 : Operation 26 [1/1] (0.97ns)   --->   "%or_ln20 = or i1 %icmp_ln20, i1 %icmp_ln20_1" [../src/sobel_core.cpp:20]   --->   Operation 26 'or' 'or_ln20' <Predicate = true> <Delay = 0.97> <CoreInst = "LogicGate">   --->   Core 74 'LogicGate' <Latency = 0> <II = 1> <Delay = 0.97> <FuncUnit> <Opcode : 'and' 'or' 'xor'> <InPorts = 2> <OutPorts = 1>
ST_3 : Operation 27 [1/1] (0.00ns)   --->   "%br_ln20 = br i1 %or_ln20, void %if.end6, void %return" [../src/sobel_core.cpp:20]   --->   Operation 27 'br' 'br_ln20' <Predicate = true> <Delay = 0.00>
ST_3 : Operation 28 [5/5] (3.95ns)   --->   "%total = mul i32 %height_read, i32 %width_read" [../src/sobel_core.cpp:45]   --->   Operation 28 'mul' 'total' <Predicate = (!or_ln20)> <Delay = 3.95> <CoreInst = "Multiplier">   --->   Core 3 'Multiplier' <Latency = 4> <II = 1> <Delay = 3.95> <FuncUnit> <Opcode : 'mul'> <InPorts = 2> <OutPorts = 1>

State 4 <SV = 3> <Delay = 3.95>
ST_4 : Operation 29 [2/2] (3.22ns)   --->   "%call_ln0 = call void @sobel_core_Pipeline_VITIS_LOOP_31_1, i11 %empty, i8 %linebuf0, i8 %linebuf1"   --->   Operation 29 'call' 'call_ln0' <Predicate = true> <Delay = 3.22> <CoreType = "Generic">   --->   Generic Core
ST_4 : Operation 30 [4/5] (3.95ns)   --->   "%total = mul i32 %height_read, i32 %width_read" [../src/sobel_core.cpp:45]   --->   Operation 30 'mul' 'total' <Predicate = true> <Delay = 3.95> <CoreInst = "Multiplier">   --->   Core 3 'Multiplier' <Latency = 4> <II = 1> <Delay = 3.95> <FuncUnit> <Opcode : 'mul'> <InPorts = 2> <OutPorts = 1>

State 5 <SV = 4> <Delay = 4.81>
ST_5 : Operation 31 [1/2] (4.81ns)   --->   "%call_ln0 = call void @sobel_core_Pipeline_VITIS_LOOP_31_1, i11 %empty, i8 %linebuf0, i8 %linebuf1"   --->   Operation 31 'call' 'call_ln0' <Predicate = true> <Delay = 4.81> <CoreType = "Generic">   --->   Generic Core
ST_5 : Operation 32 [3/5] (3.95ns)   --->   "%total = mul i32 %height_read, i32 %width_read" [../src/sobel_core.cpp:45]   --->   Operation 32 'mul' 'total' <Predicate = true> <Delay = 3.95> <CoreInst = "Multiplier">   --->   Core 3 'Multiplier' <Latency = 4> <II = 1> <Delay = 3.95> <FuncUnit> <Opcode : 'mul'> <InPorts = 2> <OutPorts = 1>

State 6 <SV = 5> <Delay = 3.95>
ST_6 : Operation 33 [2/5] (3.95ns)   --->   "%total = mul i32 %height_read, i32 %width_read" [../src/sobel_core.cpp:45]   --->   Operation 33 'mul' 'total' <Predicate = true> <Delay = 3.95> <CoreInst = "Multiplier">   --->   Core 3 'Multiplier' <Latency = 4> <II = 1> <Delay = 3.95> <FuncUnit> <Opcode : 'mul'> <InPorts = 2> <OutPorts = 1>

State 7 <SV = 6> <Delay = 3.95>
ST_7 : Operation 34 [1/5] (3.95ns)   --->   "%total = mul i32 %height_read, i32 %width_read" [../src/sobel_core.cpp:45]   --->   Operation 34 'mul' 'total' <Predicate = true> <Delay = 3.95> <CoreInst = "Multiplier">   --->   Core 3 'Multiplier' <Latency = 4> <II = 1> <Delay = 3.95> <FuncUnit> <Opcode : 'mul'> <InPorts = 2> <OutPorts = 1>
ST_7 : Operation 35 [1/1] (0.00ns)   --->   "%trunc_ln45 = trunc i32 %total" [../src/sobel_core.cpp:45]   --->   Operation 35 'trunc' 'trunc_ln45' <Predicate = true> <Delay = 0.00>

State 8 <SV = 7> <Delay = 2.25>
ST_8 : Operation 36 [1/1] (2.25ns)   --->   "%add_ln84 = add i22 %trunc_ln45, i22 4194303" [../src/sobel_core.cpp:84]   --->   Operation 36 'add' 'add_ln84' <Predicate = true> <Delay = 2.25> <CoreInst = "Adder">   --->   Core 1 'Adder' <Latency = 0> <II = 1> <Delay = 2.25> <FuncUnit> <Opcode : 'add' 'sub'> <InPorts = 2> <OutPorts = 1>

State 9 <SV = 8> <Delay = 3.84>
ST_9 : Operation 37 [2/2] (3.84ns)   --->   "%call_ln45 = call void @sobel_core_Pipeline_VITIS_LOOP_47_4, i22 %trunc_ln45, i11 %empty, i8 %in_stream_V_data_V, i1 %in_stream_V_keep_V, i1 %in_stream_V_strb_V, i1 %in_stream_V_user_V, i1 %in_stream_V_last_V, i1 %in_stream_V_id_V, i1 %in_stream_V_dest_V, i8 %linebuf0, i8 %linebuf1, i11 %empty, i22 %add_ln84, i8 %out_stream_V_data_V, i1 %out_stream_V_keep_V, i1 %out_stream_V_strb_V, i1 %out_stream_V_user_V, i1 %out_stream_V_last_V, i1 %out_stream_V_id_V, i1 %out_stream_V_dest_V" [../src/sobel_core.cpp:45]   --->   Operation 37 'call' 'call_ln45' <Predicate = true> <Delay = 3.84> <CoreType = "Generic">   --->   Generic Core

State 10 <SV = 9> <Delay = 4.43>
ST_10 : Operation 38 [1/1] (0.00ns)   --->   "%specmemcore_ln24 = specmemcore void @_ssdm_op_SpecMemCore, i8 %linebuf0, i64 666, i64 18, i64 18446744073709551615, i1 0" [../src/sobel_core.cpp:24]   --->   Operation 38 'specmemcore' 'specmemcore_ln24' <Predicate = (!or_ln19 & !or_ln20)> <Delay = 0.00>
ST_10 : Operation 39 [1/1] (0.00ns)   --->   "%specmemcore_ln25 = specmemcore void @_ssdm_op_SpecMemCore, i8 %linebuf1, i64 666, i64 18, i64 18446744073709551615, i1 0" [../src/sobel_core.cpp:25]   --->   Operation 39 'specmemcore' 'specmemcore_ln25' <Predicate = (!or_ln19 & !or_ln20)> <Delay = 0.00>
ST_10 : Operation 40 [1/2] (4.43ns)   --->   "%call_ln45 = call void @sobel_core_Pipeline_VITIS_LOOP_47_4, i22 %trunc_ln45, i11 %empty, i8 %in_stream_V_data_V, i1 %in_stream_V_keep_V, i1 %in_stream_V_strb_V, i1 %in_stream_V_user_V, i1 %in_stream_V_last_V, i1 %in_stream_V_id_V, i1 %in_stream_V_dest_V, i8 %linebuf0, i8 %linebuf1, i11 %empty, i22 %add_ln84, i8 %out_stream_V_data_V, i1 %out_stream_V_keep_V, i1 %out_stream_V_strb_V, i1 %out_stream_V_user_V, i1 %out_stream_V_last_V, i1 %out_stream_V_id_V, i1 %out_stream_V_dest_V" [../src/sobel_core.cpp:45]   --->   Operation 40 'call' 'call_ln45' <Predicate = (!or_ln19 & !or_ln20)> <Delay = 4.43> <CoreType = "Generic">   --->   Generic Core
ST_10 : Operation 41 [1/1] (0.00ns)   --->   "%br_ln0 = br void %return"   --->   Operation 41 'br' 'br_ln0' <Predicate = (!or_ln19 & !or_ln20)> <Delay = 0.00>
ST_10 : Operation 42 [1/1] (0.00ns)   --->   "%ret_ln88 = ret" [../src/sobel_core.cpp:88]   --->   Operation 42 'ret' 'ret_ln88' <Predicate = true> <Delay = 0.00>


============================================================
+ Verbose Summary: Timing violations
============================================================
Target clock period: 4.000ns, clock uncertainty: 1.080ns.

 <State 1>: 2.552ns
The critical path consists of the following:
	wire read operation ('width_read') on port 'width' [18]  (0.000 ns)
	'icmp' operation 1 bit ('icmp_ln19', ../src/sobel_core.cpp:19) [26]  (2.552 ns)

 <State 2>: 2.552ns
The critical path consists of the following:
	'icmp' operation 1 bit ('icmp_ln20', ../src/sobel_core.cpp:20) [31]  (2.552 ns)

 <State 3>: 3.950ns
The critical path consists of the following:
	'mul' operation 32 bit ('total', ../src/sobel_core.cpp:45) [39]  (3.950 ns)

 <State 4>: 3.950ns
The critical path consists of the following:
	'mul' operation 32 bit ('total', ../src/sobel_core.cpp:45) [39]  (3.950 ns)

 <State 5>: 4.815ns
The critical path consists of the following:
	'call' operation ('call_ln0') to 'sobel_core_Pipeline_VITIS_LOOP_31_1' [38]  (4.815 ns)

 <State 6>: 3.950ns
The critical path consists of the following:
	'mul' operation 32 bit ('total', ../src/sobel_core.cpp:45) [39]  (3.950 ns)

 <State 7>: 3.950ns
The critical path consists of the following:
	'mul' operation 32 bit ('total', ../src/sobel_core.cpp:45) [39]  (3.950 ns)

 <State 8>: 2.255ns
The critical path consists of the following:
	'add' operation 22 bit ('add_ln84', ../src/sobel_core.cpp:84) [41]  (2.255 ns)

 <State 9>: 3.843ns
The critical path consists of the following:
	'call' operation ('call_ln45', ../src/sobel_core.cpp:45) to 'sobel_core_Pipeline_VITIS_LOOP_47_4' [42]  (3.843 ns)

 <State 10>: 4.439ns
The critical path consists of the following:
	'call' operation ('call_ln45', ../src/sobel_core.cpp:45) to 'sobel_core_Pipeline_VITIS_LOOP_47_4' [42]  (4.439 ns)


============================================================
+ Verbose Summary: Binding
============================================================
N/A
* FSMD analyzer results:
  - Output states:
 - Input state : 
  - Chain level:
	State 1
	State 2
	State 3
	State 4
	State 5
	State 6
	State 7
	State 8
	State 9
	State 10


============================================================
+ Verbose Summary: Datapath Resource usage 
============================================================
N/A
