C:\Users\57778\Desktop\sobel\sobel\sobel_top\hls\.autopilot\db\sobel_ref.pp.0.cpp:2390:5: remark: Added loop label VITIS_LOOP_676_1:   [xilinx-label-all-loops]
    for (unsigned i = low; i != high+1; ++i) {
    ^
    VITIS_LOOP_676_1: 
C:\Users\57778\Desktop\sobel\sobel\sobel_top\hls\.autopilot\db\sobel_ref.pp.0.cpp:2390:5: note: FIX-IT applied suggested code changes
C:\Users\57778\Desktop\sobel\sobel\sobel_top\hls\.autopilot\db\sobel_ref.pp.0.cpp:2404:5: remark: Added loop label VITIS_LOOP_690_1:   [xilinx-label-all-loops]
    for (unsigned i = low; i != high+1; ++i) {
    ^
    VITIS_LOOP_690_1: 
C:\Users\57778\Desktop\sobel\sobel\sobel_top\hls\.autopilot\db\sobel_ref.pp.0.cpp:2404:5: note: FIX-IT applied suggested code changes
C:\Users\57778\Desktop\sobel\sobel\sobel_top\hls\.autopilot\db\sobel_ref.pp.0.cpp:2418:5: remark: Added loop label VITIS_LOOP_704_1:   [xilinx-label-all-loops]
    for (unsigned i = low; i != high+1; ++i) {
    ^
    VITIS_LOOP_704_1: 
C:\Users\57778\Desktop\sobel\sobel\sobel_top\hls\.autopilot\db\sobel_ref.pp.0.cpp:2418:5: note: FIX-IT applied suggested code changes
C:\Users\57778\Desktop\sobel\sobel\sobel_top\hls\.autopilot\db\sobel_ref.pp.0.cpp:5938:7: remark: Added loop label VITIS_LOOP_1251_1:   [xilinx-label-all-loops]
      for (i = 0; i < __N - 1; ++i) {
      ^
      VITIS_LOOP_1251_1: 
C:\Users\57778\Desktop\sobel\sobel\sobel_top\hls\.autopilot\db\sobel_ref.pp.0.cpp:5938:7: note: FIX-IT applied suggested code changes
C:\Users\57778\Desktop\sobel\sobel\sobel_top\hls\.autopilot\db\sobel_ref.pp.0.cpp:50055:5: remark: Added loop label VITIS_LOOP_17_1:   [xilinx-label-all-loops]
    for (int i = 0; i < width * height; i++) {
    ^
    VITIS_LOOP_17_1: 
C:\Users\57778\Desktop\sobel\sobel\sobel_top\hls\.autopilot\db\sobel_ref.pp.0.cpp:50055:5: note: FIX-IT applied suggested code changes
C:\Users\57778\Desktop\sobel\sobel\sobel_top\hls\.autopilot\db\sobel_ref.pp.0.cpp:50059:5: remark: Added loop label VITIS_LOOP_21_2:   [xilinx-label-all-loops]
    for (int r = 2; r < height; r++) {
    ^
    VITIS_LOOP_21_2: 
C:\Users\57778\Desktop\sobel\sobel\sobel_top\hls\.autopilot\db\sobel_ref.pp.0.cpp:50059:5: note: FIX-IT applied suggested code changes
C:\Users\57778\Desktop\sobel\sobel\sobel_top\hls\.autopilot\db\sobel_ref.pp.0.cpp:50060:9: remark: Added loop label VITIS_LOOP_22_3:   [xilinx-label-all-loops]
        for (int c = 2; c < width; c++) {
        ^
        VITIS_LOOP_22_3: 
C:\Users\57778\Desktop\sobel\sobel\sobel_top\hls\.autopilot\db\sobel_ref.pp.0.cpp:50060:9: note: FIX-IT applied suggested code changes
