

================================================================
== Vitis HLS Report for 'sobel_core_Pipeline_VITIS_LOOP_31_1'
================================================================
* Date:           Thu Apr 23 17:21:11 2026

* Version:        2025.2 (Build 6295257 on Nov 12 2025)
* Project:        sobel_top
* Solution:       hls (Vivado IP Flow Target)
* Product family: zynq
* Target device:  xc7z020-clg400-1


================================================================
== Performance Estimates
================================================================
+ Timing: 
    * Summary: 
    +--------+---------+----------+------------+
    |  Clock |  Target | Estimated| Uncertainty|
    +--------+---------+----------+------------+
    |ap_clk  |  4.00 ns|  4.815 ns|     1.08 ns|
    +--------+---------+----------+------------+

+ Latency: 
    * Summary: 
    +---------+---------+-----------+----------+-----+-----+-------------------+
    |  Latency (cycles) |  Latency (absolute)  |  Interval |      Pipeline     |
    |   min   |   max   |    min    |    max   | min | max |        Type       |
    +---------+---------+-----------+----------+-----+-----+-------------------+
    |        3|     1922|  14.445 ns|  9.254 us|    0|    0|  loop pipeline stp|
    +---------+---------+-----------+----------+-----+-----+-------------------+

    + Detail: 
        * Instance: 
        N/A

        * Loop: 
        +-------------------+---------+---------+----------+-----------+-----------+----------+----------+
        |                   |  Latency (cycles) | Iteration|  Initiation Interval  |   Trip   |          |
        |     Loop Name     |   min   |   max   |  Latency |  achieved |   target  |   Count  | Pipelined|
        +-------------------+---------+---------+----------+-----------+-----------+----------+----------+
        |- VITIS_LOOP_31_1  |        1|     1920|         2|          1|          1|  1 ~ 1920|       yes|
        +-------------------+---------+---------+----------+-----------+-----------+----------+----------+



================================================================
== Utilization Estimates
================================================================
* Summary: 
+-----------------+---------+-----+--------+-------+-----+
|       Name      | BRAM_18K| DSP |   FF   |  LUT  | URAM|
+-----------------+---------+-----+--------+-------+-----+
|DSP              |        -|    -|       -|      -|    -|
|Expression       |        -|    -|       0|     26|    -|
|FIFO             |        -|    -|       -|      -|    -|
|Instance         |        -|    -|       -|      -|    -|
|Memory           |        -|    -|       -|      -|    -|
|Multiplexer      |        -|    -|       0|     36|    -|
|Register         |        -|    -|      25|      -|    -|
+-----------------+---------+-----+--------+-------+-----+
|Total            |        0|    0|      25|     62|    0|
+-----------------+---------+-----+--------+-------+-----+
|Available        |      280|  220|  106400|  53200|    0|
+-----------------+---------+-----+--------+-------+-----+
|Utilization (%)  |        0|    0|      ~0|     ~0|    0|
+-----------------+---------+-----+--------+-------+-----+

+ Detail: 
    * Instance: 
    N/A

    * DSP: 
    N/A

    * Memory: 
    N/A

    * FIFO: 
    N/A

    * Expression: 
    +--------------------+----------+----+---+----+------------+------------+
    |    Variable Name   | Operation| DSP| FF| LUT| Bitwidth P0| Bitwidth P1|
    +--------------------+----------+----+---+----+------------+------------+
    |add_ln31_fu_98_p2   |         +|   0|  0|  12|          11|           1|
    |icmp_ln31_fu_92_p2  |      icmp|   0|  0|  12|          11|          11|
    |ap_enable_pp0       |       xor|   0|  0|   2|           1|           2|
    +--------------------+----------+----+---+----+------------+------------+
    |Total               |          |   0|  0|  26|          23|          14|
    +--------------------+----------+----+---+----+------------+------------+

    * Multiplexer: 
    +-------------------------+----+-----------+-----+-----------+
    |           Name          | LUT| Input Size| Bits| Total Bits|
    +-------------------------+----+-----------+-----+-----------+
    |ap_done_int              |   9|          2|    1|          2|
    |ap_enable_reg_pp0_iter1  |   9|          2|    1|          2|
    |ap_sig_allocacmp_i_1     |   9|          2|   11|         22|
    |i_fu_46                  |   9|          2|   11|         22|
    +-------------------------+----+-----------+-----+-----------+
    |Total                    |  36|          8|   24|         48|
    +-------------------------+----+-----------+-----+-----------+

    * Register: 
    +-------------------------+----+----+-----+-----------+
    |           Name          | FF | LUT| Bits| Const Bits|
    +-------------------------+----+----+-----+-----------+
    |ap_CS_fsm                |   1|   0|    1|          0|
    |ap_done_reg              |   1|   0|    1|          0|
    |ap_enable_reg_pp0_iter1  |   1|   0|    1|          0|
    |i_1_reg_121              |  11|   0|   11|          0|
    |i_fu_46                  |  11|   0|   11|          0|
    +-------------------------+----+----+-----+-----------+
    |Total                    |  25|   0|   25|          0|
    +-------------------------+----+----+-----+-----------+



================================================================
== Interface
================================================================
* Summary: 
+-------------------+-----+-----+------------+-------------------------------------+--------------+
|     RTL Ports     | Dir | Bits|  Protocol  |            Source Object            |    C Type    |
+-------------------+-----+-----+------------+-------------------------------------+--------------+
|ap_clk             |   in|    1|  ap_ctrl_hs|  sobel_core_Pipeline_VITIS_LOOP_31_1|  return value|
|ap_rst             |   in|    1|  ap_ctrl_hs|  sobel_core_Pipeline_VITIS_LOOP_31_1|  return value|
|ap_start           |   in|    1|  ap_ctrl_hs|  sobel_core_Pipeline_VITIS_LOOP_31_1|  return value|
|ap_done            |  out|    1|  ap_ctrl_hs|  sobel_core_Pipeline_VITIS_LOOP_31_1|  return value|
|ap_idle            |  out|    1|  ap_ctrl_hs|  sobel_core_Pipeline_VITIS_LOOP_31_1|  return value|
|ap_ready           |  out|    1|  ap_ctrl_hs|  sobel_core_Pipeline_VITIS_LOOP_31_1|  return value|
|empty              |   in|   11|     ap_none|                                empty|        scalar|
|linebuf0_address0  |  out|   11|   ap_memory|                             linebuf0|         array|
|linebuf0_ce0       |  out|    1|   ap_memory|                             linebuf0|         array|
|linebuf0_we0       |  out|    1|   ap_memory|                             linebuf0|         array|
|linebuf0_d0        |  out|    8|   ap_memory|                             linebuf0|         array|
|linebuf1_address0  |  out|   11|   ap_memory|                             linebuf1|         array|
|linebuf1_ce0       |  out|    1|   ap_memory|                             linebuf1|         array|
|linebuf1_we0       |  out|    1|   ap_memory|                             linebuf1|         array|
|linebuf1_d0        |  out|    8|   ap_memory|                             linebuf1|         array|
+-------------------+-----+-----+------------+-------------------------------------+--------------+

============================================================
+ Verbose Summary: Synthesis Manager
============================================================
InlineROM: 1
ExposeGlobal: 0
============================================================
+ Verbose Summary: CDFG Model
============================================================
IsTopModel: 0
ResetActiveHigh: 1
IsCombinational: 2
IsDatapathOnly: 2
HasWiredReturn: 1
HasMFsm: 2
HasVarLatency: 1
IsPipeline: 0
IsRtlPipelined: 0
IsInstanceOverlapped: 0
IsDontTouch: 0
HasImplIP: 0
IsGatedGlobalClock: 0

+ Individual pipeline summary: 
  * Pipeline-0: initiation interval (II) = 1, depth = 2


============================================================
+ Verbose Summary: Schedule
============================================================
* Number of FSM states : 2
* Pipeline : 1
  Pipeline-0 : II = 1, D = 2, States = { 1 2 }
* Dataflow Pipeline: 0

* FSM state transitions: 
1 --> 2 
2 --> 

* FSM state operations: 

State 1 <SV = 0> <Delay = 4.81>
ST_1 : Operation 5 [1/1] (0.00ns)   --->   "%i = alloca i32 1" [../src/sobel_core.cpp:31]   --->   Operation 5 'alloca' 'i' <Predicate = true> <Delay = 0.00>
ST_1 : Operation 6 [1/1] (0.00ns)   --->   "%specmemcore_ln0 = specmemcore void @_ssdm_op_SpecMemCore, i8 %linebuf1, i64 666, i64 18, i64 18446744073709551615, i1 0"   --->   Operation 6 'specmemcore' 'specmemcore_ln0' <Predicate = true> <Delay = 0.00>
ST_1 : Operation 7 [1/1] (0.00ns)   --->   "%specmemcore_ln0 = specmemcore void @_ssdm_op_SpecMemCore, i8 %linebuf0, i64 666, i64 18, i64 18446744073709551615, i1 0"   --->   Operation 7 'specmemcore' 'specmemcore_ln0' <Predicate = true> <Delay = 0.00>
ST_1 : Operation 8 [1/1] (0.00ns)   --->   "%tmp = read i11 @_ssdm_op_Read.ap_auto.i11, i11 %empty"   --->   Operation 8 'read' 'tmp' <Predicate = true> <Delay = 0.00>
ST_1 : Operation 9 [1/1] (1.58ns)   --->   "%store_ln31 = store i11 0, i11 %i" [../src/sobel_core.cpp:31]   --->   Operation 9 'store' 'store_ln31' <Predicate = true> <Delay = 1.58>
ST_1 : Operation 10 [1/1] (0.00ns)   --->   "%br_ln0 = br void %for.inc"   --->   Operation 10 'br' 'br_ln0' <Predicate = true> <Delay = 0.00>
ST_1 : Operation 11 [1/1] (0.00ns)   --->   "%i_1 = load i11 %i" [../src/sobel_core.cpp:31]   --->   Operation 11 'load' 'i_1' <Predicate = true> <Delay = 0.00>
ST_1 : Operation 12 [1/1] (1.63ns)   --->   "%icmp_ln31 = icmp_eq  i11 %i_1, i11 %tmp" [../src/sobel_core.cpp:31]   --->   Operation 12 'icmp' 'icmp_ln31' <Predicate = true> <Delay = 1.63> <CoreInst = "Cmp">   --->   Core 9 'Cmp' <Latency = 0> <II = 1> <Delay = 1.63> <FuncUnit> <Opcode : 'seteq' 'setne' 'setle' 'setge' 'setlt' 'setgt'> <InPorts = 2> <OutPorts = 1>
ST_1 : Operation 13 [1/1] (0.00ns)   --->   "%speclooptripcount_ln0 = speclooptripcount void @_ssdm_op_SpecLoopTripCount, i64 1, i64 1920, i64 0"   --->   Operation 13 'speclooptripcount' 'speclooptripcount_ln0' <Predicate = true> <Delay = 0.00>
ST_1 : Operation 14 [1/1] (1.63ns)   --->   "%add_ln31 = add i11 %i_1, i11 1" [../src/sobel_core.cpp:31]   --->   Operation 14 'add' 'add_ln31' <Predicate = true> <Delay = 1.63> <CoreInst = "Adder">   --->   Core 1 'Adder' <Latency = 0> <II = 1> <Delay = 1.63> <FuncUnit> <Opcode : 'add' 'sub'> <InPorts = 2> <OutPorts = 1>
ST_1 : Operation 15 [1/1] (0.00ns)   --->   "%br_ln31 = br i1 %icmp_ln31, void %for.inc.split, void %for.end29.exitStub" [../src/sobel_core.cpp:31]   --->   Operation 15 'br' 'br_ln31' <Predicate = true> <Delay = 0.00>
ST_1 : Operation 16 [1/1] (1.58ns)   --->   "%store_ln31 = store i11 %add_ln31, i11 %i" [../src/sobel_core.cpp:31]   --->   Operation 16 'store' 'store_ln31' <Predicate = (!icmp_ln31)> <Delay = 1.58>
ST_1 : Operation 25 [1/1] (1.58ns)   --->   "%ret_ln0 = ret"   --->   Operation 25 'ret' 'ret_ln0' <Predicate = (icmp_ln31)> <Delay = 1.58>

State 2 <SV = 1> <Delay = 1.68>
ST_2 : Operation 17 [1/1] (0.00ns)   --->   "%zext_ln31 = zext i11 %i_1" [../src/sobel_core.cpp:31]   --->   Operation 17 'zext' 'zext_ln31' <Predicate = true> <Delay = 0.00>
ST_2 : Operation 18 [1/1] (0.00ns)   --->   "%specpipeline_ln32 = specpipeline void @_ssdm_op_SpecPipeline, i32 1, i32 0, i32 0, i32 0, i32 4294967295, void @empty_1" [../src/sobel_core.cpp:32]   --->   Operation 18 'specpipeline' 'specpipeline_ln32' <Predicate = true> <Delay = 0.00>
ST_2 : Operation 19 [1/1] (0.00ns)   --->   "%specloopname_ln31 = specloopname void @_ssdm_op_SpecLoopName, void @empty_11" [../src/sobel_core.cpp:31]   --->   Operation 19 'specloopname' 'specloopname_ln31' <Predicate = true> <Delay = 0.00>
ST_2 : Operation 20 [1/1] (0.00ns)   --->   "%linebuf0_addr = getelementptr i8 %linebuf0, i64 0, i64 %zext_ln31" [../src/sobel_core.cpp:33]   --->   Operation 20 'getelementptr' 'linebuf0_addr' <Predicate = true> <Delay = 0.00>
ST_2 : Operation 21 [1/1] ( I:1.68ns O:1.68ns )   --->   "%store_ln33 = store i8 0, i11 %linebuf0_addr" [../src/sobel_core.cpp:33]   --->   Operation 21 'store' 'store_ln33' <Predicate = true> <Delay = 1.68> <CoreInst = "RAM_1P_BRAM">   --->   Core 87 'RAM_1P_BRAM' <Latency = 2> <II = 1> <Delay = 1.68> <Storage> <Opcode : 'load' 'store'> <Ports = 1> <Width = 8> <Depth = 1920> <RAM>
ST_2 : Operation 22 [1/1] (0.00ns)   --->   "%linebuf1_addr = getelementptr i8 %linebuf1, i64 0, i64 %zext_ln31" [../src/sobel_core.cpp:34]   --->   Operation 22 'getelementptr' 'linebuf1_addr' <Predicate = true> <Delay = 0.00>
ST_2 : Operation 23 [1/1] ( I:1.68ns O:1.68ns )   --->   "%store_ln34 = store i8 0, i11 %linebuf1_addr" [../src/sobel_core.cpp:34]   --->   Operation 23 'store' 'store_ln34' <Predicate = true> <Delay = 1.68> <CoreInst = "RAM_1P_BRAM">   --->   Core 87 'RAM_1P_BRAM' <Latency = 2> <II = 1> <Delay = 1.68> <Storage> <Opcode : 'load' 'store'> <Ports = 1> <Width = 8> <Depth = 1920> <RAM>
ST_2 : Operation 24 [1/1] (0.00ns)   --->   "%br_ln31 = br void %for.inc" [../src/sobel_core.cpp:31]   --->   Operation 24 'br' 'br_ln31' <Predicate = true> <Delay = 0.00>


============================================================
+ Verbose Summary: Binding
============================================================
STG Binding: 
---------------- STG Properties BEGIN ----------------
- Is combinational: 0
- Is one-state seq: 0
- Is datapath-only: 0
- Is pipelined: 0
- Is top level: 0
Port [ Return ] is wired: 1; IO mode=ap_ctrl_hs:ce=0
Port [ empty]:  wired=1; compound=0; hidden=0; nouse=0; global=0; static=0; extern=0; dir=0; type=0; pingpong=0; private_global=0; IO mode=ap_none:ce=0
Port [ linebuf0]:  wired=1; compound=1; hidden=0; nouse=0; global=0; static=0; extern=0; dir=1; type=1; pingpong=0; private_global=0; MemPort=[0]; IO mode=ap_memory:ce=0
Port [ linebuf1]:  wired=1; compound=1; hidden=0; nouse=0; global=0; static=0; extern=0; dir=1; type=1; pingpong=0; private_global=0; MemPort=[0]; IO mode=ap_memory:ce=0
---------------- STG Properties END ------------------

---------------- Datapath Model BEGIN ----------------

<LifeTime>
<method=bitvector/>
i                     (alloca           ) [ 010]
specmemcore_ln0       (specmemcore      ) [ 000]
specmemcore_ln0       (specmemcore      ) [ 000]
tmp                   (read             ) [ 000]
store_ln31            (store            ) [ 000]
br_ln0                (br               ) [ 000]
i_1                   (load             ) [ 011]
icmp_ln31             (icmp             ) [ 010]
speclooptripcount_ln0 (speclooptripcount) [ 000]
add_ln31              (add              ) [ 000]
br_ln31               (br               ) [ 000]
store_ln31            (store            ) [ 000]
zext_ln31             (zext             ) [ 000]
specpipeline_ln32     (specpipeline     ) [ 000]
specloopname_ln31     (specloopname     ) [ 000]
linebuf0_addr         (getelementptr    ) [ 000]
store_ln33            (store            ) [ 000]
linebuf1_addr         (getelementptr    ) [ 000]
store_ln34            (store            ) [ 000]
br_ln31               (br               ) [ 000]
ret_ln0               (ret              ) [ 000]
</LifeTime>

<model>

<comp_list>
<comp id="0" class="1000" name="empty">
<pin_list>
<pin id="1" dir="1" index="0" bw="1" slack="0"/>
</pin_list>
<bind>
<StgValue><ssdm name="empty"/></StgValue>
</bind>
</comp>

<comp id="2" class="1000" name="linebuf0">
<pin_list>
<pin id="3" dir="1" index="0" bw="1" slack="0"/>
</pin_list>
<bind>
<StgValue><ssdm name="linebuf0"/><MemPortTyVec>0 </MemPortTyVec>
</StgValue>
</bind>
</comp>

<comp id="4" class="1000" name="linebuf1">
<pin_list>
<pin id="5" dir="1" index="0" bw="1" slack="0"/>
</pin_list>
<bind>
<StgValue><ssdm name="linebuf1"/><MemPortTyVec>0 </MemPortTyVec>
</StgValue>
</bind>
</comp>

<comp id="6" class="1001" name="const_6">
<pin_list>
<pin id="7" dir="1" index="0" bw="1" slack="0"/>
</pin_list>
<bind>
<StgValue><ssdm name=""/></StgValue>
</bind>
</comp>

<comp id="8" class="1001" name="const_8">
<pin_list>
<pin id="9" dir="1" index="0" bw="1" slack="2147483647"/>
</pin_list>
<bind>
<StgValue><ssdm name="_ssdm_op_SpecMemCore"/></StgValue>
</bind>
</comp>

<comp id="10" class="1001" name="const_10">
<pin_list>
<pin id="11" dir="1" index="0" bw="1" slack="2147483647"/>
</pin_list>
<bind>
<StgValue><ssdm name=""/></StgValue>
</bind>
</comp>

<comp id="12" class="1001" name="const_12">
<pin_list>
<pin id="13" dir="1" index="0" bw="1" slack="2147483647"/>
</pin_list>
<bind>
<StgValue><ssdm name=""/></StgValue>
</bind>
</comp>

<comp id="14" class="1001" name="const_14">
<pin_list>
<pin id="15" dir="1" index="0" bw="1" slack="2147483647"/>
</pin_list>
<bind>
<StgValue><ssdm name=""/></StgValue>
</bind>
</comp>

<comp id="16" class="1001" name="const_16">
<pin_list>
<pin id="17" dir="1" index="0" bw="1" slack="2147483647"/>
</pin_list>
<bind>
<StgValue><ssdm name=""/></StgValue>
</bind>
</comp>

<comp id="18" class="1001" name="const_18">
<pin_list>
<pin id="19" dir="1" index="0" bw="1" slack="0"/>
</pin_list>
<bind>
<StgValue><ssdm name="_ssdm_op_Read.ap_auto.i11"/></StgValue>
</bind>
</comp>

<comp id="20" class="1001" name="const_20">
<pin_list>
<pin id="21" dir="1" index="0" bw="1" slack="0"/>
</pin_list>
<bind>
<StgValue><ssdm name=""/></StgValue>
</bind>
</comp>

<comp id="22" class="1001" name="const_22">
<pin_list>
<pin id="23" dir="1" index="0" bw="1" slack="2147483647"/>
</pin_list>
<bind>
<StgValue><ssdm name="_ssdm_op_SpecLoopTripCount"/></StgValue>
</bind>
</comp>

<comp id="24" class="1001" name="const_24">
<pin_list>
<pin id="25" dir="1" index="0" bw="1" slack="2147483647"/>
</pin_list>
<bind>
<StgValue><ssdm name=""/></StgValue>
</bind>
</comp>

<comp id="26" class="1001" name="const_26">
<pin_list>
<pin id="27" dir="1" index="0" bw="1" slack="2147483647"/>
</pin_list>
<bind>
<StgValue><ssdm name=""/></StgValue>
</bind>
</comp>

<comp id="28" class="1001" name="const_28">
<pin_list>
<pin id="29" dir="1" index="0" bw="1" slack="0"/>
</pin_list>
<bind>
<StgValue><ssdm name=""/></StgValue>
</bind>
</comp>

<comp id="30" class="1001" name="const_30">
<pin_list>
<pin id="31" dir="1" index="0" bw="1" slack="0"/>
</pin_list>
<bind>
<StgValue><ssdm name=""/></StgValue>
</bind>
</comp>

<comp id="32" class="1001" name="const_32">
<pin_list>
<pin id="33" dir="1" index="0" bw="1" slack="2147483647"/>
</pin_list>
<bind>
<StgValue><ssdm name="_ssdm_op_SpecPipeline"/></StgValue>
</bind>
</comp>

<comp id="34" class="1001" name="const_34">
<pin_list>
<pin id="35" dir="1" index="0" bw="1" slack="2147483647"/>
</pin_list>
<bind>
<StgValue><ssdm name=""/></StgValue>
</bind>
</comp>

<comp id="36" class="1001" name="const_36">
<pin_list>
<pin id="37" dir="1" index="0" bw="1" slack="2147483647"/>
</pin_list>
<bind>
<StgValue><ssdm name=""/></StgValue>
</bind>
</comp>

<comp id="38" class="1001" name="const_38">
<pin_list>
<pin id="39" dir="1" index="0" bw="1" slack="2147483647"/>
</pin_list>
<bind>
<StgValue><ssdm name="empty_1"/></StgValue>
</bind>
</comp>

<comp id="40" class="1001" name="const_40">
<pin_list>
<pin id="41" dir="1" index="0" bw="1" slack="2147483647"/>
</pin_list>
<bind>
<StgValue><ssdm name="_ssdm_op_SpecLoopName"/></StgValue>
</bind>
</comp>

<comp id="42" class="1001" name="const_42">
<pin_list>
<pin id="43" dir="1" index="0" bw="1" slack="2147483647"/>
</pin_list>
<bind>
<StgValue><ssdm name="empty_11"/></StgValue>
</bind>
</comp>

<comp id="44" class="1001" name="const_44">
<pin_list>
<pin id="45" dir="1" index="0" bw="1" slack="0"/>
</pin_list>
<bind>
<StgValue><ssdm name=""/></StgValue>
</bind>
</comp>

<comp id="46" class="1004" name="i_fu_46">
<pin_list>
<pin id="47" dir="0" index="0" bw="1" slack="0"/>
<pin id="48" dir="1" index="1" bw="11" slack="0"/>
</pin_list>
<bind>
<opcode="alloca(26) " fcode="alloca"/>
<opset="i/1 "/>
</bind>
</comp>

<comp id="50" class="1004" name="tmp_read_fu_50">
<pin_list>
<pin id="51" dir="0" index="0" bw="11" slack="0"/>
<pin id="52" dir="0" index="1" bw="11" slack="0"/>
<pin id="53" dir="1" index="2" bw="11" slack="0"/>
</pin_list>
<bind>
<opcode="read(1150) " fcode="read"/>
<opset="tmp/1 "/>
</bind>
</comp>

<comp id="56" class="1004" name="linebuf0_addr_gep_fu_56">
<pin_list>
<pin id="57" dir="0" index="0" bw="8" slack="0"/>
<pin id="58" dir="0" index="1" bw="1" slack="0"/>
<pin id="59" dir="0" index="2" bw="11" slack="0"/>
<pin id="60" dir="1" index="3" bw="11" slack="0"/>
</pin_list>
<bind>
<opcode="getelementptr(29) " fcode="getelementptr"/>
<opset="linebuf0_addr/2 "/>
</bind>
</comp>

<comp id="63" class="1004" name="store_ln33_access_fu_63">
<pin_list>
<pin id="64" dir="0" index="0" bw="11" slack="0"/>
<pin id="65" dir="0" index="1" bw="8" slack="0"/>
<pin id="66" dir="0" index="2" bw="0" slack="2147483647"/>
<pin id="67" dir="1" index="3" bw="8" slack="2147483647"/>
</pin_list>
<bind>
<opcode="store(28) " fcode="store"/>
<opset="store_ln33/2 "/>
</bind>
</comp>

<comp id="70" class="1004" name="linebuf1_addr_gep_fu_70">
<pin_list>
<pin id="71" dir="0" index="0" bw="8" slack="0"/>
<pin id="72" dir="0" index="1" bw="1" slack="0"/>
<pin id="73" dir="0" index="2" bw="11" slack="0"/>
<pin id="74" dir="1" index="3" bw="11" slack="0"/>
</pin_list>
<bind>
<opcode="getelementptr(29) " fcode="getelementptr"/>
<opset="linebuf1_addr/2 "/>
</bind>
</comp>

<comp id="77" class="1004" name="store_ln34_access_fu_77">
<pin_list>
<pin id="78" dir="0" index="0" bw="11" slack="0"/>
<pin id="79" dir="0" index="1" bw="8" slack="0"/>
<pin id="80" dir="0" index="2" bw="0" slack="2147483647"/>
<pin id="81" dir="1" index="3" bw="8" slack="2147483647"/>
</pin_list>
<bind>
<opcode="store(28) " fcode="store"/>
<opset="store_ln34/2 "/>
</bind>
</comp>

<comp id="84" class="1004" name="store_ln31_store_fu_84">
<pin_list>
<pin id="85" dir="0" index="0" bw="1" slack="0"/>
<pin id="86" dir="0" index="1" bw="11" slack="0"/>
<pin id="87" dir="1" index="2" bw="0" slack="2147483647"/>
</pin_list>
<bind>
<opcode="store(28) " fcode="store"/>
<opset="store_ln31/1 "/>
</bind>
</comp>

<comp id="89" class="1004" name="i_1_load_fu_89">
<pin_list>
<pin id="90" dir="0" index="0" bw="11" slack="0"/>
<pin id="91" dir="1" index="1" bw="11" slack="0"/>
</pin_list>
<bind>
<opcode="load(27) " fcode="load"/>
<opset="i_1/1 "/>
</bind>
</comp>

<comp id="92" class="1004" name="icmp_ln31_fu_92">
<pin_list>
<pin id="93" dir="0" index="0" bw="11" slack="0"/>
<pin id="94" dir="0" index="1" bw="11" slack="0"/>
<pin id="95" dir="1" index="2" bw="1" slack="2147483647"/>
</pin_list>
<bind>
<opcode="icmp(45) " fcode="icmp"/>
<opset="icmp_ln31/1 "/>
</bind>
</comp>

<comp id="98" class="1004" name="add_ln31_fu_98">
<pin_list>
<pin id="99" dir="0" index="0" bw="11" slack="0"/>
<pin id="100" dir="0" index="1" bw="1" slack="0"/>
<pin id="101" dir="1" index="2" bw="11" slack="0"/>
</pin_list>
<bind>
<opcode="add(8) " fcode="add"/>
<opset="add_ln31/1 "/>
</bind>
</comp>

<comp id="104" class="1004" name="store_ln31_store_fu_104">
<pin_list>
<pin id="105" dir="0" index="0" bw="11" slack="0"/>
<pin id="106" dir="0" index="1" bw="11" slack="0"/>
<pin id="107" dir="1" index="2" bw="0" slack="2147483647"/>
</pin_list>
<bind>
<opcode="store(28) " fcode="store"/>
<opset="store_ln31/1 "/>
</bind>
</comp>

<comp id="109" class="1004" name="zext_ln31_fu_109">
<pin_list>
<pin id="110" dir="0" index="0" bw="11" slack="1"/>
<pin id="111" dir="1" index="1" bw="64" slack="0"/>
</pin_list>
<bind>
<opcode="zext(34) " fcode="zext"/>
<opset="zext_ln31/2 "/>
</bind>
</comp>

<comp id="114" class="1005" name="i_reg_114">
<pin_list>
<pin id="115" dir="0" index="0" bw="11" slack="0"/>
<pin id="116" dir="1" index="1" bw="11" slack="0"/>
</pin_list>
<bind>
<opset="i "/>
</bind>
</comp>

<comp id="121" class="1005" name="i_1_reg_121">
<pin_list>
<pin id="122" dir="0" index="0" bw="11" slack="1"/>
<pin id="123" dir="1" index="1" bw="11" slack="1"/>
</pin_list>
<bind>
<opset="i_1 "/>
</bind>
</comp>

</comp_list>

<net_list>
<net id="49"><net_src comp="6" pin="0"/><net_sink comp="46" pin=0"/></net>

<net id="54"><net_src comp="18" pin="0"/><net_sink comp="50" pin=0"/></net>

<net id="55"><net_src comp="0" pin="0"/><net_sink comp="50" pin=1"/></net>

<net id="61"><net_src comp="2" pin="0"/><net_sink comp="56" pin=0"/></net>

<net id="62"><net_src comp="28" pin="0"/><net_sink comp="56" pin=1"/></net>

<net id="68"><net_src comp="44" pin="0"/><net_sink comp="63" pin=1"/></net>

<net id="69"><net_src comp="56" pin="3"/><net_sink comp="63" pin=0"/></net>

<net id="75"><net_src comp="4" pin="0"/><net_sink comp="70" pin=0"/></net>

<net id="76"><net_src comp="28" pin="0"/><net_sink comp="70" pin=1"/></net>

<net id="82"><net_src comp="44" pin="0"/><net_sink comp="77" pin=1"/></net>

<net id="83"><net_src comp="70" pin="3"/><net_sink comp="77" pin=0"/></net>

<net id="88"><net_src comp="20" pin="0"/><net_sink comp="84" pin=0"/></net>

<net id="96"><net_src comp="89" pin="1"/><net_sink comp="92" pin=0"/></net>

<net id="97"><net_src comp="50" pin="2"/><net_sink comp="92" pin=1"/></net>

<net id="102"><net_src comp="89" pin="1"/><net_sink comp="98" pin=0"/></net>

<net id="103"><net_src comp="30" pin="0"/><net_sink comp="98" pin=1"/></net>

<net id="108"><net_src comp="98" pin="2"/><net_sink comp="104" pin=0"/></net>

<net id="112"><net_src comp="109" pin="1"/><net_sink comp="56" pin=2"/></net>

<net id="113"><net_src comp="109" pin="1"/><net_sink comp="70" pin=2"/></net>

<net id="117"><net_src comp="46" pin="1"/><net_sink comp="114" pin=0"/></net>

<net id="118"><net_src comp="114" pin="1"/><net_sink comp="84" pin=1"/></net>

<net id="119"><net_src comp="114" pin="1"/><net_sink comp="89" pin=0"/></net>

<net id="120"><net_src comp="114" pin="1"/><net_sink comp="104" pin=1"/></net>

<net id="124"><net_src comp="89" pin="1"/><net_sink comp="121" pin=0"/></net>

<net id="125"><net_src comp="121" pin="1"/><net_sink comp="109" pin=0"/></net>

</net_list>

</model> 
---------------- Datapath Model END ------------------

* FSMD analyzer results:
  - Output states:
	Port: linebuf0 | {2 }
	Port: linebuf1 | {2 }
 - Input state : 
	Port: sobel_core_Pipeline_VITIS_LOOP_31_1 : empty | {1 }
  - Chain level:
	State 1
		store_ln31 : 1
		i_1 : 1
		icmp_ln31 : 2
		add_ln31 : 2
		br_ln31 : 3
		store_ln31 : 3
	State 2
		linebuf0_addr : 1
		store_ln33 : 2
		linebuf1_addr : 1
		store_ln34 : 2


============================================================
+ Verbose Summary: Datapath Resource usage 
============================================================

* Functional unit list:
|----------|------------------|---------|---------|
| Operation|  Functional Unit |    FF   |   LUT   |
|----------|------------------|---------|---------|
|   icmp   |  icmp_ln31_fu_92 |    0    |    12   |
|----------|------------------|---------|---------|
|    add   |  add_ln31_fu_98  |    0    |    12   |
|----------|------------------|---------|---------|
|   read   |  tmp_read_fu_50  |    0    |    0    |
|----------|------------------|---------|---------|
|   zext   | zext_ln31_fu_109 |    0    |    0    |
|----------|------------------|---------|---------|
|   Total  |                  |    0    |    24   |
|----------|------------------|---------|---------|

Memories:
N/A

* Register list:
+-----------+--------+
|           |   FF   |
+-----------+--------+
|i_1_reg_121|   11   |
| i_reg_114 |   11   |
+-----------+--------+
|   Total   |   22   |
+-----------+--------+

* Multiplexer (MUX) list: 
|--------|------|------|------|--------|
|  Comp  |  Pin | Size |  BW  | S x BW |
|--------|------|------|------|--------|
|  Total |      |      |      |    0   |
|--------|------|------|------|--------|



* Summary:
+-----------+--------+--------+
|           |   FF   |   LUT  |
+-----------+--------+--------+
|  Function |    0   |   24   |
|   Memory  |    -   |    -   |
|Multiplexer|    -   |    -   |
|  Register |   22   |    -   |
+-----------+--------+--------+
|   Total   |   22   |   24   |
+-----------+--------+--------+
