================================================================
== Design Size Report
================================================================

* Total Instructions per Compilation Phase
+---------------+----------------------------+--------------+----------------------------------------------------------------------------------------+
| Phase         | Step                       | Instructions | Description                                                                            |
+---------------+----------------------------+--------------+----------------------------------------------------------------------------------------+
| Compile/Link  |                            | 1,091        | After all functions are compiled and linked into a single design                       |
|               |                            |              |                                                                                        |
| Unroll/Inline |                            |              | After user unroll and inline pragmas are applied                                       |
|               | (1) unroll                 |   397        | user unroll pragmas are applied                                                        |
|               | (2) simplification         |   292        | simplification of applied user unroll pragmas                                          |
|               | (3) inline                 |   287        | user inline pragmas are applied                                                        |
|               | (4) simplification         |   254        | simplification of applied user inline pragmas                                          |
|               |                            |              |                                                                                        |
| Array/Struct  |                            |              | After user array partition and struct aggregate/disaggregate pragmas are applied       |
|               | (1) array partition        |   289        | user array partition pragmas are applied                                               |
|               | (2) simplification         |   236        | simplification of applied user array partition & struct aggregate/disaggregate pragmas |
|               | (3) aggregate/disaggregate |   236        | user struct aggregate/disaggregate pragmas are applied                                 |
|               | (4) array reshape          |   235        | apply array reshape pragmas                                                            |
|               | (5) access patterns        |   295        | array access pattern optmizations                                                      |
|               |                            |              |                                                                                        |
| Performance   |                            |              | After transformations are applied to meet performance pragma targets                   |
|               | (1) loop simplification    |   294        | loop and instruction simplification                                                    |
|               | (2) parallelization        |   265        | loops are unrolled or pipelined to meet performance targets                            |
|               | (3) array partition        |   232        | arrays are partitioned to meet performance targets                                     |
|               | (4) simplification         |   232        | simplification of design after performance transformations                             |
|               |                            |              |                                                                                        |
| HW Transforms |                            |              | After hardware transfomations                                                          |
|               | (1) lowering               |   212        | initial conversion to HW specific instructions                                         |
|               | (2) optimizations          |   163        | high level synthesis optimizations                                                     |
+---------------+----------------------------+--------------+----------------------------------------------------------------------------------------+

* Instructions per Function for each Compilation Phase
+----------------------+------------------------+----------------+---------------+--------------+-------------+---------------+
| Function             | Location               | Compile/Link   | Unroll/Inline | Array/Struct | Performance | HW Transforms |
+----------------------+------------------------+----------------+---------------+--------------+-------------+---------------+
| + sobel_top          | sobel_top.cpp:3        | 1,091          | 254           | 295          | 232         | 163           |
|  + sobel_core        | sobel_core.cpp:15      | 1,082          | 247           | 274          | 211         | 135           |
|     window_generator | window_generator.cpp:3 |   63           |               |              |             |               |
|     iabs_int         | sobel_core.cpp:10      |   14 (2 calls) |               |              |             |               |
|     clip_u8          | sobel_core.cpp:3       |   27           |               |              |             |               |
+----------------------+------------------------+----------------+---------------+--------------+-------------+---------------+

* Design Size Message Settings
+---------------------------------------------+--------+------------------------------------------------------------------+
| Message Setting                             | Value  | Description                                                      |
+---------------------------------------------+--------+------------------------------------------------------------------+
| config_compile -design_size_maximum_warning | 100000 | Show a warning when total design instructions exceeds this value |
+---------------------------------------------+--------+------------------------------------------------------------------+


