

================================================================
== Vitis HLS Report for 'sobel_core_Pipeline_VITIS_LOOP_47_4'
================================================================
* Date:           Thu Apr 23 17:21:12 2026

* Version:        2025.2 (Build 6295257 on Nov 12 2025)
* Project:        sobel_top
* Solution:       hls (Vivado IP Flow Target)
* Product family: zynq
* Target device:  xc7z020-clg400-1


================================================================
== Performance Estimates
================================================================
+ Timing: 
    * Summary: 
    +--------+---------+----------+------------+
    |  Clock |  Target | Estimated| Uncertainty|
    +--------+---------+----------+------------+
    |ap_clk  |  4.00 ns|  5.431 ns|     1.08 ns|
    +--------+---------+----------+------------+

+ Latency: 
    * Summary: 
    +---------+---------+----------+----------+-----+-----+-------------------+
    |  Latency (cycles) |  Latency (absolute) |  Interval |      Pipeline     |
    |   min   |   max   |    min   |    max   | min | max |        Type       |
    +---------+---------+----------+----------+-----+-----+-------------------+
    |       36|        ?|  0.196 us|         ?|    0|    0|  loop pipeline stp|
    +---------+---------+----------+----------+-----+-----+-------------------+

    + Detail: 
        * Instance: 
        N/A

        * Loop: 
        +-------------------+---------+---------+----------+-----------+-----------+-------+----------+
        |                   |  Latency (cycles) | Iteration|  Initiation Interval  |  Trip |          |
        |     Loop Name     |   min   |   max   |  Latency |  achieved |   target  | Count | Pipelined|
        +-------------------+---------+---------+----------+-----------+-----------+-------+----------+
        |- VITIS_LOOP_47_4  |       34|        ?|        35|          1|          1|  1 ~ ?|       yes|
        +-------------------+---------+---------+----------+-----------+-----------+-------+----------+



================================================================
== Utilization Estimates
================================================================
* Summary: 
+-----------------+---------+-----+--------+-------+-----+
|       Name      | BRAM_18K| DSP |   FF   |  LUT  | URAM|
+-----------------+---------+-----+--------+-------+-----+
|DSP              |        -|    -|       -|      -|    -|
|Expression       |        -|    -|       0|    410|    -|
|FIFO             |        -|    -|       -|      -|    -|
|Instance         |        -|    -|    1837|   1092|    -|
|Memory           |        -|    -|       -|      -|    -|
|Multiplexer      |        -|    -|       0|    144|    -|
|Register         |        -|    -|     992|    256|    -|
+-----------------+---------+-----+--------+-------+-----+
|Total            |        0|    0|    2829|   1902|    0|
+-----------------+---------+-----+--------+-------+-----+
|Available        |      280|  220|  106400|  53200|    0|
+-----------------+---------+-----+--------+-------+-----+
|Utilization (%)  |        0|    0|       2|      3|    0|
+-----------------+---------+-----+--------+-------+-----+

+ Detail: 
    * Instance: 
    +---------------------------+------------------------+---------+----+------+-----+-----+
    |          Instance         |         Module         | BRAM_18K| DSP|  FF  | LUT | URAM|
    +---------------------------+------------------------+---------+----+------+-----+-----+
    |icmp_64ns_64ns_1_2_1_U5    |icmp_64ns_64ns_1_2_1    |        0|   0|   292|   68|    0|
    |icmp_64ns_64ns_1_2_1_U6    |icmp_64ns_64ns_1_2_1    |        0|   0|   292|   68|    0|
    |urem_22ns_11ns_22_26_1_U4  |urem_22ns_11ns_22_26_1  |        0|   0|  1253|  956|    0|
    +---------------------------+------------------------+---------+----+------+-----+-----+
    |Total                      |                        |        0|   0|  1837| 1092|    0|
    +---------------------------+------------------------+---------+----+------+-----+-----+

    * DSP: 
    N/A

    * Memory: 
    N/A

    * FIFO: 
    N/A

    * Expression: 
    +-----------------------------------------+----------+----+---+----+------------+------------+
    |              Variable Name              | Operation| DSP| FF| LUT| Bitwidth P0| Bitwidth P1|
    +-----------------------------------------+----------+----+---+----+------------+------------+
    |add_ln64_fu_493_p2                       |         +|   0|  0|  14|           9|           9|
    |add_ln65_fu_580_p2                       |         +|   0|  0|  12|          11|          11|
    |add_ln69_1_fu_620_p2                     |         +|   0|  0|  12|          11|          11|
    |add_ln69_fu_614_p2                       |         +|   0|  0|  12|          11|          11|
    |add_ln71_fu_712_p2                       |         +|   0|  0|  13|          10|          10|
    |gx_fu_586_p2                             |         +|   0|  0|  12|          11|          11|
    |idx_2_fu_332_p2                          |         +|   0|  0|  29|          22|           1|
    |mag_fu_686_p2                            |         +|   0|  0|  12|          11|          11|
    |gy_fu_626_p2                             |         -|   0|  0|  12|          11|          11|
    |sub_ln12_1_fu_671_p2                     |         -|   0|  0|  13|           1|          10|
    |sub_ln12_fu_656_p2                       |         -|   0|  0|  13|           1|          10|
    |sub_ln64_fu_570_p2                       |         -|   0|  0|  13|          10|          10|
    |sub_ln68_fu_513_p2                       |         -|   0|  0|  14|           9|           9|
    |tmp3_fu_507_p2                           |         -|   0|  0|  14|           9|           9|
    |tmp_fu_487_p2                            |         -|   0|  0|  14|           9|           9|
    |and_ln61_fu_707_p2                       |       and|   0|  0|   2|           1|           1|
    |ap_block_state28_pp0_stage0_iter27_grp1  |       and|   0|  0|   2|           1|           1|
    |icmp_ln47_fu_326_p2                      |      icmp|   0|  0|  29|          22|          22|
    |icmp_ln61_1_fu_420_p2                    |      icmp|   0|  0|  12|          11|           1|
    |icmp_ln61_fu_358_p2                      |      icmp|   0|  0|  29|          22|          22|
    |icmp_ln6_fu_716_p2                       |      icmp|   0|  0|  11|           3|           1|
    |icmp_ln81_fu_363_p2                      |      icmp|   0|  0|  29|          22|           1|
    |icmp_ln84_fu_368_p2                      |      icmp|   0|  0|  29|          22|          22|
    |ap_block_pp0_stage0_00001_grp1           |        or|   0|  0|   2|           1|           1|
    |out_pix_fu_725_p3                        |    select|   0|  0|   8|           1|           2|
    |out_stream_TDATA                         |    select|   0|  0|   8|           1|           8|
    |reuse_select56_fu_461_p3                 |    select|   0|  0|   8|           1|           8|
    |reuse_select_fu_428_p3                   |    select|   0|  0|   8|           1|           8|
    |select_ln12_1_fu_676_p3                  |    select|   0|  0|  10|           1|          10|
    |select_ln12_fu_661_p3                    |    select|   0|  0|  10|           1|          10|
    |ap_enable_pp0                            |       xor|   0|  0|   2|           1|           2|
    |xor_ln61_fu_702_p2                       |       xor|   0|  0|   2|           1|           2|
    +-----------------------------------------+----------+----+---+----+------------+------------+
    |Total                                    |          |   0|  0| 410|         259|         265|
    +-----------------------------------------+----------+----+---+----+------------+------------+

    * Multiplexer: 
    +--------------------------+----+-----------+-----+-----------+
    |           Name           | LUT| Input Size| Bits| Total Bits|
    +--------------------------+----+-----------+-----+-----------+
    |ap_done_int               |   9|          2|    1|          2|
    |ap_enable_reg_pp0_iter32  |   9|          2|    1|          2|
    |ap_sig_allocacmp_idx_1    |   9|          2|   22|         44|
    |idx_fu_140                |   9|          2|   22|         44|
    |in_stream_TDATA_blk_n     |   9|          2|    1|          2|
    |out_stream_TDATA_blk_n    |   9|          2|    1|          2|
    |p_0_0_0152282_fu_164      |   9|          2|    8|         16|
    |p_0_0_0153281_fu_152      |   9|          2|    8|         16|
    |p_0_0_0154280_fu_160      |   9|          2|    8|         16|
    |p_0_0_0155279_fu_148      |   9|          2|    8|         16|
    |p_0_0_0156278_fu_156      |   9|          2|    8|         16|
    |p_0_0_0157277_fu_144      |   9|          2|    8|         16|
    |reuse_addr_reg52_fu_124   |   9|          2|   64|        128|
    |reuse_addr_reg_fu_132     |   9|          2|   64|        128|
    |reuse_reg51_fu_128        |   9|          2|    8|         16|
    |reuse_reg_fu_136          |   9|          2|    8|         16|
    +--------------------------+----+-----------+-----+-----------+
    |Total                     | 144|         32|  240|        480|
    +--------------------------+----+-----------+-----+-----------+

    * Register: 
    +-------------------------------------+----+----+-----+-----------+
    |                 Name                | FF | LUT| Bits| Const Bits|
    +-------------------------------------+----+----+-----+-----------+
    |add_ln64_reg_937                     |   9|   0|    9|          0|
    |addr_cmp55_reg_910                   |   1|   0|    1|          0|
    |addr_cmp_reg_915                     |   1|   0|    1|          0|
    |ap_CS_fsm                            |   1|   0|    1|          0|
    |ap_done_reg                          |   1|   0|    1|          0|
    |ap_enable_reg_pp0_iter1              |   1|   0|    1|          0|
    |ap_enable_reg_pp0_iter10             |   1|   0|    1|          0|
    |ap_enable_reg_pp0_iter11             |   1|   0|    1|          0|
    |ap_enable_reg_pp0_iter12             |   1|   0|    1|          0|
    |ap_enable_reg_pp0_iter13             |   1|   0|    1|          0|
    |ap_enable_reg_pp0_iter14             |   1|   0|    1|          0|
    |ap_enable_reg_pp0_iter15             |   1|   0|    1|          0|
    |ap_enable_reg_pp0_iter16             |   1|   0|    1|          0|
    |ap_enable_reg_pp0_iter17             |   1|   0|    1|          0|
    |ap_enable_reg_pp0_iter18             |   1|   0|    1|          0|
    |ap_enable_reg_pp0_iter19             |   1|   0|    1|          0|
    |ap_enable_reg_pp0_iter2              |   1|   0|    1|          0|
    |ap_enable_reg_pp0_iter20             |   1|   0|    1|          0|
    |ap_enable_reg_pp0_iter21             |   1|   0|    1|          0|
    |ap_enable_reg_pp0_iter22             |   1|   0|    1|          0|
    |ap_enable_reg_pp0_iter23             |   1|   0|    1|          0|
    |ap_enable_reg_pp0_iter24             |   1|   0|    1|          0|
    |ap_enable_reg_pp0_iter25             |   1|   0|    1|          0|
    |ap_enable_reg_pp0_iter26             |   1|   0|    1|          0|
    |ap_enable_reg_pp0_iter27             |   1|   0|    1|          0|
    |ap_enable_reg_pp0_iter28             |   1|   0|    1|          0|
    |ap_enable_reg_pp0_iter29             |   1|   0|    1|          0|
    |ap_enable_reg_pp0_iter3              |   1|   0|    1|          0|
    |ap_enable_reg_pp0_iter30             |   1|   0|    1|          0|
    |ap_enable_reg_pp0_iter31             |   1|   0|    1|          0|
    |ap_enable_reg_pp0_iter32             |   1|   0|    1|          0|
    |ap_enable_reg_pp0_iter33             |   1|   0|    1|          0|
    |ap_enable_reg_pp0_iter34             |   1|   0|    1|          0|
    |ap_enable_reg_pp0_iter4              |   1|   0|    1|          0|
    |ap_enable_reg_pp0_iter5              |   1|   0|    1|          0|
    |ap_enable_reg_pp0_iter6              |   1|   0|    1|          0|
    |ap_enable_reg_pp0_iter7              |   1|   0|    1|          0|
    |ap_enable_reg_pp0_iter8              |   1|   0|    1|          0|
    |ap_enable_reg_pp0_iter9              |   1|   0|    1|          0|
    |ap_loop_exit_ready_pp0_iter10_reg    |   1|   0|    1|          0|
    |ap_loop_exit_ready_pp0_iter11_reg    |   1|   0|    1|          0|
    |ap_loop_exit_ready_pp0_iter12_reg    |   1|   0|    1|          0|
    |ap_loop_exit_ready_pp0_iter13_reg    |   1|   0|    1|          0|
    |ap_loop_exit_ready_pp0_iter14_reg    |   1|   0|    1|          0|
    |ap_loop_exit_ready_pp0_iter15_reg    |   1|   0|    1|          0|
    |ap_loop_exit_ready_pp0_iter16_reg    |   1|   0|    1|          0|
    |ap_loop_exit_ready_pp0_iter17_reg    |   1|   0|    1|          0|
    |ap_loop_exit_ready_pp0_iter18_reg    |   1|   0|    1|          0|
    |ap_loop_exit_ready_pp0_iter19_reg    |   1|   0|    1|          0|
    |ap_loop_exit_ready_pp0_iter1_reg     |   1|   0|    1|          0|
    |ap_loop_exit_ready_pp0_iter20_reg    |   1|   0|    1|          0|
    |ap_loop_exit_ready_pp0_iter21_reg    |   1|   0|    1|          0|
    |ap_loop_exit_ready_pp0_iter22_reg    |   1|   0|    1|          0|
    |ap_loop_exit_ready_pp0_iter23_reg    |   1|   0|    1|          0|
    |ap_loop_exit_ready_pp0_iter24_reg    |   1|   0|    1|          0|
    |ap_loop_exit_ready_pp0_iter25_reg    |   1|   0|    1|          0|
    |ap_loop_exit_ready_pp0_iter26_reg    |   1|   0|    1|          0|
    |ap_loop_exit_ready_pp0_iter27_reg    |   1|   0|    1|          0|
    |ap_loop_exit_ready_pp0_iter28_reg    |   1|   0|    1|          0|
    |ap_loop_exit_ready_pp0_iter29_reg    |   1|   0|    1|          0|
    |ap_loop_exit_ready_pp0_iter2_reg     |   1|   0|    1|          0|
    |ap_loop_exit_ready_pp0_iter30_reg    |   1|   0|    1|          0|
    |ap_loop_exit_ready_pp0_iter31_reg    |   1|   0|    1|          0|
    |ap_loop_exit_ready_pp0_iter32_reg    |   1|   0|    1|          0|
    |ap_loop_exit_ready_pp0_iter33_reg    |   1|   0|    1|          0|
    |ap_loop_exit_ready_pp0_iter3_reg     |   1|   0|    1|          0|
    |ap_loop_exit_ready_pp0_iter4_reg     |   1|   0|    1|          0|
    |ap_loop_exit_ready_pp0_iter5_reg     |   1|   0|    1|          0|
    |ap_loop_exit_ready_pp0_iter6_reg     |   1|   0|    1|          0|
    |ap_loop_exit_ready_pp0_iter7_reg     |   1|   0|    1|          0|
    |ap_loop_exit_ready_pp0_iter8_reg     |   1|   0|    1|          0|
    |ap_loop_exit_ready_pp0_iter9_reg     |   1|   0|    1|          0|
    |col_reg_861                          |  22|   0|   22|          0|
    |icmp_ln47_reg_842                    |   1|   0|    1|          0|
    |icmp_ln61_1_reg_905                  |   1|   0|    1|          0|
    |icmp_ln61_reg_846                    |   1|   0|    1|          0|
    |icmp_ln81_reg_851                    |   1|   0|    1|          0|
    |icmp_ln84_reg_856                    |   1|   0|    1|          0|
    |idx_1_reg_834                        |  22|   0|   22|          0|
    |idx_fu_140                           |  22|   0|   22|          0|
    |in_pkt_data_reg_871                  |   8|   0|    8|          0|
    |linebuf0_addr_reg_885                |  11|   0|   11|          0|
    |p_0_0_0152282_fu_164                 |   8|   0|    8|          0|
    |p_0_0_0153281_fu_152                 |   8|   0|    8|          0|
    |p_0_0_0154280_fu_160                 |   8|   0|    8|          0|
    |p_0_0_0155279_fu_148                 |   8|   0|    8|          0|
    |p_0_0_0156278_fu_156                 |   8|   0|    8|          0|
    |p_0_0_0157277_fu_144                 |   8|   0|    8|          0|
    |reuse_addr_reg52_fu_124              |  64|   0|   64|          0|
    |reuse_addr_reg_fu_132                |  64|   0|   64|          0|
    |reuse_reg51_fu_128                   |   8|   0|    8|          0|
    |reuse_reg_fu_136                     |   8|   0|    8|          0|
    |reuse_select56_reg_927               |   8|   0|    8|          0|
    |reuse_select_reg_920                 |   8|   0|    8|          0|
    |reuse_select_reg_920_pp0_iter30_reg  |   8|   0|    8|          0|
    |select_ln12_1_reg_979                |  10|   0|   10|          0|
    |select_ln12_reg_974                  |  10|   0|   10|          0|
    |sub_ln68_reg_947                     |   9|   0|    9|          0|
    |tmp3_reg_942                         |   9|   0|    9|          0|
    |tmp_4_reg_866                        |  11|   0|   11|          0|
    |tmp_5_reg_964                        |   1|   0|    1|          0|
    |tmp_6_reg_969                        |   1|   0|    1|          0|
    |tmp_7_reg_984                        |   3|   0|    3|          0|
    |tmp_reg_932                          |   9|   0|    9|          0|
    |trunc_ln62_reg_952                   |  10|   0|   10|          0|
    |trunc_ln67_reg_958                   |  10|   0|   10|          0|
    |width_cast_reg_829                   |  11|   0|   22|         11|
    |addr_cmp55_reg_910                   |  64|  32|    1|          0|
    |icmp_ln47_reg_842                    |  64|  32|    1|          0|
    |icmp_ln61_1_reg_905                  |  64|  32|    1|          0|
    |icmp_ln61_reg_846                    |  64|  32|    1|          0|
    |icmp_ln81_reg_851                    |  64|  32|    1|          0|
    |icmp_ln84_reg_856                    |  64|  32|    1|          0|
    |in_pkt_data_reg_871                  |  64|  32|    8|          0|
    |linebuf0_addr_reg_885                |  64|  32|   11|          0|
    +-------------------------------------+----+----+-----+-----------+
    |Total                                | 992| 256|  516|         11|
    +-------------------------------------+----+----+-----+-----------+



================================================================
== Interface
================================================================
* Summary: 
+-------------------+-----+-----+------------+-------------------------------------+--------------+
|     RTL Ports     | Dir | Bits|  Protocol  |            Source Object            |    C Type    |
+-------------------+-----+-----+------------+-------------------------------------+--------------+
|ap_clk             |   in|    1|  ap_ctrl_hs|  sobel_core_Pipeline_VITIS_LOOP_47_4|  return value|
|ap_rst             |   in|    1|  ap_ctrl_hs|  sobel_core_Pipeline_VITIS_LOOP_47_4|  return value|
|ap_start           |   in|    1|  ap_ctrl_hs|  sobel_core_Pipeline_VITIS_LOOP_47_4|  return value|
|ap_done            |  out|    1|  ap_ctrl_hs|  sobel_core_Pipeline_VITIS_LOOP_47_4|  return value|
|ap_idle            |  out|    1|  ap_ctrl_hs|  sobel_core_Pipeline_VITIS_LOOP_47_4|  return value|
|ap_ready           |  out|    1|  ap_ctrl_hs|  sobel_core_Pipeline_VITIS_LOOP_47_4|  return value|
|in_stream_TVALID   |   in|    1|        axis|                   in_stream_V_data_V|       pointer|
|in_stream_TDATA    |   in|    8|        axis|                   in_stream_V_data_V|       pointer|
|out_stream_TREADY  |   in|    1|        axis|                  out_stream_V_data_V|       pointer|
|out_stream_TDATA   |  out|    8|        axis|                  out_stream_V_data_V|       pointer|
|total              |   in|   22|     ap_none|                                total|        scalar|
|width              |   in|   11|     ap_none|                                width|        scalar|
|in_stream_TREADY   |  out|    1|        axis|                   in_stream_V_dest_V|       pointer|
|in_stream_TDEST    |   in|    1|        axis|                   in_stream_V_dest_V|       pointer|
|in_stream_TKEEP    |   in|    1|        axis|                   in_stream_V_keep_V|       pointer|
|in_stream_TSTRB    |   in|    1|        axis|                   in_stream_V_strb_V|       pointer|
|in_stream_TUSER    |   in|    1|        axis|                   in_stream_V_user_V|       pointer|
|in_stream_TLAST    |   in|    1|        axis|                   in_stream_V_last_V|       pointer|
|in_stream_TID      |   in|    1|        axis|                     in_stream_V_id_V|       pointer|
|linebuf0_address0  |  out|   11|   ap_memory|                             linebuf0|         array|
|linebuf0_ce0       |  out|    1|   ap_memory|                             linebuf0|         array|
|linebuf0_we0       |  out|    1|   ap_memory|                             linebuf0|         array|
|linebuf0_d0        |  out|    8|   ap_memory|                             linebuf0|         array|
|linebuf0_q0        |   in|    8|   ap_memory|                             linebuf0|         array|
|linebuf1_address0  |  out|   11|   ap_memory|                             linebuf1|         array|
|linebuf1_ce0       |  out|    1|   ap_memory|                             linebuf1|         array|
|linebuf1_we0       |  out|    1|   ap_memory|                             linebuf1|         array|
|linebuf1_d0        |  out|    8|   ap_memory|                             linebuf1|         array|
|linebuf1_q0        |   in|    8|   ap_memory|                             linebuf1|         array|
|empty              |   in|   11|     ap_none|                                empty|        scalar|
|add_ln84           |   in|   22|     ap_none|                             add_ln84|        scalar|
|out_stream_TVALID  |  out|    1|        axis|                  out_stream_V_dest_V|       pointer|
|out_stream_TDEST   |  out|    1|        axis|                  out_stream_V_dest_V|       pointer|
|out_stream_TKEEP   |  out|    1|        axis|                  out_stream_V_keep_V|       pointer|
|out_stream_TSTRB   |  out|    1|        axis|                  out_stream_V_strb_V|       pointer|
|out_stream_TUSER   |  out|    1|        axis|                  out_stream_V_user_V|       pointer|
|out_stream_TLAST   |  out|    1|        axis|                  out_stream_V_last_V|       pointer|
|out_stream_TID     |  out|    1|        axis|                    out_stream_V_id_V|       pointer|
+-------------------+-----+-----+------------+-------------------------------------+--------------+

