

================================================================
== Vitis HLS Report for 'sobel_core_Pipeline_VITIS_LOOP_31_1'
================================================================
* Date:           Thu Apr 23 17:21:11 2026

* Version:        2025.2 (Build 6295257 on Nov 12 2025)
* Project:        sobel_top
* Solution:       hls (Vivado IP Flow Target)
* Product family: zynq
* Target device:  xc7z020-clg400-1


================================================================
== Performance Estimates
================================================================
+ Timing: 
    * Summary: 
    +--------+---------+----------+------------+
    |  Clock |  Target | Estimated| Uncertainty|
    +--------+---------+----------+------------+
    |ap_clk  |  4.00 ns|  4.815 ns|     1.08 ns|
    +--------+---------+----------+------------+

+ Latency: 
    * Summary: 
    +---------+---------+-----------+----------+-----+-----+-------------------+
    |  Latency (cycles) |  Latency (absolute)  |  Interval |      Pipeline     |
    |   min   |   max   |    min    |    max   | min | max |        Type       |
    +---------+---------+-----------+----------+-----+-----+-------------------+
    |        3|     1922|  14.445 ns|  9.254 us|    0|    0|  loop pipeline stp|
    +---------+---------+-----------+----------+-----+-----+-------------------+

    + Detail: 
        * Instance: 
        N/A

        * Loop: 
        +-------------------+---------+---------+----------+-----------+-----------+----------+----------+
        |                   |  Latency (cycles) | Iteration|  Initiation Interval  |   Trip   |          |
        |     Loop Name     |   min   |   max   |  Latency |  achieved |   target  |   Count  | Pipelined|
        +-------------------+---------+---------+----------+-----------+-----------+----------+----------+
        |- VITIS_LOOP_31_1  |        1|     1920|         2|          1|          1|  1 ~ 1920|       yes|
        +-------------------+---------+---------+----------+-----------+-----------+----------+----------+



================================================================
== Utilization Estimates
================================================================
* Summary: 
+-----------------+---------+-----+--------+-------+-----+
|       Name      | BRAM_18K| DSP |   FF   |  LUT  | URAM|
+-----------------+---------+-----+--------+-------+-----+
|DSP              |        -|    -|       -|      -|    -|
|Expression       |        -|    -|       0|     26|    -|
|FIFO             |        -|    -|       -|      -|    -|
|Instance         |        -|    -|       -|      -|    -|
|Memory           |        -|    -|       -|      -|    -|
|Multiplexer      |        -|    -|       0|     36|    -|
|Register         |        -|    -|      25|      -|    -|
+-----------------+---------+-----+--------+-------+-----+
|Total            |        0|    0|      25|     62|    0|
+-----------------+---------+-----+--------+-------+-----+
|Available        |      280|  220|  106400|  53200|    0|
+-----------------+---------+-----+--------+-------+-----+
|Utilization (%)  |        0|    0|      ~0|     ~0|    0|
+-----------------+---------+-----+--------+-------+-----+

+ Detail: 
    * Instance: 
    N/A

    * DSP: 
    N/A

    * Memory: 
    N/A

    * FIFO: 
    N/A

    * Expression: 
    +--------------------+----------+----+---+----+------------+------------+
    |    Variable Name   | Operation| DSP| FF| LUT| Bitwidth P0| Bitwidth P1|
    +--------------------+----------+----+---+----+------------+------------+
    |add_ln31_fu_98_p2   |         +|   0|  0|  12|          11|           1|
    |icmp_ln31_fu_92_p2  |      icmp|   0|  0|  12|          11|          11|
    |ap_enable_pp0       |       xor|   0|  0|   2|           1|           2|
    +--------------------+----------+----+---+----+------------+------------+
    |Total               |          |   0|  0|  26|          23|          14|
    +--------------------+----------+----+---+----+------------+------------+

    * Multiplexer: 
    +-------------------------+----+-----------+-----+-----------+
    |           Name          | LUT| Input Size| Bits| Total Bits|
    +-------------------------+----+-----------+-----+-----------+
    |ap_done_int              |   9|          2|    1|          2|
    |ap_enable_reg_pp0_iter1  |   9|          2|    1|          2|
    |ap_sig_allocacmp_i_1     |   9|          2|   11|         22|
    |i_fu_46                  |   9|          2|   11|         22|
    +-------------------------+----+-----------+-----+-----------+
    |Total                    |  36|          8|   24|         48|
    +-------------------------+----+-----------+-----+-----------+

    * Register: 
    +-------------------------+----+----+-----+-----------+
    |           Name          | FF | LUT| Bits| Const Bits|
    +-------------------------+----+----+-----+-----------+
    |ap_CS_fsm                |   1|   0|    1|          0|
    |ap_done_reg              |   1|   0|    1|          0|
    |ap_enable_reg_pp0_iter1  |   1|   0|    1|          0|
    |i_1_reg_121              |  11|   0|   11|          0|
    |i_fu_46                  |  11|   0|   11|          0|
    +-------------------------+----+----+-----+-----------+
    |Total                    |  25|   0|   25|          0|
    +-------------------------+----+----+-----+-----------+



================================================================
== Interface
================================================================
* Summary: 
+-------------------+-----+-----+------------+-------------------------------------+--------------+
|     RTL Ports     | Dir | Bits|  Protocol  |            Source Object            |    C Type    |
+-------------------+-----+-----+------------+-------------------------------------+--------------+
|ap_clk             |   in|    1|  ap_ctrl_hs|  sobel_core_Pipeline_VITIS_LOOP_31_1|  return value|
|ap_rst             |   in|    1|  ap_ctrl_hs|  sobel_core_Pipeline_VITIS_LOOP_31_1|  return value|
|ap_start           |   in|    1|  ap_ctrl_hs|  sobel_core_Pipeline_VITIS_LOOP_31_1|  return value|
|ap_done            |  out|    1|  ap_ctrl_hs|  sobel_core_Pipeline_VITIS_LOOP_31_1|  return value|
|ap_idle            |  out|    1|  ap_ctrl_hs|  sobel_core_Pipeline_VITIS_LOOP_31_1|  return value|
|ap_ready           |  out|    1|  ap_ctrl_hs|  sobel_core_Pipeline_VITIS_LOOP_31_1|  return value|
|empty              |   in|   11|     ap_none|                                empty|        scalar|
|linebuf0_address0  |  out|   11|   ap_memory|                             linebuf0|         array|
|linebuf0_ce0       |  out|    1|   ap_memory|                             linebuf0|         array|
|linebuf0_we0       |  out|    1|   ap_memory|                             linebuf0|         array|
|linebuf0_d0        |  out|    8|   ap_memory|                             linebuf0|         array|
|linebuf1_address0  |  out|   11|   ap_memory|                             linebuf1|         array|
|linebuf1_ce0       |  out|    1|   ap_memory|                             linebuf1|         array|
|linebuf1_we0       |  out|    1|   ap_memory|                             linebuf1|         array|
|linebuf1_d0        |  out|    8|   ap_memory|                             linebuf1|         array|
+-------------------+-----+-----+------------+-------------------------------------+--------------+

