

================================================================
== Synthesis Summary Report of 'sobel_top'
================================================================
+ General Information: 
    * Date:           Thu Apr 23 17:21:13 2026
    * Version:        2025.2 (Build 6295257 on Nov 12 2025)
    * Project:        sobel_top
    * Solution:       hls (Vivado IP Flow Target)
    * Product family: zynq
    * Target device:  xc7z020-clg400-1
    

* Performance & Resource Estimates: 
+-----------------------------------------+--------+---------------+----------+---------+------+----------+---------+-----------+-------+---------+--------+-----------+-----------+-----+
|                 Modules                 |  Issue |               | Iteration|         | Trip |          |       Latency       |       |         |        |           |           |     |
|                 & Loops                 |  Type  | Violation Type|  Latency | Interval| Count| Pipelined| (cycles)|    (ns)   | Slack |  BRAM   |   DSP  |     FF    |    LUT    | URAM|
+-----------------------------------------+--------+---------------+----------+---------+------+----------+---------+-----------+-------+---------+--------+-----------+-----------+-----+
|+ sobel_top                              |  Timing|              -|         -|        -|     -|        no|        -|          -|  -2.51|  2 (~0%)|  3 (1%)|  3351 (3%)|  2672 (5%)|    -|
| + sobel_core                            |  Timing|              -|         -|        -|     -|        no|        -|          -|  -2.51|  2 (~0%)|  3 (1%)|  3156 (2%)|  2405 (4%)|    -|
|  + sobel_core_Pipeline_VITIS_LOOP_31_1  |  Timing|              -|         -|        -|     -|       yes|     1922|  9.254e+03|  -1.90|        -|       -|   25 (~0%)|   62 (~0%)|    -|
|   o VITIS_LOOP_31_1                     |       -|              -|         2|        1|  1920|       yes|     1920|  9.245e+03|   2.92|        -|       -|          -|          -|    -|
|  + sobel_core_Pipeline_VITIS_LOOP_47_4  |  Timing|              -|         -|        -|     -|       yes|        -|          -|  -2.51|        -|       -|  2829 (2%)|  1904 (3%)|    -|
|   o VITIS_LOOP_47_4                     |       -|              -|        35|        1|     -|       yes|        -|          -|   2.92|        -|       -|          -|          -|    -|
+-----------------------------------------+--------+---------------+----------+---------+------+----------+---------+-----------+-------+---------+--------+-----------+-----------+-----+
    Name Prefix: '+' for module, 'o' for loop, '*' for dataflow


================================================================
== HW Interfaces
================================================================
* S_AXILITE Interfaces
+------------+------------+---------------+--------+----------+
| Interface  | Data Width | Address Width | Offset | Register |
+------------+------------+---------------+--------+----------+
| s_axi_CTRL | 32         | 5             | 16     | 0        |
+------------+------------+---------------+--------+----------+

* S_AXILITE Registers
+------------+----------+--------+-------+--------+----------------------------------+----------------------------------------------------------------------+
| Interface  | Register | Offset | Width | Access | Description                      | Bit Fields                                                           |
+------------+----------+--------+-------+--------+----------------------------------+----------------------------------------------------------------------+
| s_axi_CTRL | CTRL     | 0x00   | 32    | RW     | Control signals                  | 0=AP_START 1=AP_DONE 2=AP_IDLE 3=AP_READY 7=AUTO_RESTART 9=INTERRUPT |
| s_axi_CTRL | GIER     | 0x04   | 32    | RW     | Global Interrupt Enable Register | 0=Enable                                                             |
| s_axi_CTRL | IP_IER   | 0x08   | 32    | RW     | IP Interrupt Enable Register     | 0=CHAN0_INT_EN 1=CHAN1_INT_EN                                        |
| s_axi_CTRL | IP_ISR   | 0x0c   | 32    | RW     | IP Interrupt Status Register     | 0=CHAN0_INT_ST 1=CHAN1_INT_ST                                        |
| s_axi_CTRL | width    | 0x10   | 32    | W      | Data signal of width             |                                                                      |
| s_axi_CTRL | height   | 0x18   | 32    | W      | Data signal of height            |                                                                      |
+------------+----------+--------+-------+--------+----------------------------------+----------------------------------------------------------------------+

* AXIS
+------------+-----------+---------------+-------+-------+-----+-------+-------+--------+-------+-------+--------+
| Interface  | Direction | Register Mode | TDATA | TDEST | TID | TKEEP | TLAST | TREADY | TSTRB | TUSER | TVALID |
+------------+-----------+---------------+-------+-------+-----+-------+-------+--------+-------+-------+--------+
| in_stream  | in        | both          | 8     | 1     | 1   | 1     | 1     | 1      | 1     | 1     | 1      |
| out_stream | out       | both          | 8     | 1     | 1   | 1     | 1     | 1      | 1     | 1     | 1      |
+------------+-----------+---------------+-------+-------+-----+-------+-------+--------+-------+-------+--------+

* TOP LEVEL CONTROL
+-----------+------------+-----------+
| Interface | Type       | Ports     |
+-----------+------------+-----------+
| ap_clk    | clock      | ap_clk    |
| ap_rst_n  | reset      | ap_rst_n  |
| interrupt | interrupt  | interrupt |
| ap_ctrl   | ap_ctrl_hs |           |
+-----------+------------+-----------+


================================================================
== SW I/O Information
================================================================
* Top Function Arguments
+------------+-----------+-----------------------------------------------------------------------------+
| Argument   | Direction | Datatype                                                                    |
+------------+-----------+-----------------------------------------------------------------------------+
| in_stream  | in        | stream<hls::axis<ap_uint<8>, 1UL, 1UL, 1UL, (unsigned char)'8', false>, 0>& |
| out_stream | out       | stream<hls::axis<ap_uint<8>, 1UL, 1UL, 1UL, (unsigned char)'8', false>, 0>& |
| width      | in        | int                                                                         |
| height     | in        | int                                                                         |
+------------+-----------+-----------------------------------------------------------------------------+

* SW-to-HW Mapping
+------------+--------------+-----------+----------------------------------+
| Argument   | HW Interface | HW Type   | HW Info                          |
+------------+--------------+-----------+----------------------------------+
| in_stream  | in_stream    | interface |                                  |
| out_stream | out_stream   | interface |                                  |
| width      | s_axi_CTRL   | register  | name=width offset=0x10 range=32  |
| height     | s_axi_CTRL   | register  | name=height offset=0x18 range=32 |
+------------+--------------+-----------+----------------------------------+


================================================================
== Bind Op Report
================================================================
+-----------------------------------------+-----+--------+----------------+--------+----------+---------+
| Name                                    | DSP | Pragma | Variable       | Op     | Impl     | Latency |
+-----------------------------------------+-----+--------+----------------+--------+----------+---------+
| + sobel_top                             | 3   |        |                |        |          |         |
|  + sobel_core                           | 3   |        |                |        |          |         |
|    icmp_ln19_fu_147_p2                  |     |        | icmp_ln19      | setlt  | auto     | 0       |
|    icmp_ln19_1_fu_153_p2                |     |        | icmp_ln19_1    | setlt  | auto     | 0       |
|    or_ln19_fu_159_p2                    |     |        | or_ln19        | or     | auto     | 0       |
|    icmp_ln20_fu_163_p2                  |     |        | icmp_ln20      | setgt  | auto     | 0       |
|    icmp_ln20_1_fu_168_p2                |     |        | icmp_ln20_1    | setgt  | auto     | 0       |
|    or_ln20_fu_173_p2                    |     |        | or_ln20        | or     | auto     | 0       |
|    mul_32s_32s_32_5_1_U29               | 3   |        | total          | mul    | auto     | 4       |
|    add_ln84_fu_181_p2                   |     |        | add_ln84       | add    | fabric   | 0       |
|   + sobel_core_Pipeline_VITIS_LOOP_31_1 | 0   |        |                |        |          |         |
|     icmp_ln31_fu_92_p2                  |     |        | icmp_ln31      | seteq  | auto     | 0       |
|     add_ln31_fu_98_p2                   |     |        | add_ln31       | add    | fabric   | 0       |
|   + sobel_core_Pipeline_VITIS_LOOP_47_4 | 0   |        |                |        |          |         |
|     icmp_ln47_fu_326_p2                 |     |        | icmp_ln47      | setlt  | auto     | 0       |
|     idx_2_fu_332_p2                     |     |        | idx_2          | add    | fabric   | 0       |
|     urem_22ns_11ns_22_26_1_U4           |     |        | col            | urem   | auto     | 25      |
|     icmp_64ns_64ns_1_2_1_U5             |     |        | addr_cmp55     | seteq  | auto     | 1       |
|     reuse_select56_fu_461_p3            |     |        | reuse_select56 | select | auto_sel | 0       |
|     icmp_64ns_64ns_1_2_1_U6             |     |        | addr_cmp       | seteq  | auto     | 1       |
|     reuse_select_fu_428_p3              |     |        | reuse_select   | select | auto_sel | 0       |
|     icmp_ln61_fu_358_p2                 |     |        | icmp_ln61      | setlt  | auto     | 0       |
|     xor_ln61_fu_702_p2                  |     |        | xor_ln61       | xor    | auto     | 0       |
|     icmp_ln61_1_fu_420_p2               |     |        | icmp_ln61_1    | setgt  | auto     | 0       |
|     and_ln61_fu_707_p2                  |     |        | and_ln61       | and    | auto     | 0       |
|     tmp_fu_487_p2                       |     |        | tmp            | sub    | fabric   | 0       |
|     add_ln64_fu_493_p2                  |     |        | add_ln64       | add    | fabric   | 0       |
|     sub_ln64_fu_570_p2                  |     |        | sub_ln64       | sub    | fabric   | 0       |
|     add_ln65_fu_580_p2                  |     |        | add_ln65       | add    | fabric   | 0       |
|     gx_fu_586_p2                        |     |        | gx             | add    | fabric   | 0       |
|     tmp3_fu_507_p2                      |     |        | tmp3           | sub    | fabric   | 0       |
|     sub_ln68_fu_513_p2                  |     |        | sub_ln68       | sub    | fabric   | 0       |
|     add_ln69_fu_614_p2                  |     |        | add_ln69       | add    | fabric   | 0       |
|     add_ln69_1_fu_620_p2                |     |        | add_ln69_1     | add    | fabric   | 0       |
|     gy_fu_626_p2                        |     |        | gy             | sub    | fabric   | 0       |
|     sub_ln12_fu_656_p2                  |     |        | sub_ln12       | sub    | fabric   | 0       |
|     select_ln12_fu_661_p3               |     |        | select_ln12    | select | auto_sel | 0       |
|     sub_ln12_1_fu_671_p2                |     |        | sub_ln12_1     | sub    | fabric   | 0       |
|     select_ln12_1_fu_676_p3             |     |        | select_ln12_1  | select | auto_sel | 0       |
|     add_ln71_fu_712_p2                  |     |        | add_ln71       | add    | fabric   | 0       |
|     mag_fu_686_p2                       |     |        | mag            | add    | fabric   | 0       |
|     icmp_ln6_fu_716_p2                  |     |        | icmp_ln6       | setne  | auto     | 0       |
|     out_pix_fu_725_p3                   |     |        | out_pix        | select | auto_sel | 0       |
|     out_stream_TDATA                    |     |        | out_pix_1      | select | auto_sel | 0       |
|     icmp_ln81_fu_363_p2                 |     |        | icmp_ln81      | seteq  | auto     | 0       |
|     icmp_ln84_fu_368_p2                 |     |        | icmp_ln84      | seteq  | auto     | 0       |
+-----------------------------------------+-----+--------+----------------+--------+----------+---------+


================================================================
== Storage Report
================================================================
+----------------+--------------+-----------+------+------+--------+----------+------+---------+------------------+
| Name           | Usage        | Type      | BRAM | URAM | Pragma | Variable | Impl | Latency | Bitwidth, Depth, |
|                |              |           |      |      |        |          |      |         | Banks            |
+----------------+--------------+-----------+------+------+--------+----------+------+---------+------------------+
| + sobel_top    |              |           | 2    | 0    |        |          |      |         |                  |
|   CTRL_s_axi_U | interface    | s_axilite |      |      |        |          |      |         |                  |
|  + sobel_core  |              |           | 2    | 0    |        |          |      |         |                  |
|    linebuf0_U  | ram_1p array |           | 1    |      | yes    | linebuf0 | bram | 1       | 8, 1920, 1       |
|    linebuf1_U  | ram_1p array |           | 1    |      | yes    | linebuf1 | bram | 1       | 8, 1920, 1       |
+----------------+--------------+-----------+------+------+--------+----------+------+---------+------------------+


================================================================
== Pragma Report
================================================================
* Inferred Pragmas
+----------+---------+---------------------------------------------------------------------------------------------+-------------------------------+
| Type     | Options | Location                                                                                    | Inferred From                 |
+----------+---------+---------------------------------------------------------------------------------------------+-------------------------------+
| PIPELINE |         | loop VITIS_LOOP_38_2 (../src/sobel_core.cpp:38:22) in sobel_core (../src/sobel_core.cpp:38) | syn.compile.pipeline_loops=64 |
+----------+---------+---------------------------------------------------------------------------------------------+-------------------------------+

* Valid Pragma Syntax
+-----------------+-----------------------------------------+-----------------------------------------------------+
| Type            | Options                                 | Location                                            |
+-----------------+-----------------------------------------+-----------------------------------------------------+
| INLINE          |                                         | in clip_u8 (../src/sobel_core.cpp:4)                |
| INLINE          |                                         | in iabs_int (../src/sobel_core.cpp:11)              |
| BIND_STORAGE    | variable=linebuf0 type=ram_1p impl=bram | in sobel_core (../src/sobel_core.cpp:24)            |
| BIND_STORAGE    | variable=linebuf1 type=ram_1p impl=bram | in sobel_core (../src/sobel_core.cpp:25)            |
| ARRAY_PARTITION | variable=window complete dim=0          | in sobel_core (../src/sobel_core.cpp:28)            |
| PIPELINE        | ii=1                                    | in sobel_core (../src/sobel_core.cpp:32)            |
| UNROLL          |                                         | in sobel_core (../src/sobel_core.cpp:40)            |
| PIPELINE        | ii=1                                    | in sobel_core (../src/sobel_core.cpp:48)            |
| INTERFACE       | axis port=in_stream                     | in sobel_top (../src/sobel_top.cpp:7)               |
| INTERFACE       | axis port=out_stream                    | in sobel_top (../src/sobel_top.cpp:8)               |
| INTERFACE       | s_axilite port=width bundle=CTRL        | in sobel_top (../src/sobel_top.cpp:10)              |
| INTERFACE       | s_axilite port=height bundle=CTRL       | in sobel_top (../src/sobel_top.cpp:11)              |
| INTERFACE       | s_axilite port=return bundle=CTRL       | in sobel_top (../src/sobel_top.cpp:12)              |
| INLINE          |                                         | in window_generator (../src/window_generator.cpp:8) |
+-----------------+-----------------------------------------+-----------------------------------------------------+


