
*** Running vivado
    with args -log design_1_wrapper.vds -m64 -product Vivado -mode batch -messageDb vivado.pb -notrace -source design_1_wrapper.tcl



****** Vivado v2025.2 (64-bit)
  **** SW Build 6299465 on Fri Nov 14 19:35:11 GMT 2025
  **** IP Build 6300035 on Fri Nov 14 10:48:45 MST 2025
  **** SharedData Build 6298862 on Thu Nov 13 04:50:51 MST 2025
  **** Start of session at: Sun Apr 26 17:25:10 2026
    ** Copyright 1986-2022 Xilinx, Inc. All Rights Reserved.
    ** Copyright 2022-2025 Advanced Micro Devices, Inc. All Rights Reserved.

source design_1_wrapper.tcl -notrace
create_project: Time (s): cpu = 00:00:17 ; elapsed = 00:00:14 . Memory (MB): peak = 542.652 ; gain = 220.477
INFO: [IP_Flow 19-234] Refreshing IP repositories
INFO: [IP_Flow 19-1700] Loaded user IP repository 'c:/Users/57778/Desktop/sobel/sobel/sobel_top/hls/impl/ip'.
INFO: [IP_Flow 19-2313] Loaded Vivado IP repository 'C:/AMDDesignTools/2025.2/Vivado/data/ip'.
add_files: Time (s): cpu = 00:00:08 ; elapsed = 00:00:10 . Memory (MB): peak = 580.922 ; gain = 34.297
Command: read_checkpoint -auto_incremental -incremental C:/Users/57778/Desktop/sobel/sobel_pynz2/sobel_pynz2.srcs/utils_1/imports/synth_1/design_1_wrapper.dcp
INFO: [Vivado 12-5825] Read reference checkpoint from C:/Users/57778/Desktop/sobel/sobel_pynz2/sobel_pynz2.srcs/utils_1/imports/synth_1/design_1_wrapper.dcp for incremental synthesis
INFO: [Vivado 12-7989] Please ensure there are no constraint changes
Command: synth_design -top design_1_wrapper -part xc7z020clg400-1
Starting synth_design
Attempting to get a license for feature 'Synthesis' and/or device 'xc7z020'
INFO: [Common 17-349] Got license for feature 'Synthesis' and/or device 'xc7z020'
INFO: [Device 21-403] Loading part xc7z020clg400-1
INFO: [Designutils 20-5440] No compile time benefit to using incremental synthesis; A full resynthesis will be run
INFO: [Designutils 20-4379] Flow is switching to default flow due to incremental criteria not met. If you would like to alter this behaviour and have the flow terminate instead, please set the following parameter config_implementation {autoIncr.Synth.RejectBehavior Terminate}
INFO: [Synth 8-7079] Multithreading enabled for synth_design using a maximum of 2 processes.
INFO: [Synth 8-7078] Launching helper process for spawning children vivado processes
INFO: [Synth 8-7075] Helper process launched with PID 16236
---------------------------------------------------------------------------------
Starting RTL Elaboration : Time (s): cpu = 00:00:10 ; elapsed = 00:00:11 . Memory (MB): peak = 1376.336 ; gain = 543.582
---------------------------------------------------------------------------------
INFO: [Synth 8-6157] synthesizing module 'design_1_wrapper' [c:/Users/57778/Desktop/sobel/sobel_pynz2/sobel_pynz2.gen/sources_1/bd/design_1/hdl/design_1_wrapper.v:13]
INFO: [Synth 8-6157] synthesizing module 'design_1' [c:/Users/57778/Desktop/sobel/sobel_pynz2/sobel_pynz2.gen/sources_1/bd/design_1/synth/design_1.v:13]
INFO: [Synth 8-6157] synthesizing module 'design_1_axi_dma_0_0' [C:/Users/57778/Desktop/sobel/sobel_pynz2/sobel_pynz2.runs/synth_1/.Xil/Vivado-20288-LAPTOP-MG1ABMI7/realtime/design_1_axi_dma_0_0_stub.v:6]
INFO: [Synth 8-6155] done synthesizing module 'design_1_axi_dma_0_0' (0#1) [C:/Users/57778/Desktop/sobel/sobel_pynz2/sobel_pynz2.runs/synth_1/.Xil/Vivado-20288-LAPTOP-MG1ABMI7/realtime/design_1_axi_dma_0_0_stub.v:6]
WARNING: [Synth 8-7071] port 'mm2s_prmry_reset_out_n' of module 'design_1_axi_dma_0_0' is unconnected for instance 'axi_dma_0' [c:/Users/57778/Desktop/sobel/sobel_pynz2/sobel_pynz2.gen/sources_1/bd/design_1/synth/design_1.v:231]
WARNING: [Synth 8-7071] port 's2mm_prmry_reset_out_n' of module 'design_1_axi_dma_0_0' is unconnected for instance 'axi_dma_0' [c:/Users/57778/Desktop/sobel/sobel_pynz2/sobel_pynz2.gen/sources_1/bd/design_1/synth/design_1.v:231]
WARNING: [Synth 8-7071] port 'mm2s_introut' of module 'design_1_axi_dma_0_0' is unconnected for instance 'axi_dma_0' [c:/Users/57778/Desktop/sobel/sobel_pynz2/sobel_pynz2.gen/sources_1/bd/design_1/synth/design_1.v:231]
WARNING: [Synth 8-7071] port 's2mm_introut' of module 'design_1_axi_dma_0_0' is unconnected for instance 'axi_dma_0' [c:/Users/57778/Desktop/sobel/sobel_pynz2/sobel_pynz2.gen/sources_1/bd/design_1/synth/design_1.v:231]
WARNING: [Synth 8-7071] port 'axi_dma_tstvec' of module 'design_1_axi_dma_0_0' is unconnected for instance 'axi_dma_0' [c:/Users/57778/Desktop/sobel/sobel_pynz2/sobel_pynz2.gen/sources_1/bd/design_1/synth/design_1.v:231]
WARNING: [Synth 8-7023] instance 'axi_dma_0' of module 'design_1_axi_dma_0_0' has 64 connections declared, but only 59 given [c:/Users/57778/Desktop/sobel/sobel_pynz2/sobel_pynz2.gen/sources_1/bd/design_1/synth/design_1.v:231]
INFO: [Synth 8-6157] synthesizing module 'design_1_axi_mem_intercon_0' [c:/Users/57778/Desktop/sobel/sobel_pynz2/sobel_pynz2.gen/sources_1/bd/design_1/synth/design_1.v:616]
INFO: [Synth 8-6157] synthesizing module 'm00_couplers_imp_1R706YB' [c:/Users/57778/Desktop/sobel/sobel_pynz2/sobel_pynz2.gen/sources_1/bd/design_1/synth/design_1.v:1385]
INFO: [Synth 8-6155] done synthesizing module 'm00_couplers_imp_1R706YB' (0#1) [c:/Users/57778/Desktop/sobel/sobel_pynz2/sobel_pynz2.gen/sources_1/bd/design_1/synth/design_1.v:1385]
INFO: [Synth 8-6157] synthesizing module 's00_couplers_imp_7HNO1D' [c:/Users/57778/Desktop/sobel/sobel_pynz2/sobel_pynz2.gen/sources_1/bd/design_1/synth/design_1.v:1626]
INFO: [Synth 8-6157] synthesizing module 'design_1_axi_mem_intercon_imp_auto_pc_0' [C:/Users/57778/Desktop/sobel/sobel_pynz2/sobel_pynz2.runs/synth_1/.Xil/Vivado-20288-LAPTOP-MG1ABMI7/realtime/design_1_axi_mem_intercon_imp_auto_pc_0_stub.v:6]
INFO: [Synth 8-6155] done synthesizing module 'design_1_axi_mem_intercon_imp_auto_pc_0' (0#1) [C:/Users/57778/Desktop/sobel/sobel_pynz2/sobel_pynz2.runs/synth_1/.Xil/Vivado-20288-LAPTOP-MG1ABMI7/realtime/design_1_axi_mem_intercon_imp_auto_pc_0_stub.v:6]
INFO: [Synth 8-6157] synthesizing module 'design_1_axi_mem_intercon_imp_auto_us_0' [C:/Users/57778/Desktop/sobel/sobel_pynz2/sobel_pynz2.runs/synth_1/.Xil/Vivado-20288-LAPTOP-MG1ABMI7/realtime/design_1_axi_mem_intercon_imp_auto_us_0_stub.v:6]
INFO: [Synth 8-6155] done synthesizing module 'design_1_axi_mem_intercon_imp_auto_us_0' (0#1) [C:/Users/57778/Desktop/sobel/sobel_pynz2/sobel_pynz2.runs/synth_1/.Xil/Vivado-20288-LAPTOP-MG1ABMI7/realtime/design_1_axi_mem_intercon_imp_auto_us_0_stub.v:6]
INFO: [Synth 8-6155] done synthesizing module 's00_couplers_imp_7HNO1D' (0#1) [c:/Users/57778/Desktop/sobel/sobel_pynz2/sobel_pynz2.gen/sources_1/bd/design_1/synth/design_1.v:1626]
INFO: [Synth 8-6157] synthesizing module 's01_couplers_imp_1W60HW0' [c:/Users/57778/Desktop/sobel/sobel_pynz2/sobel_pynz2.gen/sources_1/bd/design_1/synth/design_1.v:1807]
INFO: [Synth 8-6157] synthesizing module 'design_1_axi_mem_intercon_imp_auto_pc_1' [C:/Users/57778/Desktop/sobel/sobel_pynz2/sobel_pynz2.runs/synth_1/.Xil/Vivado-20288-LAPTOP-MG1ABMI7/realtime/design_1_axi_mem_intercon_imp_auto_pc_1_stub.v:6]
INFO: [Synth 8-6155] done synthesizing module 'design_1_axi_mem_intercon_imp_auto_pc_1' (0#1) [C:/Users/57778/Desktop/sobel/sobel_pynz2/sobel_pynz2.runs/synth_1/.Xil/Vivado-20288-LAPTOP-MG1ABMI7/realtime/design_1_axi_mem_intercon_imp_auto_pc_1_stub.v:6]
INFO: [Synth 8-6157] synthesizing module 'design_1_axi_mem_intercon_imp_auto_us_1' [C:/Users/57778/Desktop/sobel/sobel_pynz2/sobel_pynz2.runs/synth_1/.Xil/Vivado-20288-LAPTOP-MG1ABMI7/realtime/design_1_axi_mem_intercon_imp_auto_us_1_stub.v:6]
INFO: [Synth 8-6155] done synthesizing module 'design_1_axi_mem_intercon_imp_auto_us_1' (0#1) [C:/Users/57778/Desktop/sobel/sobel_pynz2/sobel_pynz2.runs/synth_1/.Xil/Vivado-20288-LAPTOP-MG1ABMI7/realtime/design_1_axi_mem_intercon_imp_auto_us_1_stub.v:6]
INFO: [Synth 8-6155] done synthesizing module 's01_couplers_imp_1W60HW0' (0#1) [c:/Users/57778/Desktop/sobel/sobel_pynz2/sobel_pynz2.gen/sources_1/bd/design_1/synth/design_1.v:1807]
INFO: [Synth 8-6157] synthesizing module 's02_couplers_imp_8NCF02' [c:/Users/57778/Desktop/sobel/sobel_pynz2/sobel_pynz2.gen/sources_1/bd/design_1/synth/design_1.v:2021]
INFO: [Synth 8-6155] done synthesizing module 's02_couplers_imp_8NCF02' (0#1) [c:/Users/57778/Desktop/sobel/sobel_pynz2/sobel_pynz2.gen/sources_1/bd/design_1/synth/design_1.v:2021]
INFO: [Synth 8-6157] synthesizing module 'design_1_axi_mem_intercon_imp_xbar_0' [C:/Users/57778/Desktop/sobel/sobel_pynz2/sobel_pynz2.runs/synth_1/.Xil/Vivado-20288-LAPTOP-MG1ABMI7/realtime/design_1_axi_mem_intercon_imp_xbar_0_stub.v:6]
INFO: [Synth 8-6155] done synthesizing module 'design_1_axi_mem_intercon_imp_xbar_0' (0#1) [C:/Users/57778/Desktop/sobel/sobel_pynz2/sobel_pynz2.runs/synth_1/.Xil/Vivado-20288-LAPTOP-MG1ABMI7/realtime/design_1_axi_mem_intercon_imp_xbar_0_stub.v:6]
INFO: [Synth 8-6155] done synthesizing module 'design_1_axi_mem_intercon_0' (0#1) [c:/Users/57778/Desktop/sobel/sobel_pynz2/sobel_pynz2.gen/sources_1/bd/design_1/synth/design_1.v:616]
WARNING: [Synth 8-7071] port 'S02_AXI_arready' of module 'design_1_axi_mem_intercon_0' is unconnected for instance 'axi_mem_intercon' [c:/Users/57778/Desktop/sobel/sobel_pynz2/sobel_pynz2.gen/sources_1/bd/design_1/synth/design_1.v:291]
WARNING: [Synth 8-7071] port 'S02_AXI_awready' of module 'design_1_axi_mem_intercon_0' is unconnected for instance 'axi_mem_intercon' [c:/Users/57778/Desktop/sobel/sobel_pynz2/sobel_pynz2.gen/sources_1/bd/design_1/synth/design_1.v:291]
WARNING: [Synth 8-7071] port 'S02_AXI_bid' of module 'design_1_axi_mem_intercon_0' is unconnected for instance 'axi_mem_intercon' [c:/Users/57778/Desktop/sobel/sobel_pynz2/sobel_pynz2.gen/sources_1/bd/design_1/synth/design_1.v:291]
WARNING: [Synth 8-7071] port 'S02_AXI_bresp' of module 'design_1_axi_mem_intercon_0' is unconnected for instance 'axi_mem_intercon' [c:/Users/57778/Desktop/sobel/sobel_pynz2/sobel_pynz2.gen/sources_1/bd/design_1/synth/design_1.v:291]
WARNING: [Synth 8-7071] port 'S02_AXI_bvalid' of module 'design_1_axi_mem_intercon_0' is unconnected for instance 'axi_mem_intercon' [c:/Users/57778/Desktop/sobel/sobel_pynz2/sobel_pynz2.gen/sources_1/bd/design_1/synth/design_1.v:291]
WARNING: [Synth 8-7071] port 'S02_AXI_rdata' of module 'design_1_axi_mem_intercon_0' is unconnected for instance 'axi_mem_intercon' [c:/Users/57778/Desktop/sobel/sobel_pynz2/sobel_pynz2.gen/sources_1/bd/design_1/synth/design_1.v:291]
WARNING: [Synth 8-7071] port 'S02_AXI_rid' of module 'design_1_axi_mem_intercon_0' is unconnected for instance 'axi_mem_intercon' [c:/Users/57778/Desktop/sobel/sobel_pynz2/sobel_pynz2.gen/sources_1/bd/design_1/synth/design_1.v:291]
WARNING: [Synth 8-7071] port 'S02_AXI_rlast' of module 'design_1_axi_mem_intercon_0' is unconnected for instance 'axi_mem_intercon' [c:/Users/57778/Desktop/sobel/sobel_pynz2/sobel_pynz2.gen/sources_1/bd/design_1/synth/design_1.v:291]
WARNING: [Synth 8-7071] port 'S02_AXI_rresp' of module 'design_1_axi_mem_intercon_0' is unconnected for instance 'axi_mem_intercon' [c:/Users/57778/Desktop/sobel/sobel_pynz2/sobel_pynz2.gen/sources_1/bd/design_1/synth/design_1.v:291]
WARNING: [Synth 8-7071] port 'S02_AXI_rvalid' of module 'design_1_axi_mem_intercon_0' is unconnected for instance 'axi_mem_intercon' [c:/Users/57778/Desktop/sobel/sobel_pynz2/sobel_pynz2.gen/sources_1/bd/design_1/synth/design_1.v:291]
WARNING: [Synth 8-7071] port 'S02_AXI_wready' of module 'design_1_axi_mem_intercon_0' is unconnected for instance 'axi_mem_intercon' [c:/Users/57778/Desktop/sobel/sobel_pynz2/sobel_pynz2.gen/sources_1/bd/design_1/synth/design_1.v:291]
WARNING: [Synth 8-7023] instance 'axi_mem_intercon' of module 'design_1_axi_mem_intercon_0' has 114 connections declared, but only 103 given [c:/Users/57778/Desktop/sobel/sobel_pynz2/sobel_pynz2.gen/sources_1/bd/design_1/synth/design_1.v:291]
INFO: [Synth 8-6157] synthesizing module 'design_1_axi_smc_0' [C:/Users/57778/Desktop/sobel/sobel_pynz2/sobel_pynz2.runs/synth_1/.Xil/Vivado-20288-LAPTOP-MG1ABMI7/realtime/design_1_axi_smc_0_stub.v:6]
INFO: [Synth 8-6155] done synthesizing module 'design_1_axi_smc_0' (0#1) [C:/Users/57778/Desktop/sobel/sobel_pynz2/sobel_pynz2.runs/synth_1/.Xil/Vivado-20288-LAPTOP-MG1ABMI7/realtime/design_1_axi_smc_0_stub.v:6]
WARNING: [Synth 8-7071] port 'M00_AXI_awprot' of module 'design_1_axi_smc_0' is unconnected for instance 'axi_smc' [c:/Users/57778/Desktop/sobel/sobel_pynz2/sobel_pynz2.gen/sources_1/bd/design_1/synth/design_1.v:395]
WARNING: [Synth 8-7071] port 'M00_AXI_arprot' of module 'design_1_axi_smc_0' is unconnected for instance 'axi_smc' [c:/Users/57778/Desktop/sobel/sobel_pynz2/sobel_pynz2.gen/sources_1/bd/design_1/synth/design_1.v:395]
WARNING: [Synth 8-7071] port 'M01_AXI_awprot' of module 'design_1_axi_smc_0' is unconnected for instance 'axi_smc' [c:/Users/57778/Desktop/sobel/sobel_pynz2/sobel_pynz2.gen/sources_1/bd/design_1/synth/design_1.v:395]
WARNING: [Synth 8-7071] port 'M01_AXI_wstrb' of module 'design_1_axi_smc_0' is unconnected for instance 'axi_smc' [c:/Users/57778/Desktop/sobel/sobel_pynz2/sobel_pynz2.gen/sources_1/bd/design_1/synth/design_1.v:395]
WARNING: [Synth 8-7071] port 'M01_AXI_arprot' of module 'design_1_axi_smc_0' is unconnected for instance 'axi_smc' [c:/Users/57778/Desktop/sobel/sobel_pynz2/sobel_pynz2.gen/sources_1/bd/design_1/synth/design_1.v:395]
WARNING: [Synth 8-7023] instance 'axi_smc' of module 'design_1_axi_smc_0' has 78 connections declared, but only 73 given [c:/Users/57778/Desktop/sobel/sobel_pynz2/sobel_pynz2.gen/sources_1/bd/design_1/synth/design_1.v:395]
INFO: [Synth 8-6157] synthesizing module 'design_1_processing_system7_0_0' [C:/Users/57778/Desktop/sobel/sobel_pynz2/sobel_pynz2.runs/synth_1/.Xil/Vivado-20288-LAPTOP-MG1ABMI7/realtime/design_1_processing_system7_0_0_stub.v:6]
INFO: [Synth 8-6155] done synthesizing module 'design_1_processing_system7_0_0' (0#1) [C:/Users/57778/Desktop/sobel/sobel_pynz2/sobel_pynz2.runs/synth_1/.Xil/Vivado-20288-LAPTOP-MG1ABMI7/realtime/design_1_processing_system7_0_0_stub.v:6]
WARNING: [Synth 8-7071] port 'S_AXI_HP0_RCOUNT' of module 'design_1_processing_system7_0_0' is unconnected for instance 'processing_system7_0' [c:/Users/57778/Desktop/sobel/sobel_pynz2/sobel_pynz2.gen/sources_1/bd/design_1/synth/design_1.v:469]
WARNING: [Synth 8-7071] port 'S_AXI_HP0_WCOUNT' of module 'design_1_processing_system7_0_0' is unconnected for instance 'processing_system7_0' [c:/Users/57778/Desktop/sobel/sobel_pynz2/sobel_pynz2.gen/sources_1/bd/design_1/synth/design_1.v:469]
WARNING: [Synth 8-7071] port 'S_AXI_HP0_RACOUNT' of module 'design_1_processing_system7_0_0' is unconnected for instance 'processing_system7_0' [c:/Users/57778/Desktop/sobel/sobel_pynz2/sobel_pynz2.gen/sources_1/bd/design_1/synth/design_1.v:469]
WARNING: [Synth 8-7071] port 'S_AXI_HP0_WACOUNT' of module 'design_1_processing_system7_0_0' is unconnected for instance 'processing_system7_0' [c:/Users/57778/Desktop/sobel/sobel_pynz2/sobel_pynz2.gen/sources_1/bd/design_1/synth/design_1.v:469]
WARNING: [Synth 8-7023] instance 'processing_system7_0' of module 'design_1_processing_system7_0_0' has 107 connections declared, but only 103 given [c:/Users/57778/Desktop/sobel/sobel_pynz2/sobel_pynz2.gen/sources_1/bd/design_1/synth/design_1.v:469]
INFO: [Synth 8-6157] synthesizing module 'design_1_rst_ps7_0_50M_0' [C:/Users/57778/Desktop/sobel/sobel_pynz2/sobel_pynz2.runs/synth_1/.Xil/Vivado-20288-LAPTOP-MG1ABMI7/realtime/design_1_rst_ps7_0_50M_0_stub.v:6]
INFO: [Synth 8-6155] done synthesizing module 'design_1_rst_ps7_0_50M_0' (0#1) [C:/Users/57778/Desktop/sobel/sobel_pynz2/sobel_pynz2.runs/synth_1/.Xil/Vivado-20288-LAPTOP-MG1ABMI7/realtime/design_1_rst_ps7_0_50M_0_stub.v:6]
WARNING: [Synth 8-7071] port 'mb_reset' of module 'design_1_rst_ps7_0_50M_0' is unconnected for instance 'rst_ps7_0_50M' [c:/Users/57778/Desktop/sobel/sobel_pynz2/sobel_pynz2.gen/sources_1/bd/design_1/synth/design_1.v:573]
WARNING: [Synth 8-7071] port 'bus_struct_reset' of module 'design_1_rst_ps7_0_50M_0' is unconnected for instance 'rst_ps7_0_50M' [c:/Users/57778/Desktop/sobel/sobel_pynz2/sobel_pynz2.gen/sources_1/bd/design_1/synth/design_1.v:573]
WARNING: [Synth 8-7071] port 'peripheral_reset' of module 'design_1_rst_ps7_0_50M_0' is unconnected for instance 'rst_ps7_0_50M' [c:/Users/57778/Desktop/sobel/sobel_pynz2/sobel_pynz2.gen/sources_1/bd/design_1/synth/design_1.v:573]
WARNING: [Synth 8-7071] port 'interconnect_aresetn' of module 'design_1_rst_ps7_0_50M_0' is unconnected for instance 'rst_ps7_0_50M' [c:/Users/57778/Desktop/sobel/sobel_pynz2/sobel_pynz2.gen/sources_1/bd/design_1/synth/design_1.v:573]
WARNING: [Synth 8-7023] instance 'rst_ps7_0_50M' of module 'design_1_rst_ps7_0_50M_0' has 10 connections declared, but only 6 given [c:/Users/57778/Desktop/sobel/sobel_pynz2/sobel_pynz2.gen/sources_1/bd/design_1/synth/design_1.v:573]
INFO: [Synth 8-6157] synthesizing module 'design_1_sobel_top_0_0' [C:/Users/57778/Desktop/sobel/sobel_pynz2/sobel_pynz2.runs/synth_1/.Xil/Vivado-20288-LAPTOP-MG1ABMI7/realtime/design_1_sobel_top_0_0_stub.v:6]
INFO: [Synth 8-6155] done synthesizing module 'design_1_sobel_top_0_0' (0#1) [C:/Users/57778/Desktop/sobel/sobel_pynz2/sobel_pynz2.runs/synth_1/.Xil/Vivado-20288-LAPTOP-MG1ABMI7/realtime/design_1_sobel_top_0_0_stub.v:6]
WARNING: [Synth 8-7071] port 'interrupt' of module 'design_1_sobel_top_0_0' is unconnected for instance 'sobel_top_0' [c:/Users/57778/Desktop/sobel/sobel_pynz2/sobel_pynz2.gen/sources_1/bd/design_1/synth/design_1.v:580]
WARNING: [Synth 8-7071] port 'out_stream_TDEST' of module 'design_1_sobel_top_0_0' is unconnected for instance 'sobel_top_0' [c:/Users/57778/Desktop/sobel/sobel_pynz2/sobel_pynz2.gen/sources_1/bd/design_1/synth/design_1.v:580]
WARNING: [Synth 8-7071] port 'out_stream_TID' of module 'design_1_sobel_top_0_0' is unconnected for instance 'sobel_top_0' [c:/Users/57778/Desktop/sobel/sobel_pynz2/sobel_pynz2.gen/sources_1/bd/design_1/synth/design_1.v:580]
WARNING: [Synth 8-7071] port 'out_stream_TSTRB' of module 'design_1_sobel_top_0_0' is unconnected for instance 'sobel_top_0' [c:/Users/57778/Desktop/sobel/sobel_pynz2/sobel_pynz2.gen/sources_1/bd/design_1/synth/design_1.v:580]
WARNING: [Synth 8-7071] port 'out_stream_TUSER' of module 'design_1_sobel_top_0_0' is unconnected for instance 'sobel_top_0' [c:/Users/57778/Desktop/sobel/sobel_pynz2/sobel_pynz2.gen/sources_1/bd/design_1/synth/design_1.v:580]
WARNING: [Synth 8-7023] instance 'sobel_top_0' of module 'design_1_sobel_top_0_0' has 38 connections declared, but only 33 given [c:/Users/57778/Desktop/sobel/sobel_pynz2/sobel_pynz2.gen/sources_1/bd/design_1/synth/design_1.v:580]
INFO: [Synth 8-6155] done synthesizing module 'design_1' (0#1) [c:/Users/57778/Desktop/sobel/sobel_pynz2/sobel_pynz2.gen/sources_1/bd/design_1/synth/design_1.v:13]
INFO: [Synth 8-6155] done synthesizing module 'design_1_wrapper' (0#1) [c:/Users/57778/Desktop/sobel/sobel_pynz2/sobel_pynz2.gen/sources_1/bd/design_1/hdl/design_1_wrapper.v:13]
WARNING: [Synth 8-7129] Port M_ACLK in module s02_couplers_imp_8NCF02 is either unconnected or has no load
WARNING: [Synth 8-7129] Port M_ARESETN in module s02_couplers_imp_8NCF02 is either unconnected or has no load
WARNING: [Synth 8-7129] Port S_ACLK in module s02_couplers_imp_8NCF02 is either unconnected or has no load
WARNING: [Synth 8-7129] Port S_ARESETN in module s02_couplers_imp_8NCF02 is either unconnected or has no load
WARNING: [Synth 8-7129] Port M_ACLK in module s01_couplers_imp_1W60HW0 is either unconnected or has no load
WARNING: [Synth 8-7129] Port M_ARESETN in module s01_couplers_imp_1W60HW0 is either unconnected or has no load
WARNING: [Synth 8-7129] Port M_ACLK in module s00_couplers_imp_7HNO1D is either unconnected or has no load
WARNING: [Synth 8-7129] Port M_ARESETN in module s00_couplers_imp_7HNO1D is either unconnected or has no load
WARNING: [Synth 8-7129] Port M_ACLK in module m00_couplers_imp_1R706YB is either unconnected or has no load
WARNING: [Synth 8-7129] Port M_ARESETN in module m00_couplers_imp_1R706YB is either unconnected or has no load
WARNING: [Synth 8-7129] Port S_ACLK in module m00_couplers_imp_1R706YB is either unconnected or has no load
WARNING: [Synth 8-7129] Port S_ARESETN in module m00_couplers_imp_1R706YB is either unconnected or has no load
WARNING: [Synth 8-7129] Port M00_ACLK in module design_1_axi_mem_intercon_0 is either unconnected or has no load
WARNING: [Synth 8-7129] Port M00_ARESETN in module design_1_axi_mem_intercon_0 is either unconnected or has no load
WARNING: [Synth 8-7129] Port S00_ACLK in module design_1_axi_mem_intercon_0 is either unconnected or has no load
WARNING: [Synth 8-7129] Port S00_ARESETN in module design_1_axi_mem_intercon_0 is either unconnected or has no load
WARNING: [Synth 8-7129] Port S01_ACLK in module design_1_axi_mem_intercon_0 is either unconnected or has no load
WARNING: [Synth 8-7129] Port S01_ARESETN in module design_1_axi_mem_intercon_0 is either unconnected or has no load
WARNING: [Synth 8-7129] Port S02_ACLK in module design_1_axi_mem_intercon_0 is either unconnected or has no load
WARNING: [Synth 8-7129] Port S02_ARESETN in module design_1_axi_mem_intercon_0 is either unconnected or has no load
---------------------------------------------------------------------------------
Finished RTL Elaboration : Time (s): cpu = 00:00:14 ; elapsed = 00:00:16 . Memory (MB): peak = 1506.547 ; gain = 673.793
---------------------------------------------------------------------------------
---------------------------------------------------------------------------------
Start Handling Custom Attributes
---------------------------------------------------------------------------------
---------------------------------------------------------------------------------
Finished Handling Custom Attributes : Time (s): cpu = 00:00:15 ; elapsed = 00:00:16 . Memory (MB): peak = 1506.547 ; gain = 673.793
---------------------------------------------------------------------------------
---------------------------------------------------------------------------------
Finished RTL Optimization Phase 1 : Time (s): cpu = 00:00:15 ; elapsed = 00:00:16 . Memory (MB): peak = 1506.547 ; gain = 673.793
---------------------------------------------------------------------------------
Netlist sorting complete. Time (s): cpu = 00:00:00 ; elapsed = 00:00:00.082 . Memory (MB): peak = 1506.547 ; gain = 0.000
INFO: [Project 1-570] Preparing netlist for logic optimization

Processing XDC Constraints
Initializing timing engine
Parsing XDC File [c:/Users/57778/Desktop/sobel/sobel_pynz2/sobel_pynz2.gen/sources_1/bd/design_1/ip/design_1_processing_system7_0_0/design_1_processing_system7_0_0/design_1_processing_system7_0_0_in_context.xdc] for cell 'design_1_i/processing_system7_0'
Finished Parsing XDC File [c:/Users/57778/Desktop/sobel/sobel_pynz2/sobel_pynz2.gen/sources_1/bd/design_1/ip/design_1_processing_system7_0_0/design_1_processing_system7_0_0/design_1_processing_system7_0_0_in_context.xdc] for cell 'design_1_i/processing_system7_0'
Parsing XDC File [c:/Users/57778/Desktop/sobel/sobel_pynz2/sobel_pynz2.gen/sources_1/bd/design_1/ip/design_1_sobel_top_0_0/design_1_sobel_top_0_0/design_1_sobel_top_0_0_in_context.xdc] for cell 'design_1_i/sobel_top_0'
Finished Parsing XDC File [c:/Users/57778/Desktop/sobel/sobel_pynz2/sobel_pynz2.gen/sources_1/bd/design_1/ip/design_1_sobel_top_0_0/design_1_sobel_top_0_0/design_1_sobel_top_0_0_in_context.xdc] for cell 'design_1_i/sobel_top_0'
Parsing XDC File [c:/Users/57778/Desktop/sobel/sobel_pynz2/sobel_pynz2.gen/sources_1/bd/design_1/ip/design_1_axi_smc_0/design_1_axi_smc_0/design_1_axi_smc_0_in_context.xdc] for cell 'design_1_i/axi_smc'
Finished Parsing XDC File [c:/Users/57778/Desktop/sobel/sobel_pynz2/sobel_pynz2.gen/sources_1/bd/design_1/ip/design_1_axi_smc_0/design_1_axi_smc_0/design_1_axi_smc_0_in_context.xdc] for cell 'design_1_i/axi_smc'
Parsing XDC File [c:/Users/57778/Desktop/sobel/sobel_pynz2/sobel_pynz2.gen/sources_1/bd/design_1/ip/design_1_rst_ps7_0_50M_0/design_1_rst_ps7_0_50M_0/design_1_rst_ps7_0_50M_0_in_context.xdc] for cell 'design_1_i/rst_ps7_0_50M'
Finished Parsing XDC File [c:/Users/57778/Desktop/sobel/sobel_pynz2/sobel_pynz2.gen/sources_1/bd/design_1/ip/design_1_rst_ps7_0_50M_0/design_1_rst_ps7_0_50M_0/design_1_rst_ps7_0_50M_0_in_context.xdc] for cell 'design_1_i/rst_ps7_0_50M'
Parsing XDC File [c:/Users/57778/Desktop/sobel/sobel_pynz2/sobel_pynz2.gen/sources_1/bd/design_1/ip/design_1_axi_dma_0_0/design_1_axi_dma_0_0/design_1_axi_dma_0_0_in_context.xdc] for cell 'design_1_i/axi_dma_0'
Finished Parsing XDC File [c:/Users/57778/Desktop/sobel/sobel_pynz2/sobel_pynz2.gen/sources_1/bd/design_1/ip/design_1_axi_dma_0_0/design_1_axi_dma_0_0/design_1_axi_dma_0_0_in_context.xdc] for cell 'design_1_i/axi_dma_0'
Parsing XDC File [c:/Users/57778/Desktop/sobel/sobel_pynz2/sobel_pynz2.gen/sources_1/bd/design_1/ip/design_1_axi_mem_intercon_imp_xbar_0/design_1_axi_mem_intercon_imp_xbar_0/design_1_axi_mem_intercon_imp_xbar_0_in_context.xdc] for cell 'design_1_i/axi_mem_intercon/xbar'
Finished Parsing XDC File [c:/Users/57778/Desktop/sobel/sobel_pynz2/sobel_pynz2.gen/sources_1/bd/design_1/ip/design_1_axi_mem_intercon_imp_xbar_0/design_1_axi_mem_intercon_imp_xbar_0/design_1_axi_mem_intercon_imp_xbar_0_in_context.xdc] for cell 'design_1_i/axi_mem_intercon/xbar'
Parsing XDC File [c:/Users/57778/Desktop/sobel/sobel_pynz2/sobel_pynz2.gen/sources_1/bd/design_1/ip/design_1_axi_mem_intercon_imp_auto_pc_0/design_1_axi_mem_intercon_imp_auto_pc_0/design_1_axi_mem_intercon_imp_auto_pc_0_in_context.xdc] for cell 'design_1_i/axi_mem_intercon/s00_couplers/auto_pc'
Finished Parsing XDC File [c:/Users/57778/Desktop/sobel/sobel_pynz2/sobel_pynz2.gen/sources_1/bd/design_1/ip/design_1_axi_mem_intercon_imp_auto_pc_0/design_1_axi_mem_intercon_imp_auto_pc_0/design_1_axi_mem_intercon_imp_auto_pc_0_in_context.xdc] for cell 'design_1_i/axi_mem_intercon/s00_couplers/auto_pc'
Parsing XDC File [c:/Users/57778/Desktop/sobel/sobel_pynz2/sobel_pynz2.gen/sources_1/bd/design_1/ip/design_1_axi_mem_intercon_imp_auto_us_0/design_1_axi_mem_intercon_imp_auto_us_0/design_1_axi_mem_intercon_imp_auto_us_0_in_context.xdc] for cell 'design_1_i/axi_mem_intercon/s00_couplers/auto_us'
Finished Parsing XDC File [c:/Users/57778/Desktop/sobel/sobel_pynz2/sobel_pynz2.gen/sources_1/bd/design_1/ip/design_1_axi_mem_intercon_imp_auto_us_0/design_1_axi_mem_intercon_imp_auto_us_0/design_1_axi_mem_intercon_imp_auto_us_0_in_context.xdc] for cell 'design_1_i/axi_mem_intercon/s00_couplers/auto_us'
Parsing XDC File [c:/Users/57778/Desktop/sobel/sobel_pynz2/sobel_pynz2.gen/sources_1/bd/design_1/ip/design_1_axi_mem_intercon_imp_auto_pc_1/design_1_axi_mem_intercon_imp_auto_pc_1/design_1_axi_mem_intercon_imp_auto_pc_1_in_context.xdc] for cell 'design_1_i/axi_mem_intercon/s01_couplers/auto_pc'
Finished Parsing XDC File [c:/Users/57778/Desktop/sobel/sobel_pynz2/sobel_pynz2.gen/sources_1/bd/design_1/ip/design_1_axi_mem_intercon_imp_auto_pc_1/design_1_axi_mem_intercon_imp_auto_pc_1/design_1_axi_mem_intercon_imp_auto_pc_1_in_context.xdc] for cell 'design_1_i/axi_mem_intercon/s01_couplers/auto_pc'
Parsing XDC File [c:/Users/57778/Desktop/sobel/sobel_pynz2/sobel_pynz2.gen/sources_1/bd/design_1/ip/design_1_axi_mem_intercon_imp_auto_us_1/design_1_axi_mem_intercon_imp_auto_us_1/design_1_axi_mem_intercon_imp_auto_us_1_in_context.xdc] for cell 'design_1_i/axi_mem_intercon/s01_couplers/auto_us'
Finished Parsing XDC File [c:/Users/57778/Desktop/sobel/sobel_pynz2/sobel_pynz2.gen/sources_1/bd/design_1/ip/design_1_axi_mem_intercon_imp_auto_us_1/design_1_axi_mem_intercon_imp_auto_us_1/design_1_axi_mem_intercon_imp_auto_us_1_in_context.xdc] for cell 'design_1_i/axi_mem_intercon/s01_couplers/auto_us'
Parsing XDC File [C:/Users/57778/Desktop/sobel/sobel_pynz2/sobel_pynz2.runs/synth_1/dont_touch.xdc]
Finished Parsing XDC File [C:/Users/57778/Desktop/sobel/sobel_pynz2/sobel_pynz2.runs/synth_1/dont_touch.xdc]
Completed Processing XDC Constraints

Netlist sorting complete. Time (s): cpu = 00:00:00 ; elapsed = 00:00:00 . Memory (MB): peak = 1506.547 ; gain = 0.000
INFO: [Project 1-111] Unisim Transformation Summary:
No Unisim elements were transformed.

Constraint Validation Runtime : Time (s): cpu = 00:00:00 ; elapsed = 00:00:00.034 . Memory (MB): peak = 1506.547 ; gain = 0.000
INFO: [Designutils 20-5440] No compile time benefit to using incremental synthesis; A full resynthesis will be run
INFO: [Designutils 20-4379] Flow is switching to default flow due to incremental criteria not met. If you would like to alter this behaviour and have the flow terminate instead, please set the following parameter config_implementation {autoIncr.Synth.RejectBehavior Terminate}
---------------------------------------------------------------------------------
Finished Constraint Validation : Time (s): cpu = 00:00:31 ; elapsed = 00:00:33 . Memory (MB): peak = 1506.547 ; gain = 673.793
---------------------------------------------------------------------------------
---------------------------------------------------------------------------------
Start Loading Part and Timing Information
---------------------------------------------------------------------------------
Loading part: xc7z020clg400-1
---------------------------------------------------------------------------------
Finished Loading Part and Timing Information : Time (s): cpu = 00:00:31 ; elapsed = 00:00:33 . Memory (MB): peak = 1506.547 ; gain = 673.793
---------------------------------------------------------------------------------
---------------------------------------------------------------------------------
Start Applying 'set_property' XDC Constraints
---------------------------------------------------------------------------------
---------------------------------------------------------------------------------
Finished applying 'set_property' XDC Constraints : Time (s): cpu = 00:00:31 ; elapsed = 00:00:34 . Memory (MB): peak = 1506.547 ; gain = 673.793
---------------------------------------------------------------------------------
---------------------------------------------------------------------------------
Finished RTL Optimization Phase 2 : Time (s): cpu = 00:00:31 ; elapsed = 00:00:34 . Memory (MB): peak = 1506.547 ; gain = 673.793
---------------------------------------------------------------------------------
---------------------------------------------------------------------------------
Start RTL Component Statistics 
---------------------------------------------------------------------------------
Detailed RTL Component Info : 
---------------------------------------------------------------------------------
Finished RTL Component Statistics 
---------------------------------------------------------------------------------
---------------------------------------------------------------------------------
Start Part Resource Summary
---------------------------------------------------------------------------------
Part Resources:
DSPs: 220 (col length:60)
BRAMs: 280 (col length: RAMB18 60 RAMB36 30)
---------------------------------------------------------------------------------
Finished Part Resource Summary
---------------------------------------------------------------------------------
---------------------------------------------------------------------------------
Start Cross Boundary and Area Optimization
---------------------------------------------------------------------------------
WARNING: [Synth 8-7129] Port M00_ACLK in module design_1_axi_mem_intercon_0 is either unconnected or has no load
WARNING: [Synth 8-7129] Port M00_ARESETN in module design_1_axi_mem_intercon_0 is either unconnected or has no load
WARNING: [Synth 8-7129] Port M00_AXI_bid[5] in module design_1_axi_mem_intercon_0 is either unconnected or has no load
WARNING: [Synth 8-7129] Port M00_AXI_bid[4] in module design_1_axi_mem_intercon_0 is either unconnected or has no load
WARNING: [Synth 8-7129] Port M00_AXI_bid[3] in module design_1_axi_mem_intercon_0 is either unconnected or has no load
WARNING: [Synth 8-7129] Port M00_AXI_bid[2] in module design_1_axi_mem_intercon_0 is either unconnected or has no load
WARNING: [Synth 8-7129] Port M00_AXI_rid[5] in module design_1_axi_mem_intercon_0 is either unconnected or has no load
WARNING: [Synth 8-7129] Port M00_AXI_rid[4] in module design_1_axi_mem_intercon_0 is either unconnected or has no load
WARNING: [Synth 8-7129] Port M00_AXI_rid[3] in module design_1_axi_mem_intercon_0 is either unconnected or has no load
WARNING: [Synth 8-7129] Port M00_AXI_rid[2] in module design_1_axi_mem_intercon_0 is either unconnected or has no load
WARNING: [Synth 8-7129] Port S00_ACLK in module design_1_axi_mem_intercon_0 is either unconnected or has no load
WARNING: [Synth 8-7129] Port S00_ARESETN in module design_1_axi_mem_intercon_0 is either unconnected or has no load
WARNING: [Synth 8-7129] Port S01_ACLK in module design_1_axi_mem_intercon_0 is either unconnected or has no load
WARNING: [Synth 8-7129] Port S01_ARESETN in module design_1_axi_mem_intercon_0 is either unconnected or has no load
WARNING: [Synth 8-7129] Port S02_ACLK in module design_1_axi_mem_intercon_0 is either unconnected or has no load
WARNING: [Synth 8-7129] Port S02_ARESETN in module design_1_axi_mem_intercon_0 is either unconnected or has no load
---------------------------------------------------------------------------------
Finished Cross Boundary and Area Optimization : Time (s): cpu = 00:00:36 ; elapsed = 00:00:39 . Memory (MB): peak = 1506.547 ; gain = 673.793
---------------------------------------------------------------------------------
---------------------------------------------------------------------------------
Start Applying XDC Timing Constraints
---------------------------------------------------------------------------------
---------------------------------------------------------------------------------
Finished Applying XDC Timing Constraints : Time (s): cpu = 00:00:47 ; elapsed = 00:00:50 . Memory (MB): peak = 1671.348 ; gain = 838.594
---------------------------------------------------------------------------------
---------------------------------------------------------------------------------
Start Timing Optimization
---------------------------------------------------------------------------------
---------------------------------------------------------------------------------
Finished Timing Optimization : Time (s): cpu = 00:00:47 ; elapsed = 00:00:50 . Memory (MB): peak = 1672.195 ; gain = 839.441
---------------------------------------------------------------------------------
---------------------------------------------------------------------------------
Start Technology Mapping
---------------------------------------------------------------------------------
---------------------------------------------------------------------------------
Finished Technology Mapping : Time (s): cpu = 00:00:47 ; elapsed = 00:00:50 . Memory (MB): peak = 1682.453 ; gain = 849.699
---------------------------------------------------------------------------------
---------------------------------------------------------------------------------
Start IO Insertion
---------------------------------------------------------------------------------
---------------------------------------------------------------------------------
Start Flattening Before IO Insertion
---------------------------------------------------------------------------------
---------------------------------------------------------------------------------
Finished Flattening Before IO Insertion
---------------------------------------------------------------------------------
---------------------------------------------------------------------------------
Start Final Netlist Cleanup
---------------------------------------------------------------------------------
---------------------------------------------------------------------------------
Finished Final Netlist Cleanup
---------------------------------------------------------------------------------
---------------------------------------------------------------------------------
Finished IO Insertion : Time (s): cpu = 00:00:56 ; elapsed = 00:00:59 . Memory (MB): peak = 1931.387 ; gain = 1098.633
---------------------------------------------------------------------------------
---------------------------------------------------------------------------------
Start Renaming Generated Instances
---------------------------------------------------------------------------------
---------------------------------------------------------------------------------
Finished Renaming Generated Instances : Time (s): cpu = 00:00:56 ; elapsed = 00:00:59 . Memory (MB): peak = 1931.387 ; gain = 1098.633
---------------------------------------------------------------------------------
---------------------------------------------------------------------------------
Start Rebuilding User Hierarchy
---------------------------------------------------------------------------------
---------------------------------------------------------------------------------
Finished Rebuilding User Hierarchy : Time (s): cpu = 00:00:56 ; elapsed = 00:00:59 . Memory (MB): peak = 1931.387 ; gain = 1098.633
---------------------------------------------------------------------------------
---------------------------------------------------------------------------------
Start Renaming Generated Ports
---------------------------------------------------------------------------------
---------------------------------------------------------------------------------
Finished Renaming Generated Ports : Time (s): cpu = 00:00:56 ; elapsed = 00:01:00 . Memory (MB): peak = 1931.387 ; gain = 1098.633
---------------------------------------------------------------------------------
---------------------------------------------------------------------------------
Start Handling Custom Attributes
---------------------------------------------------------------------------------
---------------------------------------------------------------------------------
Finished Handling Custom Attributes : Time (s): cpu = 00:00:56 ; elapsed = 00:01:00 . Memory (MB): peak = 1931.387 ; gain = 1098.633
---------------------------------------------------------------------------------
---------------------------------------------------------------------------------
Start Renaming Generated Nets
---------------------------------------------------------------------------------
---------------------------------------------------------------------------------
Finished Renaming Generated Nets : Time (s): cpu = 00:00:56 ; elapsed = 00:01:00 . Memory (MB): peak = 1931.387 ; gain = 1098.633
---------------------------------------------------------------------------------
---------------------------------------------------------------------------------
Start Writing Synthesis Report
---------------------------------------------------------------------------------

Report BlackBoxes: 
+------+----------------------------------------+----------+
|      |BlackBox name                           |Instances |
+------+----------------------------------------+----------+
|1     |design_1_axi_dma_0_0                    |         1|
|2     |design_1_axi_mem_intercon_imp_xbar_0    |         1|
|3     |design_1_axi_mem_intercon_imp_auto_pc_0 |         1|
|4     |design_1_axi_mem_intercon_imp_auto_us_0 |         1|
|5     |design_1_axi_mem_intercon_imp_auto_pc_1 |         1|
|6     |design_1_axi_mem_intercon_imp_auto_us_1 |         1|
|7     |design_1_axi_smc_0                      |         1|
|8     |design_1_processing_system7_0_0         |         1|
|9     |design_1_rst_ps7_0_50M_0                |         1|
|10    |design_1_sobel_top_0_0                  |         1|
+------+----------------------------------------+----------+

Report Cell Usage: 
+------+--------------------------------------+------+
|      |Cell                                  |Count |
+------+--------------------------------------+------+
|1     |design_1_axi_dma_0                    |     1|
|2     |design_1_axi_mem_intercon_imp_auto_pc |     2|
|4     |design_1_axi_mem_intercon_imp_auto_us |     2|
|6     |design_1_axi_mem_intercon_imp_xbar    |     1|
|7     |design_1_axi_smc                      |     1|
|8     |design_1_processing_system7_0         |     1|
|9     |design_1_rst_ps7_0_50M                |     1|
|10    |design_1_sobel_top_0                  |     1|
+------+--------------------------------------+------+
---------------------------------------------------------------------------------
Finished Writing Synthesis Report : Time (s): cpu = 00:00:56 ; elapsed = 00:01:00 . Memory (MB): peak = 1931.387 ; gain = 1098.633
---------------------------------------------------------------------------------
Synthesis finished with 0 errors, 0 critical warnings and 16 warnings.
Synthesis Optimization Runtime : Time (s): cpu = 00:00:38 ; elapsed = 00:00:54 . Memory (MB): peak = 1931.387 ; gain = 1098.633
Synthesis Optimization Complete : Time (s): cpu = 00:00:57 ; elapsed = 00:01:00 . Memory (MB): peak = 1931.387 ; gain = 1098.633
INFO: [Project 1-571] Translating synthesized netlist
Netlist sorting complete. Time (s): cpu = 00:00:00 ; elapsed = 00:00:00.078 . Memory (MB): peak = 1931.387 ; gain = 0.000
INFO: [Project 1-570] Preparing netlist for logic optimization
INFO: [Opt 31-138] Pushed 0 inverter(s) to 0 load pin(s).
Netlist sorting complete. Time (s): cpu = 00:00:00 ; elapsed = 00:00:00 . Memory (MB): peak = 1944.117 ; gain = 0.000
INFO: [Project 1-111] Unisim Transformation Summary:
No Unisim elements were transformed.

Synth Design complete | Checksum: 4fd0c04e
INFO: [Common 17-83] Releasing license: Synthesis
55 Infos, 76 Warnings, 0 Critical Warnings and 0 Errors encountered.
synth_design completed successfully
synth_design: Time (s): cpu = 00:01:05 ; elapsed = 00:01:14 . Memory (MB): peak = 1948.137 ; gain = 1347.219
INFO: [Common 17-1381] The checkpoint 'C:/Users/57778/Desktop/sobel/sobel_pynz2/sobel_pynz2.runs/synth_1/design_1_wrapper.dcp' has been generated.
INFO: [Vivado 12-24828] Executing command : report_utilization -file design_1_wrapper_utilization_synth.rpt -pb design_1_wrapper_utilization_synth.pb
INFO: [Common 17-206] Exiting Vivado at Sun Apr 26 17:26:57 2026...
